/home/hilal/ros2_ws/install/last_smooth_controller/lib/python3.10/site-packages/last_smooth_controller/__init__.py
/home/hilal/ros2_ws/install/last_smooth_controller/lib/python3.10/site-packages/last_smooth_controller/smooth_diff_drive_controller.py
/home/hilal/ros2_ws/install/last_smooth_controller/lib/python3.10/site-packages/last_smooth_controller/velocity_filter.py
/home/hilal/ros2_ws/install/last_smooth_controller/lib/python3.10/site-packages/last_smooth_controller/pid_controller.py
/home/hilal/ros2_ws/install/last_smooth_controller/lib/python3.10/site-packages/last_smooth_controller/motion_planner.py
/home/hilal/ros2_ws/install/last_smooth_controller/lib/python3.10/site-packages/last_smooth_controller/scripts/set_initial_pose.py
/home/hilal/ros2_ws/install/last_smooth_controller/lib/python3.10/site-packages/last_smooth_controller/scripts/__init__.py
/home/hilal/ros2_ws/install/last_smooth_controller/lib/python3.10/site-packages/last_smooth_controller/__pycache__/__init__.cpython-310.pyc
/home/hilal/ros2_ws/install/last_smooth_controller/lib/python3.10/site-packages/last_smooth_controller/__pycache__/smooth_diff_drive_controller.cpython-310.pyc
/home/hilal/ros2_ws/install/last_smooth_controller/lib/python3.10/site-packages/last_smooth_controller/__pycache__/velocity_filter.cpython-310.pyc
/home/hilal/ros2_ws/install/last_smooth_controller/lib/python3.10/site-packages/last_smooth_controller/__pycache__/pid_controller.cpython-310.pyc
/home/hilal/ros2_ws/install/last_smooth_controller/lib/python3.10/site-packages/last_smooth_controller/__pycache__/motion_planner.cpython-310.pyc
/home/hilal/ros2_ws/install/last_smooth_controller/lib/python3.10/site-packages/last_smooth_controller/scripts/__pycache__/set_initial_pose.cpython-310.pyc
/home/hilal/ros2_ws/install/last_smooth_controller/lib/python3.10/site-packages/last_smooth_controller/scripts/__pycache__/__init__.cpython-310.pyc
/home/hilal/ros2_ws/install/last_smooth_controller/share/ament_index/resource_index/packages/last_smooth_controller
/home/hilal/ros2_ws/install/last_smooth_controller/share/last_smooth_controller/package.xml
/home/hilal/ros2_ws/install/last_smooth_controller/share/last_smooth_controller/launch/gazebo_slam.launch.py
/home/hilal/ros2_ws/install/last_smooth_controller/share/last_smooth_controller/launch/amcl_localization.launch.py
/home/hilal/ros2_ws/install/last_smooth_controller/share/last_smooth_controller/launch/slam_mapping.launch.py
/home/hilal/ros2_ws/install/last_smooth_controller/share/last_smooth_controller/config/slam_mapping_params.yaml
/home/hilal/ros2_ws/install/last_smooth_controller/share/last_smooth_controller/config/slam_config_advanced.yaml
/home/hilal/ros2_ws/install/last_smooth_controller/share/last_smooth_controller/config/slam_config_simple.yaml
/home/hilal/ros2_ws/install/last_smooth_controller/share/last_smooth_controller/config/smooth_controller_params.yaml
/home/hilal/ros2_ws/install/last_smooth_controller/share/last_smooth_controller/config/amcl_params.yaml
/home/hilal/ros2_ws/install/last_smooth_controller/share/last_smooth_controller/config/cartographer_config.lua
/home/hilal/ros2_ws/install/last_smooth_controller/share/last_smooth_controller/config/slam_rviz.rviz
/home/hilal/ros2_ws/install/last_smooth_controller/share/last_smooth_controller/config/smooth_controller.rviz
/home/hilal/ros2_ws/install/last_smooth_controller/share/last_smooth_controller/config/ekf.yaml
/home/hilal/ros2_ws/install/last_smooth_controller/share/last_smooth_controller/config/slam_config.yaml
/home/hilal/ros2_ws/install/last_smooth_controller/share/last_smooth_controller/maps
/home/hilal/ros2_ws/install/last_smooth_controller/lib/python3.10/site-packages/last_smooth_controller-0.0.0-py3.10.egg-info/PKG-INFO
/home/hilal/ros2_ws/install/last_smooth_controller/lib/python3.10/site-packages/last_smooth_controller-0.0.0-py3.10.egg-info/SOURCES.txt
/home/hilal/ros2_ws/install/last_smooth_controller/lib/python3.10/site-packages/last_smooth_controller-0.0.0-py3.10.egg-info/entry_points.txt
/home/hilal/ros2_ws/install/last_smooth_controller/lib/python3.10/site-packages/last_smooth_controller-0.0.0-py3.10.egg-info/requires.txt
/home/hilal/ros2_ws/install/last_smooth_controller/lib/python3.10/site-packages/last_smooth_controller-0.0.0-py3.10.egg-info/zip-safe
/home/hilal/ros2_ws/install/last_smooth_controller/lib/python3.10/site-packages/last_smooth_controller-0.0.0-py3.10.egg-info/top_level.txt
/home/hilal/ros2_ws/install/last_smooth_controller/lib/python3.10/site-packages/last_smooth_controller-0.0.0-py3.10.egg-info/dependency_links.txt
/home/hilal/ros2_ws/install/last_smooth_controller/lib/last_smooth_controller/set_initial_pose
