-- Install configuration: ""
-- Up-to-date: /home/hilal/ros2_ws/install/rplidar_slam/lib/rplidar_slam/path_tracker.py
-- Up-to-date: /home/hilal/ros2_ws/install/rplidar_slam/share/rplidar_slam/launch
-- Up-to-date: /home/hilal/ros2_ws/install/rplidar_slam/share/rplidar_slam/launch/rplidar_slam.launch.py
-- Up-to-date: /home/hilal/ros2_ws/install/rplidar_slam/share/rplidar_slam/config
-- Up-to-date: /home/hilal/ros2_ws/install/rplidar_slam/share/rplidar_slam/config/rplidar_s2_express.lua
-- Up-to-date: /home/hilal/ros2_ws/install/rplidar_slam/share/rplidar_slam/config/rplidar.rviz
-- Up-to-date: /home/hilal/ros2_ws/install/rplidar_slam/share/rplidar_slam/config/rplidar.lua
-- Up-to-date: /home/hilal/ros2_ws/install/rplidar_slam/share/ament_index/resource_index/package_run_dependencies/rplidar_slam
-- Up-to-date: /home/hilal/ros2_ws/install/rplidar_slam/share/ament_index/resource_index/parent_prefix_path/rplidar_slam
-- Up-to-date: /home/hilal/ros2_ws/install/rplidar_slam/share/rplidar_slam/environment/ament_prefix_path.sh
-- Up-to-date: /home/hilal/ros2_ws/install/rplidar_slam/share/rplidar_slam/environment/ament_prefix_path.dsv
-- Up-to-date: /home/hilal/ros2_ws/install/rplidar_slam/share/rplidar_slam/environment/path.sh
-- Up-to-date: /home/hilal/ros2_ws/install/rplidar_slam/share/rplidar_slam/environment/path.dsv
-- Up-to-date: /home/hilal/ros2_ws/install/rplidar_slam/share/rplidar_slam/local_setup.bash
-- Up-to-date: /home/hilal/ros2_ws/install/rplidar_slam/share/rplidar_slam/local_setup.sh
-- Up-to-date: /home/hilal/ros2_ws/install/rplidar_slam/share/rplidar_slam/local_setup.zsh
-- Up-to-date: /home/hilal/ros2_ws/install/rplidar_slam/share/rplidar_slam/local_setup.dsv
-- Up-to-date: /home/hilal/ros2_ws/install/rplidar_slam/share/rplidar_slam/package.dsv
-- Up-to-date: /home/hilal/ros2_ws/install/rplidar_slam/share/ament_index/resource_index/packages/rplidar_slam
-- Up-to-date: /home/hilal/ros2_ws/install/rplidar_slam/share/rplidar_slam/cmake/rplidar_slamConfig.cmake
-- Up-to-date: /home/hilal/ros2_ws/install/rplidar_slam/share/rplidar_slam/cmake/rplidar_slamConfig-version.cmake
-- Up-to-date: /home/hilal/ros2_ws/install/rplidar_slam/share/rplidar_slam/package.xml
