[0.358s] Invoking command in '/home/hilal/ros2_ws/build/rplidar_slam': CMAKE_PREFIX_PATH=${CMAKE_PREFIX_PATH}:/home/hilal/ros2_ws/install/robotaksi_description:/home/hilal/ros2_ws/install/last_smooth_controller:/home/hilal/ros2_ws/install/last_description:/opt/ros/humble /usr/bin/cmake --build /home/hilal/ros2_ws/build/rplidar_slam -- -j16 -l16
[0.397s] Invoked command in '/home/hilal/ros2_ws/build/rplidar_slam' returned '0': CMAKE_PREFIX_PATH=${CMAKE_PREFIX_PATH}:/home/hilal/ros2_ws/install/robotaksi_description:/home/hilal/ros2_ws/install/last_smooth_controller:/home/hilal/ros2_ws/install/last_description:/opt/ros/humble /usr/bin/cmake --build /home/hilal/ros2_ws/build/rplidar_slam -- -j16 -l16
[0.398s] Invoking command in '/home/hilal/ros2_ws/build/rplidar_slam': CMAKE_PREFIX_PATH=${CMAKE_PREFIX_PATH}:/home/hilal/ros2_ws/install/robotaksi_description:/home/hilal/ros2_ws/install/last_smooth_controller:/home/hilal/ros2_ws/install/last_description:/opt/ros/humble /usr/bin/cmake --install /home/hilal/ros2_ws/build/rplidar_slam
[0.404s] -- Install configuration: ""
[0.404s] -- Up-to-date: /home/hilal/ros2_ws/install/rplidar_slam/lib/rplidar_slam/path_tracker.py
[0.404s] -- Up-to-date: /home/hilal/ros2_ws/install/rplidar_slam/share/rplidar_slam/launch
[0.404s] -- Up-to-date: /home/hilal/ros2_ws/install/rplidar_slam/share/rplidar_slam/launch/rplidar_slam.launch.py
[0.404s] -- Up-to-date: /home/hilal/ros2_ws/install/rplidar_slam/share/rplidar_slam/config
[0.405s] -- Up-to-date: /home/hilal/ros2_ws/install/rplidar_slam/share/rplidar_slam/config/rplidar_s2_express.lua
[0.405s] -- Up-to-date: /home/hilal/ros2_ws/install/rplidar_slam/share/rplidar_slam/config/rplidar.rviz
[0.405s] -- Up-to-date: /home/hilal/ros2_ws/install/rplidar_slam/share/rplidar_slam/config/rplidar.lua
[0.405s] -- Up-to-date: /home/hilal/ros2_ws/install/rplidar_slam/share/ament_index/resource_index/package_run_dependencies/rplidar_slam
[0.405s] -- Up-to-date: /home/hilal/ros2_ws/install/rplidar_slam/share/ament_index/resource_index/parent_prefix_path/rplidar_slam
[0.405s] -- Up-to-date: /home/hilal/ros2_ws/install/rplidar_slam/share/rplidar_slam/environment/ament_prefix_path.sh
[0.405s] -- Up-to-date: /home/hilal/ros2_ws/install/rplidar_slam/share/rplidar_slam/environment/ament_prefix_path.dsv
[0.405s] -- Up-to-date: /home/hilal/ros2_ws/install/rplidar_slam/share/rplidar_slam/environment/path.sh
[0.405s] -- Up-to-date: /home/hilal/ros2_ws/install/rplidar_slam/share/rplidar_slam/environment/path.dsv
[0.405s] -- Up-to-date: /home/hilal/ros2_ws/install/rplidar_slam/share/rplidar_slam/local_setup.bash
[0.405s] -- Up-to-date: /home/hilal/ros2_ws/install/rplidar_slam/share/rplidar_slam/local_setup.sh
[0.405s] -- Up-to-date: /home/hilal/ros2_ws/install/rplidar_slam/share/rplidar_slam/local_setup.zsh
[0.405s] -- Up-to-date: /home/hilal/ros2_ws/install/rplidar_slam/share/rplidar_slam/local_setup.dsv
[0.405s] -- Up-to-date: /home/hilal/ros2_ws/install/rplidar_slam/share/rplidar_slam/package.dsv
[0.405s] -- Up-to-date: /home/hilal/ros2_ws/install/rplidar_slam/share/ament_index/resource_index/packages/rplidar_slam
[0.405s] -- Up-to-date: /home/hilal/ros2_ws/install/rplidar_slam/share/rplidar_slam/cmake/rplidar_slamConfig.cmake
[0.405s] -- Up-to-date: /home/hilal/ros2_ws/install/rplidar_slam/share/rplidar_slam/cmake/rplidar_slamConfig-version.cmake
[0.405s] -- Up-to-date: /home/hilal/ros2_ws/install/rplidar_slam/share/rplidar_slam/package.xml
[0.406s] Invoked command in '/home/hilal/ros2_ws/build/rplidar_slam' returned '0': CMAKE_PREFIX_PATH=${CMAKE_PREFIX_PATH}:/home/hilal/ros2_ws/install/robotaksi_description:/home/hilal/ros2_ws/install/last_smooth_controller:/home/hilal/ros2_ws/install/last_description:/opt/ros/humble /usr/bin/cmake --install /home/hilal/ros2_ws/build/rplidar_slam
