running egg_info
creating ../../build/last_smooth_controller/last_smooth_controller.egg-info
writing ../../build/last_smooth_controller/last_smooth_controller.egg-info/PKG-INFO
writing dependency_links to ../../build/last_smooth_controller/last_smooth_controller.egg-info/dependency_links.txt
writing entry points to ../../build/last_smooth_controller/last_smooth_controller.egg-info/entry_points.txt
writing requirements to ../../build/last_smooth_controller/last_smooth_controller.egg-info/requires.txt
writing top-level names to ../../build/last_smooth_controller/last_smooth_controller.egg-info/top_level.txt
writing manifest file '../../build/last_smooth_controller/last_smooth_controller.egg-info/SOURCES.txt'
reading manifest file '../../build/last_smooth_controller/last_smooth_controller.egg-info/SOURCES.txt'
writing manifest file '../../build/last_smooth_controller/last_smooth_controller.egg-info/SOURCES.txt'
running build
running build_py
creating /home/hilal/ros2_ws/build/last_smooth_controller/build
creating /home/hilal/ros2_ws/build/last_smooth_controller/build/lib
creating /home/hilal/ros2_ws/build/last_smooth_controller/build/lib/last_smooth_controller
copying last_smooth_controller/__init__.py -> /home/hilal/ros2_ws/build/last_smooth_controller/build/lib/last_smooth_controller
copying last_smooth_controller/smooth_diff_drive_controller.py -> /home/hilal/ros2_ws/build/last_smooth_controller/build/lib/last_smooth_controller
copying last_smooth_controller/velocity_filter.py -> /home/hilal/ros2_ws/build/last_smooth_controller/build/lib/last_smooth_controller
copying last_smooth_controller/pid_controller.py -> /home/hilal/ros2_ws/build/last_smooth_controller/build/lib/last_smooth_controller
copying last_smooth_controller/motion_planner.py -> /home/hilal/ros2_ws/build/last_smooth_controller/build/lib/last_smooth_controller
creating /home/hilal/ros2_ws/build/last_smooth_controller/build/lib/last_smooth_controller/scripts
copying last_smooth_controller/scripts/set_initial_pose.py -> /home/hilal/ros2_ws/build/last_smooth_controller/build/lib/last_smooth_controller/scripts
copying last_smooth_controller/scripts/__init__.py -> /home/hilal/ros2_ws/build/last_smooth_controller/build/lib/last_smooth_controller/scripts
running install
running install_lib
creating /home/hilal/ros2_ws/install/last_smooth_controller/lib/python3.10/site-packages/last_smooth_controller
copying /home/hilal/ros2_ws/build/last_smooth_controller/build/lib/last_smooth_controller/__init__.py -> /home/hilal/ros2_ws/install/last_smooth_controller/lib/python3.10/site-packages/last_smooth_controller
creating /home/hilal/ros2_ws/install/last_smooth_controller/lib/python3.10/site-packages/last_smooth_controller/scripts
copying /home/hilal/ros2_ws/build/last_smooth_controller/build/lib/last_smooth_controller/scripts/set_initial_pose.py -> /home/hilal/ros2_ws/install/last_smooth_controller/lib/python3.10/site-packages/last_smooth_controller/scripts
copying /home/hilal/ros2_ws/build/last_smooth_controller/build/lib/last_smooth_controller/scripts/__init__.py -> /home/hilal/ros2_ws/install/last_smooth_controller/lib/python3.10/site-packages/last_smooth_controller/scripts
copying /home/hilal/ros2_ws/build/last_smooth_controller/build/lib/last_smooth_controller/smooth_diff_drive_controller.py -> /home/hilal/ros2_ws/install/last_smooth_controller/lib/python3.10/site-packages/last_smooth_controller
copying /home/hilal/ros2_ws/build/last_smooth_controller/build/lib/last_smooth_controller/velocity_filter.py -> /home/hilal/ros2_ws/install/last_smooth_controller/lib/python3.10/site-packages/last_smooth_controller
copying /home/hilal/ros2_ws/build/last_smooth_controller/build/lib/last_smooth_controller/pid_controller.py -> /home/hilal/ros2_ws/install/last_smooth_controller/lib/python3.10/site-packages/last_smooth_controller
copying /home/hilal/ros2_ws/build/last_smooth_controller/build/lib/last_smooth_controller/motion_planner.py -> /home/hilal/ros2_ws/install/last_smooth_controller/lib/python3.10/site-packages/last_smooth_controller
byte-compiling /home/hilal/ros2_ws/install/last_smooth_controller/lib/python3.10/site-packages/last_smooth_controller/__init__.py to __init__.cpython-310.pyc
byte-compiling /home/hilal/ros2_ws/install/last_smooth_controller/lib/python3.10/site-packages/last_smooth_controller/scripts/set_initial_pose.py to set_initial_pose.cpython-310.pyc
byte-compiling /home/hilal/ros2_ws/install/last_smooth_controller/lib/python3.10/site-packages/last_smooth_controller/scripts/__init__.py to __init__.cpython-310.pyc
byte-compiling /home/hilal/ros2_ws/install/last_smooth_controller/lib/python3.10/site-packages/last_smooth_controller/smooth_diff_drive_controller.py to smooth_diff_drive_controller.cpython-310.pyc
byte-compiling /home/hilal/ros2_ws/install/last_smooth_controller/lib/python3.10/site-packages/last_smooth_controller/velocity_filter.py to velocity_filter.cpython-310.pyc
byte-compiling /home/hilal/ros2_ws/install/last_smooth_controller/lib/python3.10/site-packages/last_smooth_controller/pid_controller.py to pid_controller.cpython-310.pyc
byte-compiling /home/hilal/ros2_ws/install/last_smooth_controller/lib/python3.10/site-packages/last_smooth_controller/motion_planner.py to motion_planner.cpython-310.pyc
running install_data
creating /home/hilal/ros2_ws/install/last_smooth_controller/share/ament_index
creating /home/hilal/ros2_ws/install/last_smooth_controller/share/ament_index/resource_index
creating /home/hilal/ros2_ws/install/last_smooth_controller/share/ament_index/resource_index/packages
copying resource/last_smooth_controller -> /home/hilal/ros2_ws/install/last_smooth_controller/share/ament_index/resource_index/packages
copying package.xml -> /home/hilal/ros2_ws/install/last_smooth_controller/share/last_smooth_controller
creating /home/hilal/ros2_ws/install/last_smooth_controller/share/last_smooth_controller/launch
copying launch/gazebo_slam.launch.py -> /home/hilal/ros2_ws/install/last_smooth_controller/share/last_smooth_controller/launch
copying launch/amcl_localization.launch.py -> /home/hilal/ros2_ws/install/last_smooth_controller/share/last_smooth_controller/launch
copying launch/slam_mapping.launch.py -> /home/hilal/ros2_ws/install/last_smooth_controller/share/last_smooth_controller/launch
creating /home/hilal/ros2_ws/install/last_smooth_controller/share/last_smooth_controller/config
copying config/slam_mapping_params.yaml -> /home/hilal/ros2_ws/install/last_smooth_controller/share/last_smooth_controller/config
copying config/slam_config_advanced.yaml -> /home/hilal/ros2_ws/install/last_smooth_controller/share/last_smooth_controller/config
copying config/slam_config_simple.yaml -> /home/hilal/ros2_ws/install/last_smooth_controller/share/last_smooth_controller/config
copying config/smooth_controller_params.yaml -> /home/hilal/ros2_ws/install/last_smooth_controller/share/last_smooth_controller/config
copying config/amcl_params.yaml -> /home/hilal/ros2_ws/install/last_smooth_controller/share/last_smooth_controller/config
copying config/cartographer_config.lua -> /home/hilal/ros2_ws/install/last_smooth_controller/share/last_smooth_controller/config
copying config/slam_rviz.rviz -> /home/hilal/ros2_ws/install/last_smooth_controller/share/last_smooth_controller/config
copying config/smooth_controller.rviz -> /home/hilal/ros2_ws/install/last_smooth_controller/share/last_smooth_controller/config
copying config/ekf.yaml -> /home/hilal/ros2_ws/install/last_smooth_controller/share/last_smooth_controller/config
copying config/slam_config.yaml -> /home/hilal/ros2_ws/install/last_smooth_controller/share/last_smooth_controller/config
creating /home/hilal/ros2_ws/install/last_smooth_controller/share/last_smooth_controller/maps
running install_egg_info
Copying ../../build/last_smooth_controller/last_smooth_controller.egg-info to /home/hilal/ros2_ws/install/last_smooth_controller/lib/python3.10/site-packages/last_smooth_controller-0.0.0-py3.10.egg-info
running install_scripts
Installing set_initial_pose script to /home/hilal/ros2_ws/install/last_smooth_controller/lib/last_smooth_controller
writing list of installed files to '/home/hilal/ros2_ws/build/last_smooth_controller/install.log'
