[0.402s] Invoking command in '/home/hilal/ros2_ws/src/last_smooth_controller': AMENT_PREFIX_PATH=/home/hilal/ros2_ws/install/last_description:${AMENT_PREFIX_PATH} PATH=/home/hilal/ros2_ws/install/last_description/bin:${PATH} PYTHONPATH=/home/hilal/ros2_ws/build/last_smooth_controller/prefix_override:/usr/lib/python3/dist-packages/colcon_core/task/python/colcon_distutils_commands:/home/hilal/ros2_ws/install/last_smooth_controller/lib/python3.10/site-packages:/home/hilal/ros2_ws/install/last_description/lib/python3.10/site-packages:${PYTHONPATH} /usr/bin/python3 -W ignore:setup.py install is deprecated -W ignore:easy_install command is deprecated setup.py egg_info --egg-base ../../build/last_smooth_controller build --build-base /home/hilal/ros2_ws/build/last_smooth_controller/build install --record /home/hilal/ros2_ws/build/last_smooth_controller/install.log --single-version-externally-managed install_data
[0.559s] running egg_info
[0.559s] creating ../../build/last_smooth_controller/last_smooth_controller.egg-info
[0.559s] writing ../../build/last_smooth_controller/last_smooth_controller.egg-info/PKG-INFO
[0.560s] writing dependency_links to ../../build/last_smooth_controller/last_smooth_controller.egg-info/dependency_links.txt
[0.560s] writing entry points to ../../build/last_smooth_controller/last_smooth_controller.egg-info/entry_points.txt
[0.560s] writing requirements to ../../build/last_smooth_controller/last_smooth_controller.egg-info/requires.txt
[0.560s] writing top-level names to ../../build/last_smooth_controller/last_smooth_controller.egg-info/top_level.txt
[0.560s] writing manifest file '../../build/last_smooth_controller/last_smooth_controller.egg-info/SOURCES.txt'
[0.561s] reading manifest file '../../build/last_smooth_controller/last_smooth_controller.egg-info/SOURCES.txt'
[0.561s] writing manifest file '../../build/last_smooth_controller/last_smooth_controller.egg-info/SOURCES.txt'
[0.561s] running build
[0.561s] running build_py
[0.561s] creating /home/hilal/ros2_ws/build/last_smooth_controller/build
[0.562s] creating /home/hilal/ros2_ws/build/last_smooth_controller/build/lib
[0.562s] creating /home/hilal/ros2_ws/build/last_smooth_controller/build/lib/last_smooth_controller
[0.562s] copying last_smooth_controller/__init__.py -> /home/hilal/ros2_ws/build/last_smooth_controller/build/lib/last_smooth_controller
[0.562s] copying last_smooth_controller/smooth_diff_drive_controller.py -> /home/hilal/ros2_ws/build/last_smooth_controller/build/lib/last_smooth_controller
[0.562s] copying last_smooth_controller/velocity_filter.py -> /home/hilal/ros2_ws/build/last_smooth_controller/build/lib/last_smooth_controller
[0.562s] copying last_smooth_controller/pid_controller.py -> /home/hilal/ros2_ws/build/last_smooth_controller/build/lib/last_smooth_controller
[0.562s] copying last_smooth_controller/motion_planner.py -> /home/hilal/ros2_ws/build/last_smooth_controller/build/lib/last_smooth_controller
[0.562s] creating /home/hilal/ros2_ws/build/last_smooth_controller/build/lib/last_smooth_controller/scripts
[0.562s] copying last_smooth_controller/scripts/set_initial_pose.py -> /home/hilal/ros2_ws/build/last_smooth_controller/build/lib/last_smooth_controller/scripts
[0.562s] copying last_smooth_controller/scripts/__init__.py -> /home/hilal/ros2_ws/build/last_smooth_controller/build/lib/last_smooth_controller/scripts
[0.562s] running install
[0.562s] running install_lib
[0.563s] creating /home/hilal/ros2_ws/install/last_smooth_controller/lib/python3.10/site-packages/last_smooth_controller
[0.563s] copying /home/hilal/ros2_ws/build/last_smooth_controller/build/lib/last_smooth_controller/__init__.py -> /home/hilal/ros2_ws/install/last_smooth_controller/lib/python3.10/site-packages/last_smooth_controller
[0.563s] creating /home/hilal/ros2_ws/install/last_smooth_controller/lib/python3.10/site-packages/last_smooth_controller/scripts
[0.563s] copying /home/hilal/ros2_ws/build/last_smooth_controller/build/lib/last_smooth_controller/scripts/set_initial_pose.py -> /home/hilal/ros2_ws/install/last_smooth_controller/lib/python3.10/site-packages/last_smooth_controller/scripts
[0.563s] copying /home/hilal/ros2_ws/build/last_smooth_controller/build/lib/last_smooth_controller/scripts/__init__.py -> /home/hilal/ros2_ws/install/last_smooth_controller/lib/python3.10/site-packages/last_smooth_controller/scripts
[0.563s] copying /home/hilal/ros2_ws/build/last_smooth_controller/build/lib/last_smooth_controller/smooth_diff_drive_controller.py -> /home/hilal/ros2_ws/install/last_smooth_controller/lib/python3.10/site-packages/last_smooth_controller
[0.563s] copying /home/hilal/ros2_ws/build/last_smooth_controller/build/lib/last_smooth_controller/velocity_filter.py -> /home/hilal/ros2_ws/install/last_smooth_controller/lib/python3.10/site-packages/last_smooth_controller
[0.563s] copying /home/hilal/ros2_ws/build/last_smooth_controller/build/lib/last_smooth_controller/pid_controller.py -> /home/hilal/ros2_ws/install/last_smooth_controller/lib/python3.10/site-packages/last_smooth_controller
[0.563s] copying /home/hilal/ros2_ws/build/last_smooth_controller/build/lib/last_smooth_controller/motion_planner.py -> /home/hilal/ros2_ws/install/last_smooth_controller/lib/python3.10/site-packages/last_smooth_controller
[0.563s] byte-compiling /home/hilal/ros2_ws/install/last_smooth_controller/lib/python3.10/site-packages/last_smooth_controller/__init__.py to __init__.cpython-310.pyc
[0.563s] byte-compiling /home/hilal/ros2_ws/install/last_smooth_controller/lib/python3.10/site-packages/last_smooth_controller/scripts/set_initial_pose.py to set_initial_pose.cpython-310.pyc
[0.564s] byte-compiling /home/hilal/ros2_ws/install/last_smooth_controller/lib/python3.10/site-packages/last_smooth_controller/scripts/__init__.py to __init__.cpython-310.pyc
[0.564s] byte-compiling /home/hilal/ros2_ws/install/last_smooth_controller/lib/python3.10/site-packages/last_smooth_controller/smooth_diff_drive_controller.py to smooth_diff_drive_controller.cpython-310.pyc
[0.566s] byte-compiling /home/hilal/ros2_ws/install/last_smooth_controller/lib/python3.10/site-packages/last_smooth_controller/velocity_filter.py to velocity_filter.cpython-310.pyc
[0.566s] byte-compiling /home/hilal/ros2_ws/install/last_smooth_controller/lib/python3.10/site-packages/last_smooth_controller/pid_controller.py to pid_controller.cpython-310.pyc
[0.567s] byte-compiling /home/hilal/ros2_ws/install/last_smooth_controller/lib/python3.10/site-packages/last_smooth_controller/motion_planner.py to motion_planner.cpython-310.pyc
[0.568s] running install_data
[0.568s] creating /home/hilal/ros2_ws/install/last_smooth_controller/share/ament_index
[0.568s] creating /home/hilal/ros2_ws/install/last_smooth_controller/share/ament_index/resource_index
[0.568s] creating /home/hilal/ros2_ws/install/last_smooth_controller/share/ament_index/resource_index/packages
[0.568s] copying resource/last_smooth_controller -> /home/hilal/ros2_ws/install/last_smooth_controller/share/ament_index/resource_index/packages
[0.568s] copying package.xml -> /home/hilal/ros2_ws/install/last_smooth_controller/share/last_smooth_controller
[0.568s] creating /home/hilal/ros2_ws/install/last_smooth_controller/share/last_smooth_controller/launch
[0.568s] copying launch/gazebo_slam.launch.py -> /home/hilal/ros2_ws/install/last_smooth_controller/share/last_smooth_controller/launch
[0.568s] copying launch/amcl_localization.launch.py -> /home/hilal/ros2_ws/install/last_smooth_controller/share/last_smooth_controller/launch
[0.569s] copying launch/slam_mapping.launch.py -> /home/hilal/ros2_ws/install/last_smooth_controller/share/last_smooth_controller/launch
[0.569s] creating /home/hilal/ros2_ws/install/last_smooth_controller/share/last_smooth_controller/config
[0.569s] copying config/slam_mapping_params.yaml -> /home/hilal/ros2_ws/install/last_smooth_controller/share/last_smooth_controller/config
[0.569s] copying config/slam_config_advanced.yaml -> /home/hilal/ros2_ws/install/last_smooth_controller/share/last_smooth_controller/config
[0.569s] copying config/slam_config_simple.yaml -> /home/hilal/ros2_ws/install/last_smooth_controller/share/last_smooth_controller/config
[0.569s] copying config/smooth_controller_params.yaml -> /home/hilal/ros2_ws/install/last_smooth_controller/share/last_smooth_controller/config
[0.569s] copying config/amcl_params.yaml -> /home/hilal/ros2_ws/install/last_smooth_controller/share/last_smooth_controller/config
[0.569s] copying config/cartographer_config.lua -> /home/hilal/ros2_ws/install/last_smooth_controller/share/last_smooth_controller/config
[0.569s] copying config/slam_rviz.rviz -> /home/hilal/ros2_ws/install/last_smooth_controller/share/last_smooth_controller/config
[0.569s] copying config/smooth_controller.rviz -> /home/hilal/ros2_ws/install/last_smooth_controller/share/last_smooth_controller/config
[0.569s] copying config/ekf.yaml -> /home/hilal/ros2_ws/install/last_smooth_controller/share/last_smooth_controller/config
[0.569s] copying config/slam_config.yaml -> /home/hilal/ros2_ws/install/last_smooth_controller/share/last_smooth_controller/config
[0.569s] creating /home/hilal/ros2_ws/install/last_smooth_controller/share/last_smooth_controller/maps
[0.569s] running install_egg_info
[0.570s] Copying ../../build/last_smooth_controller/last_smooth_controller.egg-info to /home/hilal/ros2_ws/install/last_smooth_controller/lib/python3.10/site-packages/last_smooth_controller-0.0.0-py3.10.egg-info
[0.570s] running install_scripts
[0.583s] Installing set_initial_pose script to /home/hilal/ros2_ws/install/last_smooth_controller/lib/last_smooth_controller
[0.583s] writing list of installed files to '/home/hilal/ros2_ws/build/last_smooth_controller/install.log'
[0.598s] Invoked command in '/home/hilal/ros2_ws/src/last_smooth_controller' returned '0': AMENT_PREFIX_PATH=/home/hilal/ros2_ws/install/last_description:${AMENT_PREFIX_PATH} PATH=/home/hilal/ros2_ws/install/last_description/bin:${PATH} PYTHONPATH=/home/hilal/ros2_ws/build/last_smooth_controller/prefix_override:/usr/lib/python3/dist-packages/colcon_core/task/python/colcon_distutils_commands:/home/hilal/ros2_ws/install/last_smooth_controller/lib/python3.10/site-packages:/home/hilal/ros2_ws/install/last_description/lib/python3.10/site-packages:${PYTHONPATH} /usr/bin/python3 -W ignore:setup.py install is deprecated -W ignore:easy_install command is deprecated setup.py egg_info --egg-base ../../build/last_smooth_controller build --build-base /home/hilal/ros2_ws/build/last_smooth_controller/build install --record /home/hilal/ros2_ws/build/last_smooth_controller/install.log --single-version-externally-managed install_data
