/home/hilal/ros2_ws/install/robotaksi_description/lib/python3.10/site-packages/robotaksi_description/__init__.py
/home/hilal/ros2_ws/install/robotaksi_description/lib/python3.10/site-packages/robotaksi_description/__pycache__/__init__.cpython-310.pyc
/home/hilal/ros2_ws/install/robotaksi_description/share/ament_index/resource_index/packages/robotaksi_description
/home/hilal/ros2_ws/install/robotaksi_description/share/robotaksi_description/package.xml
/home/hilal/ros2_ws/install/robotaksi_description/share/robotaksi_description/launch/display.launch.py
/home/hilal/ros2_ws/install/robotaksi_description/share/robotaksi_description/launch/gazebo_only.launch.py
/home/hilal/ros2_ws/install/robotaksi_description/share/robotaksi_description/launch/sensors_test.launch.py
/home/hilal/ros2_ws/install/robotaksi_description/share/robotaksi_description/launch/teleop.launch.py
/home/hilal/ros2_ws/install/robotaksi_description/share/robotaksi_description/launch/gazebo_with_controllers.launch.py
/home/hilal/ros2_ws/install/robotaksi_description/share/robotaksi_description/launch/gazebo_no_gui.launch.py
/home/hilal/ros2_ws/install/robotaksi_description/share/robotaksi_description/launch/gazebo.launch.py
/home/hilal/ros2_ws/install/robotaksi_description/share/robotaksi_description/urdf/d435_camera.xacro
/home/hilal/ros2_ws/install/robotaksi_description/share/robotaksi_description/urdf/robotaksi.gazebo
/home/hilal/ros2_ws/install/robotaksi_description/share/robotaksi_description/urdf/imu.xacro
/home/hilal/ros2_ws/install/robotaksi_description/share/robotaksi_description/urdf/rplidar_s2.xacro
/home/hilal/ros2_ws/install/robotaksi_description/share/robotaksi_description/urdf/materials.xacro
/home/hilal/ros2_ws/install/robotaksi_description/share/robotaksi_description/urdf/robotaksi.trans
/home/hilal/ros2_ws/install/robotaksi_description/share/robotaksi_description/urdf/robotaksi.xacro
/home/hilal/ros2_ws/install/robotaksi_description/share/robotaksi_description/meshes/left_front_wheel_1.stl
/home/hilal/ros2_ws/install/robotaksi_description/share/robotaksi_description/meshes/base_link.stl
/home/hilal/ros2_ws/install/robotaksi_description/share/robotaksi_description/meshes/left_back_wheel_1.stl
/home/hilal/ros2_ws/install/robotaksi_description/share/robotaksi_description/meshes/right_front_wheel_1.stl
/home/hilal/ros2_ws/install/robotaksi_description/share/robotaksi_description/meshes/right_back_wheel_1.stl
/home/hilal/ros2_ws/install/robotaksi_description/share/robotaksi_description/config/diff_drive_controller.yaml
/home/hilal/ros2_ws/install/robotaksi_description/share/robotaksi_description/config/gazebo_params.yaml
/home/hilal/ros2_ws/install/robotaksi_description/share/robotaksi_description/config/display.rviz
/home/hilal/ros2_ws/install/robotaksi_description/share/robotaksi_description/config/robotaksi_sim.rviz
/home/hilal/ros2_ws/install/robotaksi_description/lib/python3.10/site-packages/robotaksi_description-0.0.0-py3.10.egg-info/PKG-INFO
/home/hilal/ros2_ws/install/robotaksi_description/lib/python3.10/site-packages/robotaksi_description-0.0.0-py3.10.egg-info/SOURCES.txt
/home/hilal/ros2_ws/install/robotaksi_description/lib/python3.10/site-packages/robotaksi_description-0.0.0-py3.10.egg-info/entry_points.txt
/home/hilal/ros2_ws/install/robotaksi_description/lib/python3.10/site-packages/robotaksi_description-0.0.0-py3.10.egg-info/requires.txt
/home/hilal/ros2_ws/install/robotaksi_description/lib/python3.10/site-packages/robotaksi_description-0.0.0-py3.10.egg-info/zip-safe
/home/hilal/ros2_ws/install/robotaksi_description/lib/python3.10/site-packages/robotaksi_description-0.0.0-py3.10.egg-info/top_level.txt
/home/hilal/ros2_ws/install/robotaksi_description/lib/python3.10/site-packages/robotaksi_description-0.0.0-py3.10.egg-info/dependency_links.txt
