running egg_info
writing ../../build/last_smooth_controller/last_smooth_controller.egg-info/PKG-INFO
writing dependency_links to ../../build/last_smooth_controller/last_smooth_controller.egg-info/dependency_links.txt
writing entry points to ../../build/last_smooth_controller/last_smooth_controller.egg-info/entry_points.txt
writing requirements to ../../build/last_smooth_controller/last_smooth_controller.egg-info/requires.txt
writing top-level names to ../../build/last_smooth_controller/last_smooth_controller.egg-info/top_level.txt
reading manifest file '../../build/last_smooth_controller/last_smooth_controller.egg-info/SOURCES.txt'
writing manifest file '../../build/last_smooth_controller/last_smooth_controller.egg-info/SOURCES.txt'
running build
running build_py
running install
running install_lib
running install_data
copying launch/gazebo_slam.launch.py -> /home/hilal/ros2_ws/install/last_smooth_controller/share/last_smooth_controller/launch
running install_egg_info
removing '/home/hilal/ros2_ws/install/last_smooth_controller/lib/python3.10/site-packages/last_smooth_controller-0.0.0-py3.10.egg-info' (and everything under it)
Copying ../../build/last_smooth_controller/last_smooth_controller.egg-info to /home/hilal/ros2_ws/install/last_smooth_controller/lib/python3.10/site-packages/last_smooth_controller-0.0.0-py3.10.egg-info
running install_scripts
Installing set_initial_pose script to /home/hilal/ros2_ws/install/last_smooth_controller/lib/last_smooth_controller
writing list of installed files to '/home/hilal/ros2_ws/build/last_smooth_controller/install.log'
