running egg_info
writing ../../build/last_description/last_description.egg-info/PKG-INFO
writing dependency_links to ../../build/last_description/last_description.egg-info/dependency_links.txt
writing entry points to ../../build/last_description/last_description.egg-info/entry_points.txt
writing top-level names to ../../build/last_description/last_description.egg-info/top_level.txt
reading manifest file '../../build/last_description/last_description.egg-info/SOURCES.txt'
writing manifest file '../../build/last_description/last_description.egg-info/SOURCES.txt'
running build
running build_py
running install
running install_lib
running install_data
running install_egg_info
removing '/home/hilal/ros2_ws/install/last_description/lib/python3.10/site-packages/last_description-0.0.0-py3.10.egg-info' (and everything under it)
Copying ../../build/last_description/last_description.egg-info to /home/hilal/ros2_ws/install/last_description/lib/python3.10/site-packages/last_description-0.0.0-py3.10.egg-info
running install_scripts
Installing cmd_vel_publisher script to /home/hilal/ros2_ws/install/last_description/bin
Installing cmd_vel_subscriber script to /home/hilal/ros2_ws/install/last_description/bin
Installing controller script to /home/hilal/ros2_ws/install/last_description/bin
Installing joint_state_publisher script to /home/hilal/ros2_ws/install/last_description/bin
Installing robot_state_publisher script to /home/hilal/ros2_ws/install/last_description/bin
Installing rviz2 script to /home/hilal/ros2_ws/install/last_description/bin
writing list of installed files to '/home/hilal/ros2_ws/build/last_description/install.log'
