[0.614s] Invoking command in '/home/hilal/ros2_ws/src/last_description': PYTHONPATH=/home/hilal/ros2_ws/build/last_description/prefix_override:/usr/lib/python3/dist-packages/colcon_core/task/python/colcon_distutils_commands:/home/hilal/ros2_ws/install/last_description/lib/python3.10/site-packages:${PYTHONPATH} /usr/bin/python3 -W ignore:setup.py install is deprecated -W ignore:easy_install command is deprecated setup.py egg_info --egg-base ../../build/last_description build --build-base /home/hilal/ros2_ws/build/last_description/build install --record /home/hilal/ros2_ws/build/last_description/install.log --single-version-externally-managed install_data
[0.774s] running egg_info
[0.775s] writing ../../build/last_description/last_description.egg-info/PKG-INFO
[0.775s] writing dependency_links to ../../build/last_description/last_description.egg-info/dependency_links.txt
[0.775s] writing entry points to ../../build/last_description/last_description.egg-info/entry_points.txt
[0.775s] writing top-level names to ../../build/last_description/last_description.egg-info/top_level.txt
[0.776s] reading manifest file '../../build/last_description/last_description.egg-info/SOURCES.txt'
[0.777s] writing manifest file '../../build/last_description/last_description.egg-info/SOURCES.txt'
[0.777s] running build
[0.777s] running build_py
[0.777s] running install
[0.777s] running install_lib
[0.778s] running install_data
[0.778s] running install_egg_info
[0.779s] removing '/home/hilal/ros2_ws/install/last_description/lib/python3.10/site-packages/last_description-0.0.0-py3.10.egg-info' (and everything under it)
[0.779s] Copying ../../build/last_description/last_description.egg-info to /home/hilal/ros2_ws/install/last_description/lib/python3.10/site-packages/last_description-0.0.0-py3.10.egg-info
[0.779s] running install_scripts
[0.792s] Installing cmd_vel_publisher script to /home/hilal/ros2_ws/install/last_description/bin
[0.792s] Installing cmd_vel_subscriber script to /home/hilal/ros2_ws/install/last_description/bin
[0.792s] Installing controller script to /home/hilal/ros2_ws/install/last_description/bin
[0.792s] Installing joint_state_publisher script to /home/hilal/ros2_ws/install/last_description/bin
[0.792s] Installing robot_state_publisher script to /home/hilal/ros2_ws/install/last_description/bin
[0.792s] Installing rviz2 script to /home/hilal/ros2_ws/install/last_description/bin
[0.792s] writing list of installed files to '/home/hilal/ros2_ws/build/last_description/install.log'
[0.808s] Invoked command in '/home/hilal/ros2_ws/src/last_description' returned '0': PYTHONPATH=/home/hilal/ros2_ws/build/last_description/prefix_override:/usr/lib/python3/dist-packages/colcon_core/task/python/colcon_distutils_commands:/home/hilal/ros2_ws/install/last_description/lib/python3.10/site-packages:${PYTHONPATH} /usr/bin/python3 -W ignore:setup.py install is deprecated -W ignore:easy_install command is deprecated setup.py egg_info --egg-base ../../build/last_description build --build-base /home/hilal/ros2_ws/build/last_description/build install --record /home/hilal/ros2_ws/build/last_description/install.log --single-version-externally-managed install_data
