[0.174s] Invoking command in '/home/hilal/ros2_ws/build/robot_slam': CMAKE_PREFIX_PATH=/opt/ros/humble /usr/bin/cmake /home/hilal/ros2_ws/src/robot_slam -DCMAKE_INSTALL_PREFIX=/home/hilal/ros2_ws/install/robot_slam
[0.345s] -- The C compiler identification is GNU 11.4.0
[0.345s] -- The CXX compiler identification is GNU 11.4.0
[0.345s] -- Detecting C compiler ABI info
[0.345s] -- Detecting C compiler ABI info - done
[0.345s] -- Check for working C compiler: /usr/bin/cc - skipped
[0.345s] -- Detecting C compile features
[0.346s] -- Detecting C compile features - done
[0.346s] -- Detecting CXX compiler ABI info
[0.387s] -- Detecting CXX compiler ABI info - done
[0.392s] -- Check for working CXX compiler: /usr/bin/c++ - skipped
[0.392s] -- Detecting CXX compile features
[0.393s] -- Detecting CXX compile features - done
[0.394s] -- Found ament_cmake: 1.3.11 (/opt/ros/humble/share/ament_cmake/cmake)
[0.498s] -- Found Python3: /usr/bin/python3 (found version "3.10.12") found components: Interpreter 
[0.559s] -- Found ament_lint_auto: 0.12.12 (/opt/ros/humble/share/ament_lint_auto/cmake)
[0.608s] -- Added test 'flake8' to check Python code syntax and style conventions
[0.609s] -- Added test 'lint_cmake' to check CMake code style
[0.609s] -- Added test 'pep257' to check Python code against some of the docstring style conventions in PEP 257
[0.610s] -- Added test 'xmllint' to check XML markup files
[0.610s] -- Configuring done
[0.611s] -- Generating done
[0.612s] -- Build files have been written to: /home/hilal/ros2_ws/build/robot_slam
[0.615s] Invoked command in '/home/hilal/ros2_ws/build/robot_slam' returned '0': CMAKE_PREFIX_PATH=/opt/ros/humble /usr/bin/cmake /home/hilal/ros2_ws/src/robot_slam -DCMAKE_INSTALL_PREFIX=/home/hilal/ros2_ws/install/robot_slam
[0.617s] Invoking command in '/home/hilal/ros2_ws/build/robot_slam': CMAKE_PREFIX_PATH=/opt/ros/humble /usr/bin/cmake --build /home/hilal/ros2_ws/build/robot_slam -- -j16 -l16
[0.650s] Invoked command in '/home/hilal/ros2_ws/build/robot_slam' returned '0': CMAKE_PREFIX_PATH=/opt/ros/humble /usr/bin/cmake --build /home/hilal/ros2_ws/build/robot_slam -- -j16 -l16
[0.658s] Invoking command in '/home/hilal/ros2_ws/build/robot_slam': CMAKE_PREFIX_PATH=/opt/ros/humble /usr/bin/cmake --install /home/hilal/ros2_ws/build/robot_slam
[0.665s] -- Install configuration: ""
[0.665s] -- Installing: /home/hilal/ros2_ws/install/robot_slam/share/robot_slam/config
[0.665s] -- Installing: /home/hilal/ros2_ws/install/robot_slam/share/robot_slam/config/slam_toolbox_params.yaml
[0.665s] -- Installing: /home/hilal/ros2_ws/install/robot_slam/share/robot_slam/config/amcl.config.yaml
[0.665s] -- Installing: /home/hilal/ros2_ws/install/robot_slam/share/robot_slam/launch
[0.665s] -- Installing: /home/hilal/ros2_ws/install/robot_slam/share/robot_slam/launch/amcl.launch.py
[0.665s] -- Installing: /home/hilal/ros2_ws/install/robot_slam/share/robot_slam/launch/mapping.launch.py
[0.665s] -- Installing: /home/hilal/ros2_ws/install/robot_slam/share/robot_slam/maps
[0.665s] -- Installing: /home/hilal/ros2_ws/install/robot_slam/share/robot_slam/maps/new_boxes_map.yaml
[0.665s] -- Installing: /home/hilal/ros2_ws/install/robot_slam/share/robot_slam/maps/new_boxes_map_serialize.data
[0.667s] -- Installing: /home/hilal/ros2_ws/install/robot_slam/share/robot_slam/maps/boxes_map_serial.posegraph
[0.674s] -- Installing: /home/hilal/ros2_ws/install/robot_slam/share/robot_slam/maps/new_boxes_map.pgm
[0.674s] -- Installing: /home/hilal/ros2_ws/install/robot_slam/share/robot_slam/maps/new_boxes_map_serialize.posegraph
[0.679s] -- Installing: /home/hilal/ros2_ws/install/robot_slam/share/robot_slam/maps/boxes_map.pgm
[0.680s] -- Installing: /home/hilal/ros2_ws/install/robot_slam/share/robot_slam/maps/boxes_map_serial.data
[0.684s] -- Installing: /home/hilal/ros2_ws/install/robot_slam/share/robot_slam/maps/boxes_map.yaml
[0.684s] -- Installing: /home/hilal/ros2_ws/install/robot_slam/share/ament_index/resource_index/package_run_dependencies/robot_slam
[0.684s] -- Installing: /home/hilal/ros2_ws/install/robot_slam/share/ament_index/resource_index/parent_prefix_path/robot_slam
[0.684s] -- Installing: /home/hilal/ros2_ws/install/robot_slam/share/robot_slam/environment/ament_prefix_path.sh
[0.684s] -- Installing: /home/hilal/ros2_ws/install/robot_slam/share/robot_slam/environment/ament_prefix_path.dsv
[0.684s] -- Installing: /home/hilal/ros2_ws/install/robot_slam/share/robot_slam/environment/path.sh
[0.684s] -- Installing: /home/hilal/ros2_ws/install/robot_slam/share/robot_slam/environment/path.dsv
[0.684s] -- Installing: /home/hilal/ros2_ws/install/robot_slam/share/robot_slam/local_setup.bash
[0.684s] -- Installing: /home/hilal/ros2_ws/install/robot_slam/share/robot_slam/local_setup.sh
[0.684s] -- Installing: /home/hilal/ros2_ws/install/robot_slam/share/robot_slam/local_setup.zsh
[0.684s] -- Installing: /home/hilal/ros2_ws/install/robot_slam/share/robot_slam/local_setup.dsv
[0.684s] -- Installing: /home/hilal/ros2_ws/install/robot_slam/share/robot_slam/package.dsv
[0.684s] -- Installing: /home/hilal/ros2_ws/install/robot_slam/share/ament_index/resource_index/packages/robot_slam
[0.684s] -- Installing: /home/hilal/ros2_ws/install/robot_slam/share/robot_slam/cmake/robot_slamConfig.cmake
[0.684s] -- Installing: /home/hilal/ros2_ws/install/robot_slam/share/robot_slam/cmake/robot_slamConfig-version.cmake
[0.684s] -- Installing: /home/hilal/ros2_ws/install/robot_slam/share/robot_slam/package.xml
[0.686s] Invoked command in '/home/hilal/ros2_ws/build/robot_slam' returned '0': CMAKE_PREFIX_PATH=/opt/ros/humble /usr/bin/cmake --install /home/hilal/ros2_ws/build/robot_slam
