[0.342s] Invoking command in '/home/hilal/ros2_ws/build/rplidar_slam': CMAKE_PREFIX_PATH=/opt/ros/humble /usr/bin/cmake /home/hilal/ros2_ws/src/rplidar_slam -DCMAKE_INSTALL_PREFIX=/home/hilal/ros2_ws/install/rplidar_slam
[0.389s] -- The C compiler identification is GNU 11.4.0
[0.428s] -- The CXX compiler identification is GNU 11.4.0
[0.433s] -- Detecting C compiler ABI info
[0.490s] -- Detecting C compiler ABI info - done
[0.495s] -- Check for working C compiler: /usr/bin/cc - skipped
[0.495s] -- Detecting C compile features
[0.496s] -- Detecting C compile features - done
[0.498s] -- Detecting CXX compiler ABI info
[0.557s] -- Detecting CXX compiler ABI info - done
[0.566s] -- Check for working CXX compiler: /usr/bin/c++ - skipped
[0.567s] -- Detecting CXX compile features
[0.567s] -- Detecting CXX compile features - done
[0.568s] -- Found ament_cmake: 1.3.11 (/opt/ros/humble/share/ament_cmake/cmake)
[0.688s] -- Found Python3: /usr/bin/python3 (found version "3.10.12") found components: Interpreter 
[0.754s] -- Found rclcpp: 16.0.12 (/opt/ros/humble/share/rclcpp/cmake)
[0.784s] -- Found rosidl_generator_c: 3.1.6 (/opt/ros/humble/share/rosidl_generator_c/cmake)
[0.786s] -- Found rosidl_adapter: 3.1.6 (/opt/ros/humble/share/rosidl_adapter/cmake)
[0.791s] -- Found rosidl_generator_cpp: 3.1.6 (/opt/ros/humble/share/rosidl_generator_cpp/cmake)
[0.799s] -- Using all available rosidl_typesupport_c: rosidl_typesupport_fastrtps_c;rosidl_typesupport_introspection_c
[0.811s] -- Using all available rosidl_typesupport_cpp: rosidl_typesupport_fastrtps_cpp;rosidl_typesupport_introspection_cpp
[0.838s] -- Found rmw_implementation_cmake: 6.1.2 (/opt/ros/humble/share/rmw_implementation_cmake/cmake)
[0.840s] -- Found rmw_fastrtps_cpp: 6.2.7 (/opt/ros/humble/share/rmw_fastrtps_cpp/cmake)
[0.904s] -- Found OpenSSL: /usr/lib/x86_64-linux-gnu/libcrypto.so (found version "3.0.2")  
[0.926s] -- Found FastRTPS: /opt/ros/humble/include  
[0.953s] -- Using RMW implementation 'rmw_fastrtps_cpp' as default
[0.958s] -- Looking for pthread.h
[1.015s] -- Looking for pthread.h - found
[1.015s] -- Performing Test CMAKE_HAVE_LIBC_PTHREAD
[1.067s] -- Performing Test CMAKE_HAVE_LIBC_PTHREAD - Success
[1.068s] -- Found Threads: TRUE  
[1.101s] -- Found sensor_msgs: 4.9.0 (/opt/ros/humble/share/sensor_msgs/cmake)
[1.121s] -- Found nav_msgs: 4.9.0 (/opt/ros/humble/share/nav_msgs/cmake)
[1.132s] -- Found tf2: 0.25.13 (/opt/ros/humble/share/tf2/cmake)
[1.139s] -- Found tf2_ros: 0.25.13 (/opt/ros/humble/share/tf2_ros/cmake)
[1.196s] -- Found cartographer_ros: 2.0.9002 (/opt/ros/humble/share/cartographer_ros/cmake)
[1.219s] -- Found Boost: /usr/lib/x86_64-linux-gnu/cmake/Boost-1.74.0/BoostConfig.cmake (found version "1.74.0") found components: iostreams 
[1.258s] -- Checking for module 'eigen3'
[1.269s] --   Found eigen3, version 3.4.0
[1.294s] -- Found Eigen: /usr/include/eigen3 (Required is at least version "3.1") 
[1.294s] -- Eigen found (include: /usr/include/eigen3, version: 3.4.0)
[1.315s] -- Checking for module 'flann'
[1.325s] --   Found flann, version 1.9.1
[1.354s] -- Found FLANN: /usr/lib/x86_64-linux-gnu/libflann_cpp.so  
[1.354s] -- FLANN found (include: /usr/include, lib: /usr/lib/x86_64-linux-gnu/libflann_cpp.so)
[2.278s] -- Checking for module 'libusb-1.0'
[2.293s] --   Found libusb-1.0, version 1.0.25
[2.335s] -- Found libusb: /usr/lib/x86_64-linux-gnu/libusb-1.0.so  
[2.336s] -- OpenNI found (version: 1.5.4.0, include: /usr/include/ni, lib: /usr/lib/libOpenNI.so;libusb::libusb)
[2.399s] -- OpenNI2 found (version: 2.2.0.33, include: /usr/include/openni2, lib: /usr/lib/x86_64-linux-gnu/libOpenNI2.so;libusb::libusb)
[2.507s] -- Eigen found (include: /usr/include/eigen3, version: 3.4.0)
[2.513s] -- OpenNI found (version: 1.5.4.0, include: /usr/include/ni, lib: /usr/lib/libOpenNI.so;libusb::libusb)
[2.518s] -- OpenNI2 found (version: 2.2.0.33, include: /usr/include/openni2, lib: /usr/lib/x86_64-linux-gnu/libOpenNI2.so;libusb::libusb)
[2.628s] -- Found Qhull version 8.0.2
[2.737s] -- OpenNI found (version: 1.5.4.0, include: /usr/include/ni, lib: /usr/lib/libOpenNI.so;libusb::libusb)
[2.858s] -- Found PCL_COMMON: /usr/lib/x86_64-linux-gnu/libpcl_common.so  
[2.858s] -- Found PCL_KDTREE: /usr/lib/x86_64-linux-gnu/libpcl_kdtree.so  
[2.859s] -- Found PCL_OCTREE: /usr/lib/x86_64-linux-gnu/libpcl_octree.so  
[2.859s] -- Found PCL_SEARCH: /usr/lib/x86_64-linux-gnu/libpcl_search.so  
[2.860s] -- Found PCL_SAMPLE_CONSENSUS: /usr/lib/x86_64-linux-gnu/libpcl_sample_consensus.so  
[2.860s] -- Found PCL_FILTERS: /usr/lib/x86_64-linux-gnu/libpcl_filters.so  
[2.861s] -- Found PCL_2D: /usr/include/pcl-1.12  
[2.861s] -- Found PCL_GEOMETRY: /usr/include/pcl-1.12  
[2.862s] -- Found PCL_IO: /usr/lib/x86_64-linux-gnu/libpcl_io.so  
[2.862s] -- Found PCL_FEATURES: /usr/lib/x86_64-linux-gnu/libpcl_features.so  
[2.863s] -- Found PCL_ML: /usr/lib/x86_64-linux-gnu/libpcl_ml.so  
[2.864s] -- Found PCL_SEGMENTATION: /usr/lib/x86_64-linux-gnu/libpcl_segmentation.so  
[2.864s] -- Found PCL_VISUALIZATION: /usr/lib/x86_64-linux-gnu/libpcl_visualization.so  
[2.865s] -- Found PCL_SURFACE: /usr/lib/x86_64-linux-gnu/libpcl_surface.so  
[2.866s] -- Found PCL_REGISTRATION: /usr/lib/x86_64-linux-gnu/libpcl_registration.so  
[2.866s] -- Found PCL_KEYPOINTS: /usr/lib/x86_64-linux-gnu/libpcl_keypoints.so  
[2.867s] -- Found PCL_TRACKING: /usr/lib/x86_64-linux-gnu/libpcl_tracking.so  
[2.868s] -- Found PCL_RECOGNITION: /usr/lib/x86_64-linux-gnu/libpcl_recognition.so  
[2.868s] -- Found PCL_STEREO: /usr/lib/x86_64-linux-gnu/libpcl_stereo.so  
[2.869s] -- Found PCL_APPS: /usr/lib/x86_64-linux-gnu/libpcl_apps.so  
[2.870s] -- Found PCL_IN_HAND_SCANNER: /usr/include/pcl-1.12  
[2.870s] -- Found PCL_MODELER: /usr/include/pcl-1.12  
[2.870s] -- Found PCL_POINT_CLOUD_EDITOR: /usr/include/pcl-1.12  
[2.871s] -- Found PCL_OUTOFCORE: /usr/lib/x86_64-linux-gnu/libpcl_outofcore.so  
[2.871s] -- Found PCL_PEOPLE: /usr/lib/x86_64-linux-gnu/libpcl_people.so  
[2.919s] -- Found rplidar_ros: 2.1.4 (/opt/ros/humble/share/rplidar_ros/cmake)
[2.923s] -- Found ament_lint_auto: 0.12.12 (/opt/ros/humble/share/ament_lint_auto/cmake)
[2.980s] -- Added test 'flake8' to check Python code syntax and style conventions
[2.980s] -- Added test 'lint_cmake' to check CMake code style
[2.980s] -- Added test 'pep257' to check Python code against some of the docstring style conventions in PEP 257
[2.981s] -- Added test 'xmllint' to check XML markup files
[2.981s] -- Configuring done
[2.986s] -- Generating done
[2.988s] -- Build files have been written to: /home/hilal/ros2_ws/build/rplidar_slam
[2.999s] Invoked command in '/home/hilal/ros2_ws/build/rplidar_slam' returned '0': CMAKE_PREFIX_PATH=/opt/ros/humble /usr/bin/cmake /home/hilal/ros2_ws/src/rplidar_slam -DCMAKE_INSTALL_PREFIX=/home/hilal/ros2_ws/install/rplidar_slam
[3.000s] Invoking command in '/home/hilal/ros2_ws/build/rplidar_slam': CMAKE_PREFIX_PATH=/opt/ros/humble /usr/bin/cmake --build /home/hilal/ros2_ws/build/rplidar_slam -- -j16 -l16
[3.043s] Invoked command in '/home/hilal/ros2_ws/build/rplidar_slam' returned '0': CMAKE_PREFIX_PATH=/opt/ros/humble /usr/bin/cmake --build /home/hilal/ros2_ws/build/rplidar_slam -- -j16 -l16
[3.045s] Invoking command in '/home/hilal/ros2_ws/build/rplidar_slam': CMAKE_PREFIX_PATH=/opt/ros/humble /usr/bin/cmake --install /home/hilal/ros2_ws/build/rplidar_slam
[3.054s] -- Install configuration: ""
[3.054s] -- Installing: /home/hilal/ros2_ws/install/rplidar_slam/lib/rplidar_slam/path_tracker.py
[3.054s] -- Installing: /home/hilal/ros2_ws/install/rplidar_slam/share/rplidar_slam/launch
[3.054s] -- Installing: /home/hilal/ros2_ws/install/rplidar_slam/share/rplidar_slam/launch/rplidar_slam.launch.py
[3.054s] -- Installing: /home/hilal/ros2_ws/install/rplidar_slam/share/rplidar_slam/config
[3.054s] -- Installing: /home/hilal/ros2_ws/install/rplidar_slam/share/rplidar_slam/config/rplidar_s2_express.lua
[3.054s] -- Installing: /home/hilal/ros2_ws/install/rplidar_slam/share/rplidar_slam/config/rplidar.rviz
[3.054s] -- Installing: /home/hilal/ros2_ws/install/rplidar_slam/share/rplidar_slam/config/rplidar.lua
[3.054s] -- Installing: /home/hilal/ros2_ws/install/rplidar_slam/share/ament_index/resource_index/package_run_dependencies/rplidar_slam
[3.055s] -- Installing: /home/hilal/ros2_ws/install/rplidar_slam/share/ament_index/resource_index/parent_prefix_path/rplidar_slam
[3.055s] -- Installing: /home/hilal/ros2_ws/install/rplidar_slam/share/rplidar_slam/environment/ament_prefix_path.sh
[3.055s] -- Installing: /home/hilal/ros2_ws/install/rplidar_slam/share/rplidar_slam/environment/ament_prefix_path.dsv
[3.055s] -- Installing: /home/hilal/ros2_ws/install/rplidar_slam/share/rplidar_slam/environment/path.sh
[3.055s] -- Installing: /home/hilal/ros2_ws/install/rplidar_slam/share/rplidar_slam/environment/path.dsv
[3.055s] -- Installing: /home/hilal/ros2_ws/install/rplidar_slam/share/rplidar_slam/local_setup.bash
[3.055s] -- Installing: /home/hilal/ros2_ws/install/rplidar_slam/share/rplidar_slam/local_setup.sh
[3.055s] -- Installing: /home/hilal/ros2_ws/install/rplidar_slam/share/rplidar_slam/local_setup.zsh
[3.055s] -- Installing: /home/hilal/ros2_ws/install/rplidar_slam/share/rplidar_slam/local_setup.dsv
[3.055s] -- Installing: /home/hilal/ros2_ws/install/rplidar_slam/share/rplidar_slam/package.dsv
[3.055s] -- Installing: /home/hilal/ros2_ws/install/rplidar_slam/share/ament_index/resource_index/packages/rplidar_slam
[3.055s] -- Installing: /home/hilal/ros2_ws/install/rplidar_slam/share/rplidar_slam/cmake/rplidar_slamConfig.cmake
[3.055s] -- Installing: /home/hilal/ros2_ws/install/rplidar_slam/share/rplidar_slam/cmake/rplidar_slamConfig-version.cmake
[3.055s] -- Installing: /home/hilal/ros2_ws/install/rplidar_slam/share/rplidar_slam/package.xml
[3.057s] Invoked command in '/home/hilal/ros2_ws/build/rplidar_slam' returned '0': CMAKE_PREFIX_PATH=/opt/ros/humble /usr/bin/cmake --install /home/hilal/ros2_ws/build/rplidar_slam
