[0.070s] DEBUG:colcon:Command line arguments: ['/usr/bin/colcon', 'build']
[0.070s] DEBUG:colcon:Parsed command line arguments: Namespace(log_base=None, log_level=None, verb_name='build', build_base='build', install_base='install', merge_install=False, symlink_install=False, test_result_base=None, continue_on_error=False, executor='parallel', parallel_workers=16, event_handlers=None, ignore_user_meta=False, metas=['./colcon.meta'], base_paths=['.'], packages_ignore=None, packages_ignore_regex=None, paths=None, packages_up_to=None, packages_up_to_regex=None, packages_above=None, packages_above_and_dependencies=None, packages_above_depth=None, packages_select_by_dep=None, packages_skip_by_dep=None, packages_skip_up_to=None, packages_select_build_failed=False, packages_skip_build_finished=False, packages_select_test_failures=False, packages_skip_test_passed=False, packages_select=None, packages_skip=None, packages_select_regex=None, packages_skip_regex=None, packages_start=None, packages_end=None, allow_overriding=[], cmake_args=None, cmake_target=None, cmake_target_skip_unavailable=False, cmake_clean_cache=False, cmake_clean_first=False, cmake_force_configure=False, ament_cmake_args=None, catkin_cmake_args=None, catkin_skip_building_tests=False, mixin_files=None, mixin=None, verb_parser=<colcon_mixin.mixin.mixin_argument.MixinArgumentDecorator object at 0x79c742847b80>, verb_extension=<colcon_core.verb.build.BuildVerb object at 0x79c7428476d0>, main=<bound method BuildVerb.main of <colcon_core.verb.build.BuildVerb object at 0x79c7428476d0>>, mixin_verb=('build',))
[0.187s] Level 1:colcon.colcon_core.package_discovery:discover_packages(colcon_meta) check parameters
[0.187s] Level 1:colcon.colcon_core.package_discovery:discover_packages(recursive) check parameters
[0.187s] Level 1:colcon.colcon_core.package_discovery:discover_packages(ignore) check parameters
[0.187s] Level 1:colcon.colcon_core.package_discovery:discover_packages(path) check parameters
[0.187s] Level 1:colcon.colcon_core.package_discovery:discover_packages(colcon_meta) discover
[0.187s] Level 1:colcon.colcon_core.package_discovery:discover_packages(recursive) discover
[0.187s] INFO:colcon.colcon_core.package_discovery:Crawling recursively for packages in '/home/hilal/ros2_ws'
[0.187s] Level 1:colcon.colcon_core.package_identification:_identify(.) by extensions ['ignore', 'ignore_ament_install']
[0.188s] Level 1:colcon.colcon_core.package_identification:_identify(.) by extension 'ignore'
[0.188s] Level 1:colcon.colcon_core.package_identification:_identify(.) by extension 'ignore_ament_install'
[0.188s] Level 1:colcon.colcon_core.package_identification:_identify(.) by extensions ['colcon_pkg']
[0.188s] Level 1:colcon.colcon_core.package_identification:_identify(.) by extension 'colcon_pkg'
[0.188s] Level 1:colcon.colcon_core.package_identification:_identify(.) by extensions ['colcon_meta']
[0.188s] Level 1:colcon.colcon_core.package_identification:_identify(.) by extension 'colcon_meta'
[0.188s] Level 1:colcon.colcon_core.package_identification:_identify(.) by extensions ['ros']
[0.188s] Level 1:colcon.colcon_core.package_identification:_identify(.) by extension 'ros'
[0.200s] Level 1:colcon.colcon_core.package_identification:_identify(.) by extensions ['cmake', 'python']
[0.200s] Level 1:colcon.colcon_core.package_identification:_identify(.) by extension 'cmake'
[0.200s] Level 1:colcon.colcon_core.package_identification:_identify(.) by extension 'python'
[0.200s] Level 1:colcon.colcon_core.package_identification:_identify(.) by extensions ['python_setup_py']
[0.200s] Level 1:colcon.colcon_core.package_identification:_identify(.) by extension 'python_setup_py'
[0.200s] Level 1:colcon.colcon_core.package_identification:_identify(build) by extensions ['ignore', 'ignore_ament_install']
[0.200s] Level 1:colcon.colcon_core.package_identification:_identify(build) by extension 'ignore'
[0.200s] Level 1:colcon.colcon_core.package_identification:_identify(build) ignored
[0.200s] Level 1:colcon.colcon_core.package_identification:_identify(install) by extensions ['ignore', 'ignore_ament_install']
[0.200s] Level 1:colcon.colcon_core.package_identification:_identify(install) by extension 'ignore'
[0.200s] Level 1:colcon.colcon_core.package_identification:_identify(install) ignored
[0.200s] Level 1:colcon.colcon_core.package_identification:_identify(log) by extensions ['ignore', 'ignore_ament_install']
[0.200s] Level 1:colcon.colcon_core.package_identification:_identify(log) by extension 'ignore'
[0.200s] Level 1:colcon.colcon_core.package_identification:_identify(log) ignored
[0.200s] Level 1:colcon.colcon_core.package_identification:_identify(src) by extensions ['ignore', 'ignore_ament_install']
[0.200s] Level 1:colcon.colcon_core.package_identification:_identify(src) by extension 'ignore'
[0.200s] Level 1:colcon.colcon_core.package_identification:_identify(src) by extension 'ignore_ament_install'
[0.200s] Level 1:colcon.colcon_core.package_identification:_identify(src) by extensions ['colcon_pkg']
[0.200s] Level 1:colcon.colcon_core.package_identification:_identify(src) by extension 'colcon_pkg'
[0.200s] Level 1:colcon.colcon_core.package_identification:_identify(src) by extensions ['colcon_meta']
[0.200s] Level 1:colcon.colcon_core.package_identification:_identify(src) by extension 'colcon_meta'
[0.200s] Level 1:colcon.colcon_core.package_identification:_identify(src) by extensions ['ros']
[0.200s] Level 1:colcon.colcon_core.package_identification:_identify(src) by extension 'ros'
[0.201s] Level 1:colcon.colcon_core.package_identification:_identify(src) by extensions ['cmake', 'python']
[0.201s] Level 1:colcon.colcon_core.package_identification:_identify(src) by extension 'cmake'
[0.201s] Level 1:colcon.colcon_core.package_identification:_identify(src) by extension 'python'
[0.201s] Level 1:colcon.colcon_core.package_identification:_identify(src) by extensions ['python_setup_py']
[0.201s] Level 1:colcon.colcon_core.package_identification:_identify(src) by extension 'python_setup_py'
[0.201s] Level 1:colcon.colcon_core.package_identification:_identify(src/last_description) by extensions ['ignore', 'ignore_ament_install']
[0.201s] Level 1:colcon.colcon_core.package_identification:_identify(src/last_description) by extension 'ignore'
[0.201s] Level 1:colcon.colcon_core.package_identification:_identify(src/last_description) by extension 'ignore_ament_install'
[0.201s] Level 1:colcon.colcon_core.package_identification:_identify(src/last_description) by extensions ['colcon_pkg']
[0.201s] Level 1:colcon.colcon_core.package_identification:_identify(src/last_description) by extension 'colcon_pkg'
[0.201s] Level 1:colcon.colcon_core.package_identification:_identify(src/last_description) by extensions ['colcon_meta']
[0.201s] Level 1:colcon.colcon_core.package_identification:_identify(src/last_description) by extension 'colcon_meta'
[0.201s] Level 1:colcon.colcon_core.package_identification:_identify(src/last_description) by extensions ['ros']
[0.201s] Level 1:colcon.colcon_core.package_identification:_identify(src/last_description) by extension 'ros'
[0.203s] DEBUG:colcon.colcon_core.package_identification:Package 'src/last_description' with type 'ros.ament_python' and name 'last_description'
[0.203s] Level 1:colcon.colcon_core.package_identification:_identify(src/last_smooth_controller) by extensions ['ignore', 'ignore_ament_install']
[0.203s] Level 1:colcon.colcon_core.package_identification:_identify(src/last_smooth_controller) by extension 'ignore'
[0.203s] Level 1:colcon.colcon_core.package_identification:_identify(src/last_smooth_controller) by extension 'ignore_ament_install'
[0.203s] Level 1:colcon.colcon_core.package_identification:_identify(src/last_smooth_controller) by extensions ['colcon_pkg']
[0.203s] Level 1:colcon.colcon_core.package_identification:_identify(src/last_smooth_controller) by extension 'colcon_pkg'
[0.203s] Level 1:colcon.colcon_core.package_identification:_identify(src/last_smooth_controller) by extensions ['colcon_meta']
[0.203s] Level 1:colcon.colcon_core.package_identification:_identify(src/last_smooth_controller) by extension 'colcon_meta'
[0.203s] Level 1:colcon.colcon_core.package_identification:_identify(src/last_smooth_controller) by extensions ['ros']
[0.203s] Level 1:colcon.colcon_core.package_identification:_identify(src/last_smooth_controller) by extension 'ros'
[0.204s] DEBUG:colcon.colcon_core.package_identification:Package 'src/last_smooth_controller' with type 'ros.ament_python' and name 'last_smooth_controller'
[0.204s] Level 1:colcon.colcon_core.package_identification:_identify(src/robot_slam) by extensions ['ignore', 'ignore_ament_install']
[0.204s] Level 1:colcon.colcon_core.package_identification:_identify(src/robot_slam) by extension 'ignore'
[0.204s] Level 1:colcon.colcon_core.package_identification:_identify(src/robot_slam) by extension 'ignore_ament_install'
[0.204s] Level 1:colcon.colcon_core.package_identification:_identify(src/robot_slam) by extensions ['colcon_pkg']
[0.204s] Level 1:colcon.colcon_core.package_identification:_identify(src/robot_slam) by extension 'colcon_pkg'
[0.204s] Level 1:colcon.colcon_core.package_identification:_identify(src/robot_slam) by extensions ['colcon_meta']
[0.204s] Level 1:colcon.colcon_core.package_identification:_identify(src/robot_slam) by extension 'colcon_meta'
[0.204s] Level 1:colcon.colcon_core.package_identification:_identify(src/robot_slam) by extensions ['ros']
[0.204s] Level 1:colcon.colcon_core.package_identification:_identify(src/robot_slam) by extension 'ros'
[0.205s] DEBUG:colcon.colcon_core.package_identification:Package 'src/robot_slam' with type 'ros.ament_cmake' and name 'robot_slam'
[0.205s] Level 1:colcon.colcon_core.package_identification:_identify(src/robotaksi_description) by extensions ['ignore', 'ignore_ament_install']
[0.205s] Level 1:colcon.colcon_core.package_identification:_identify(src/robotaksi_description) by extension 'ignore'
[0.205s] Level 1:colcon.colcon_core.package_identification:_identify(src/robotaksi_description) by extension 'ignore_ament_install'
[0.205s] Level 1:colcon.colcon_core.package_identification:_identify(src/robotaksi_description) by extensions ['colcon_pkg']
[0.205s] Level 1:colcon.colcon_core.package_identification:_identify(src/robotaksi_description) by extension 'colcon_pkg'
[0.205s] Level 1:colcon.colcon_core.package_identification:_identify(src/robotaksi_description) by extensions ['colcon_meta']
[0.205s] Level 1:colcon.colcon_core.package_identification:_identify(src/robotaksi_description) by extension 'colcon_meta'
[0.205s] Level 1:colcon.colcon_core.package_identification:_identify(src/robotaksi_description) by extensions ['ros']
[0.205s] Level 1:colcon.colcon_core.package_identification:_identify(src/robotaksi_description) by extension 'ros'
[0.206s] DEBUG:colcon.colcon_core.package_identification:Package 'src/robotaksi_description' with type 'ros.ament_python' and name 'robotaksi_description'
[0.206s] Level 1:colcon.colcon_core.package_identification:_identify(src/rplidar_slam) by extensions ['ignore', 'ignore_ament_install']
[0.206s] Level 1:colcon.colcon_core.package_identification:_identify(src/rplidar_slam) by extension 'ignore'
[0.206s] Level 1:colcon.colcon_core.package_identification:_identify(src/rplidar_slam) by extension 'ignore_ament_install'
[0.206s] Level 1:colcon.colcon_core.package_identification:_identify(src/rplidar_slam) by extensions ['colcon_pkg']
[0.206s] Level 1:colcon.colcon_core.package_identification:_identify(src/rplidar_slam) by extension 'colcon_pkg'
[0.206s] Level 1:colcon.colcon_core.package_identification:_identify(src/rplidar_slam) by extensions ['colcon_meta']
[0.206s] Level 1:colcon.colcon_core.package_identification:_identify(src/rplidar_slam) by extension 'colcon_meta'
[0.206s] Level 1:colcon.colcon_core.package_identification:_identify(src/rplidar_slam) by extensions ['ros']
[0.206s] Level 1:colcon.colcon_core.package_identification:_identify(src/rplidar_slam) by extension 'ros'
[0.207s] DEBUG:colcon.colcon_core.package_identification:Package 'src/rplidar_slam' with type 'ros.ament_cmake' and name 'rplidar_slam'
[0.207s] Level 1:colcon.colcon_core.package_discovery:discover_packages(recursive) using defaults
[0.207s] Level 1:colcon.colcon_core.package_discovery:discover_packages(ignore) discover
[0.207s] Level 1:colcon.colcon_core.package_discovery:discover_packages(ignore) using defaults
[0.207s] Level 1:colcon.colcon_core.package_discovery:discover_packages(path) discover
[0.207s] Level 1:colcon.colcon_core.package_discovery:discover_packages(path) using defaults
[0.220s] Level 1:colcon.colcon_core.package_discovery:discover_packages(prefix_path) check parameters
[0.220s] Level 1:colcon.colcon_core.package_discovery:discover_packages(prefix_path) discover
[0.221s] DEBUG:colcon.colcon_installed_package_information.package_discovery:Found 5 installed packages in /home/hilal/ros2_ws/install
[0.222s] DEBUG:colcon.colcon_installed_package_information.package_discovery:Found 386 installed packages in /opt/ros/humble
[0.224s] Level 1:colcon.colcon_core.package_discovery:discover_packages(prefix_path) using defaults
[0.250s] Level 5:colcon.colcon_core.verb:set package 'last_description' build argument 'cmake_args' from command line to 'None'
[0.251s] Level 5:colcon.colcon_core.verb:set package 'last_description' build argument 'cmake_target' from command line to 'None'
[0.251s] Level 5:colcon.colcon_core.verb:set package 'last_description' build argument 'cmake_target_skip_unavailable' from command line to 'False'
[0.251s] Level 5:colcon.colcon_core.verb:set package 'last_description' build argument 'cmake_clean_cache' from command line to 'False'
[0.251s] Level 5:colcon.colcon_core.verb:set package 'last_description' build argument 'cmake_clean_first' from command line to 'False'
[0.251s] Level 5:colcon.colcon_core.verb:set package 'last_description' build argument 'cmake_force_configure' from command line to 'False'
[0.251s] Level 5:colcon.colcon_core.verb:set package 'last_description' build argument 'ament_cmake_args' from command line to 'None'
[0.251s] Level 5:colcon.colcon_core.verb:set package 'last_description' build argument 'catkin_cmake_args' from command line to 'None'
[0.251s] Level 5:colcon.colcon_core.verb:set package 'last_description' build argument 'catkin_skip_building_tests' from command line to 'False'
[0.251s] DEBUG:colcon.colcon_core.verb:Building package 'last_description' with the following arguments: {'ament_cmake_args': None, 'build_base': '/home/hilal/ros2_ws/build/last_description', 'catkin_cmake_args': None, 'catkin_skip_building_tests': False, 'cmake_args': None, 'cmake_clean_cache': False, 'cmake_clean_first': False, 'cmake_force_configure': False, 'cmake_target': None, 'cmake_target_skip_unavailable': False, 'install_base': '/home/hilal/ros2_ws/install/last_description', 'merge_install': False, 'path': '/home/hilal/ros2_ws/src/last_description', 'symlink_install': False, 'test_result_base': None}
[0.251s] Level 5:colcon.colcon_core.verb:set package 'robot_slam' build argument 'cmake_args' from command line to 'None'
[0.251s] Level 5:colcon.colcon_core.verb:set package 'robot_slam' build argument 'cmake_target' from command line to 'None'
[0.251s] Level 5:colcon.colcon_core.verb:set package 'robot_slam' build argument 'cmake_target_skip_unavailable' from command line to 'False'
[0.251s] Level 5:colcon.colcon_core.verb:set package 'robot_slam' build argument 'cmake_clean_cache' from command line to 'False'
[0.251s] Level 5:colcon.colcon_core.verb:set package 'robot_slam' build argument 'cmake_clean_first' from command line to 'False'
[0.251s] Level 5:colcon.colcon_core.verb:set package 'robot_slam' build argument 'cmake_force_configure' from command line to 'False'
[0.251s] Level 5:colcon.colcon_core.verb:set package 'robot_slam' build argument 'ament_cmake_args' from command line to 'None'
[0.251s] Level 5:colcon.colcon_core.verb:set package 'robot_slam' build argument 'catkin_cmake_args' from command line to 'None'
[0.251s] Level 5:colcon.colcon_core.verb:set package 'robot_slam' build argument 'catkin_skip_building_tests' from command line to 'False'
[0.251s] DEBUG:colcon.colcon_core.verb:Building package 'robot_slam' with the following arguments: {'ament_cmake_args': None, 'build_base': '/home/hilal/ros2_ws/build/robot_slam', 'catkin_cmake_args': None, 'catkin_skip_building_tests': False, 'cmake_args': None, 'cmake_clean_cache': False, 'cmake_clean_first': False, 'cmake_force_configure': False, 'cmake_target': None, 'cmake_target_skip_unavailable': False, 'install_base': '/home/hilal/ros2_ws/install/robot_slam', 'merge_install': False, 'path': '/home/hilal/ros2_ws/src/robot_slam', 'symlink_install': False, 'test_result_base': None}
[0.251s] Level 5:colcon.colcon_core.verb:set package 'robotaksi_description' build argument 'cmake_args' from command line to 'None'
[0.251s] Level 5:colcon.colcon_core.verb:set package 'robotaksi_description' build argument 'cmake_target' from command line to 'None'
[0.251s] Level 5:colcon.colcon_core.verb:set package 'robotaksi_description' build argument 'cmake_target_skip_unavailable' from command line to 'False'
[0.251s] Level 5:colcon.colcon_core.verb:set package 'robotaksi_description' build argument 'cmake_clean_cache' from command line to 'False'
[0.251s] Level 5:colcon.colcon_core.verb:set package 'robotaksi_description' build argument 'cmake_clean_first' from command line to 'False'
[0.251s] Level 5:colcon.colcon_core.verb:set package 'robotaksi_description' build argument 'cmake_force_configure' from command line to 'False'
[0.251s] Level 5:colcon.colcon_core.verb:set package 'robotaksi_description' build argument 'ament_cmake_args' from command line to 'None'
[0.251s] Level 5:colcon.colcon_core.verb:set package 'robotaksi_description' build argument 'catkin_cmake_args' from command line to 'None'
[0.251s] Level 5:colcon.colcon_core.verb:set package 'robotaksi_description' build argument 'catkin_skip_building_tests' from command line to 'False'
[0.251s] DEBUG:colcon.colcon_core.verb:Building package 'robotaksi_description' with the following arguments: {'ament_cmake_args': None, 'build_base': '/home/hilal/ros2_ws/build/robotaksi_description', 'catkin_cmake_args': None, 'catkin_skip_building_tests': False, 'cmake_args': None, 'cmake_clean_cache': False, 'cmake_clean_first': False, 'cmake_force_configure': False, 'cmake_target': None, 'cmake_target_skip_unavailable': False, 'install_base': '/home/hilal/ros2_ws/install/robotaksi_description', 'merge_install': False, 'path': '/home/hilal/ros2_ws/src/robotaksi_description', 'symlink_install': False, 'test_result_base': None}
[0.251s] Level 5:colcon.colcon_core.verb:set package 'rplidar_slam' build argument 'cmake_args' from command line to 'None'
[0.252s] Level 5:colcon.colcon_core.verb:set package 'rplidar_slam' build argument 'cmake_target' from command line to 'None'
[0.252s] Level 5:colcon.colcon_core.verb:set package 'rplidar_slam' build argument 'cmake_target_skip_unavailable' from command line to 'False'
[0.252s] Level 5:colcon.colcon_core.verb:set package 'rplidar_slam' build argument 'cmake_clean_cache' from command line to 'False'
[0.252s] Level 5:colcon.colcon_core.verb:set package 'rplidar_slam' build argument 'cmake_clean_first' from command line to 'False'
[0.252s] Level 5:colcon.colcon_core.verb:set package 'rplidar_slam' build argument 'cmake_force_configure' from command line to 'False'
[0.252s] Level 5:colcon.colcon_core.verb:set package 'rplidar_slam' build argument 'ament_cmake_args' from command line to 'None'
[0.252s] Level 5:colcon.colcon_core.verb:set package 'rplidar_slam' build argument 'catkin_cmake_args' from command line to 'None'
[0.252s] Level 5:colcon.colcon_core.verb:set package 'rplidar_slam' build argument 'catkin_skip_building_tests' from command line to 'False'
[0.252s] DEBUG:colcon.colcon_core.verb:Building package 'rplidar_slam' with the following arguments: {'ament_cmake_args': None, 'build_base': '/home/hilal/ros2_ws/build/rplidar_slam', 'catkin_cmake_args': None, 'catkin_skip_building_tests': False, 'cmake_args': None, 'cmake_clean_cache': False, 'cmake_clean_first': False, 'cmake_force_configure': False, 'cmake_target': None, 'cmake_target_skip_unavailable': False, 'install_base': '/home/hilal/ros2_ws/install/rplidar_slam', 'merge_install': False, 'path': '/home/hilal/ros2_ws/src/rplidar_slam', 'symlink_install': False, 'test_result_base': None}
[0.252s] Level 5:colcon.colcon_core.verb:set package 'last_smooth_controller' build argument 'cmake_args' from command line to 'None'
[0.252s] Level 5:colcon.colcon_core.verb:set package 'last_smooth_controller' build argument 'cmake_target' from command line to 'None'
[0.252s] Level 5:colcon.colcon_core.verb:set package 'last_smooth_controller' build argument 'cmake_target_skip_unavailable' from command line to 'False'
[0.252s] Level 5:colcon.colcon_core.verb:set package 'last_smooth_controller' build argument 'cmake_clean_cache' from command line to 'False'
[0.252s] Level 5:colcon.colcon_core.verb:set package 'last_smooth_controller' build argument 'cmake_clean_first' from command line to 'False'
[0.252s] Level 5:colcon.colcon_core.verb:set package 'last_smooth_controller' build argument 'cmake_force_configure' from command line to 'False'
[0.252s] Level 5:colcon.colcon_core.verb:set package 'last_smooth_controller' build argument 'ament_cmake_args' from command line to 'None'
[0.252s] Level 5:colcon.colcon_core.verb:set package 'last_smooth_controller' build argument 'catkin_cmake_args' from command line to 'None'
[0.252s] Level 5:colcon.colcon_core.verb:set package 'last_smooth_controller' build argument 'catkin_skip_building_tests' from command line to 'False'
[0.252s] DEBUG:colcon.colcon_core.verb:Building package 'last_smooth_controller' with the following arguments: {'ament_cmake_args': None, 'build_base': '/home/hilal/ros2_ws/build/last_smooth_controller', 'catkin_cmake_args': None, 'catkin_skip_building_tests': False, 'cmake_args': None, 'cmake_clean_cache': False, 'cmake_clean_first': False, 'cmake_force_configure': False, 'cmake_target': None, 'cmake_target_skip_unavailable': False, 'install_base': '/home/hilal/ros2_ws/install/last_smooth_controller', 'merge_install': False, 'path': '/home/hilal/ros2_ws/src/last_smooth_controller', 'symlink_install': False, 'test_result_base': None}
[0.252s] INFO:colcon.colcon_core.executor:Executing jobs using 'parallel' executor
[0.253s] DEBUG:colcon.colcon_parallel_executor.executor.parallel:run_until_complete
[0.253s] INFO:colcon.colcon_ros.task.ament_python.build:Building ROS package in '/home/hilal/ros2_ws/src/last_description' with build type 'ament_python'
[0.253s] Level 1:colcon.colcon_core.shell:create_environment_hook('last_description', 'ament_prefix_path')
[0.255s] INFO:colcon.colcon_core.plugin_system:Skipping extension 'colcon_core.shell.bat': Not used on non-Windows systems
[0.255s] INFO:colcon.colcon_core.shell:Creating environment hook '/home/hilal/ros2_ws/install/last_description/share/last_description/hook/ament_prefix_path.ps1'
[0.255s] INFO:colcon.colcon_core.shell:Creating environment descriptor '/home/hilal/ros2_ws/install/last_description/share/last_description/hook/ament_prefix_path.dsv'
[0.255s] INFO:colcon.colcon_core.shell:Creating environment hook '/home/hilal/ros2_ws/install/last_description/share/last_description/hook/ament_prefix_path.sh'
[0.256s] INFO:colcon.colcon_core.shell:Skip shell extension 'powershell' for command environment: Not usable outside of PowerShell
[0.256s] DEBUG:colcon.colcon_core.shell:Skip shell extension 'dsv' for command environment
[0.258s] INFO:colcon.colcon_ros.task.ament_cmake.build:Building ROS package in '/home/hilal/ros2_ws/src/robot_slam' with build type 'ament_cmake'
[0.258s] INFO:colcon.colcon_cmake.task.cmake.build:Building CMake package in '/home/hilal/ros2_ws/src/robot_slam'
[0.258s] INFO:colcon.colcon_core.shell:Skip shell extension 'powershell' for command environment: Not usable outside of PowerShell
[0.258s] DEBUG:colcon.colcon_core.shell:Skip shell extension 'dsv' for command environment
[0.260s] INFO:colcon.colcon_ros.task.ament_python.build:Building ROS package in '/home/hilal/ros2_ws/src/robotaksi_description' with build type 'ament_python'
[0.260s] Level 1:colcon.colcon_core.shell:create_environment_hook('robotaksi_description', 'ament_prefix_path')
[0.261s] INFO:colcon.colcon_core.shell:Creating environment hook '/home/hilal/ros2_ws/install/robotaksi_description/share/robotaksi_description/hook/ament_prefix_path.ps1'
[0.261s] INFO:colcon.colcon_core.shell:Creating environment descriptor '/home/hilal/ros2_ws/install/robotaksi_description/share/robotaksi_description/hook/ament_prefix_path.dsv'
[0.261s] INFO:colcon.colcon_core.shell:Creating environment hook '/home/hilal/ros2_ws/install/robotaksi_description/share/robotaksi_description/hook/ament_prefix_path.sh'
[0.262s] INFO:colcon.colcon_core.shell:Skip shell extension 'powershell' for command environment: Not usable outside of PowerShell
[0.262s] DEBUG:colcon.colcon_core.shell:Skip shell extension 'dsv' for command environment
[0.264s] INFO:colcon.colcon_ros.task.ament_cmake.build:Building ROS package in '/home/hilal/ros2_ws/src/rplidar_slam' with build type 'ament_cmake'
[0.264s] INFO:colcon.colcon_cmake.task.cmake.build:Building CMake package in '/home/hilal/ros2_ws/src/rplidar_slam'
[0.264s] INFO:colcon.colcon_core.shell:Skip shell extension 'powershell' for command environment: Not usable outside of PowerShell
[0.264s] DEBUG:colcon.colcon_core.shell:Skip shell extension 'dsv' for command environment
[0.437s] INFO:colcon.colcon_core.task.python.build:Building Python package in '/home/hilal/ros2_ws/src/last_description'
[0.437s] INFO:colcon.colcon_core.shell:Skip shell extension 'powershell' for command environment: Not usable outside of PowerShell
[0.437s] DEBUG:colcon.colcon_core.shell:Skip shell extension 'dsv' for command environment
[0.442s] DEBUG:colcon.colcon_core.event_handler.log_command:Invoking command in '/home/hilal/ros2_ws/build/robot_slam': CMAKE_PREFIX_PATH=${CMAKE_PREFIX_PATH}:/home/hilal/ros2_ws/install/robotaksi_description:/home/hilal/ros2_ws/install/last_smooth_controller:/home/hilal/ros2_ws/install/last_description:/opt/ros/humble /usr/bin/cmake --build /home/hilal/ros2_ws/build/robot_slam -- -j16 -l16
[0.615s] INFO:colcon.colcon_core.task.python.build:Building Python package in '/home/hilal/ros2_ws/src/robotaksi_description'
[0.615s] INFO:colcon.colcon_core.shell:Skip shell extension 'powershell' for command environment: Not usable outside of PowerShell
[0.615s] DEBUG:colcon.colcon_core.shell:Skip shell extension 'dsv' for command environment
[0.622s] DEBUG:colcon.colcon_core.event_handler.log_command:Invoking command in '/home/hilal/ros2_ws/build/rplidar_slam': CMAKE_PREFIX_PATH=${CMAKE_PREFIX_PATH}:/home/hilal/ros2_ws/install/robotaksi_description:/home/hilal/ros2_ws/install/last_smooth_controller:/home/hilal/ros2_ws/install/last_description:/opt/ros/humble /usr/bin/cmake --build /home/hilal/ros2_ws/build/rplidar_slam -- -j16 -l16
[0.622s] DEBUG:colcon.colcon_core.event_handler.log_command:Invoked command in '/home/hilal/ros2_ws/build/robot_slam' returned '0': CMAKE_PREFIX_PATH=${CMAKE_PREFIX_PATH}:/home/hilal/ros2_ws/install/robotaksi_description:/home/hilal/ros2_ws/install/last_smooth_controller:/home/hilal/ros2_ws/install/last_description:/opt/ros/humble /usr/bin/cmake --build /home/hilal/ros2_ws/build/robot_slam -- -j16 -l16
[0.630s] DEBUG:colcon.colcon_core.event_handler.log_command:Invoking command in '/home/hilal/ros2_ws/build/robot_slam': CMAKE_PREFIX_PATH=${CMAKE_PREFIX_PATH}:/home/hilal/ros2_ws/install/robotaksi_description:/home/hilal/ros2_ws/install/last_smooth_controller:/home/hilal/ros2_ws/install/last_description:/opt/ros/humble /usr/bin/cmake --install /home/hilal/ros2_ws/build/robot_slam
[0.644s] Level 1:colcon.colcon_core.environment:create_environment_scripts_only(robot_slam)
[0.644s] DEBUG:colcon.colcon_core.event_handler.log_command:Invoked command in '/home/hilal/ros2_ws/build/robot_slam' returned '0': CMAKE_PREFIX_PATH=${CMAKE_PREFIX_PATH}:/home/hilal/ros2_ws/install/robotaksi_description:/home/hilal/ros2_ws/install/last_smooth_controller:/home/hilal/ros2_ws/install/last_description:/opt/ros/humble /usr/bin/cmake --install /home/hilal/ros2_ws/build/robot_slam
[0.648s] Level 1:colcon.colcon_core.environment:checking '/home/hilal/ros2_ws/install/robot_slam' for CMake module files
[0.649s] Level 1:colcon.colcon_core.environment:checking '/home/hilal/ros2_ws/install/robot_slam' for CMake config files
[0.649s] Level 1:colcon.colcon_core.shell:create_environment_hook('robot_slam', 'cmake_prefix_path')
[0.650s] INFO:colcon.colcon_core.shell:Creating environment hook '/home/hilal/ros2_ws/install/robot_slam/share/robot_slam/hook/cmake_prefix_path.ps1'
[0.650s] INFO:colcon.colcon_core.shell:Creating environment descriptor '/home/hilal/ros2_ws/install/robot_slam/share/robot_slam/hook/cmake_prefix_path.dsv'
[0.651s] INFO:colcon.colcon_core.shell:Creating environment hook '/home/hilal/ros2_ws/install/robot_slam/share/robot_slam/hook/cmake_prefix_path.sh'
[0.652s] Level 1:colcon.colcon_core.environment:checking '/home/hilal/ros2_ws/install/robot_slam/bin'
[0.652s] Level 1:colcon.colcon_core.environment:checking '/home/hilal/ros2_ws/install/robot_slam/lib/pkgconfig/robot_slam.pc'
[0.652s] Level 1:colcon.colcon_core.environment:checking '/home/hilal/ros2_ws/install/robot_slam/lib/python3.10/site-packages'
[0.652s] Level 1:colcon.colcon_core.environment:checking '/home/hilal/ros2_ws/install/robot_slam/bin'
[0.653s] INFO:colcon.colcon_core.shell:Creating package script '/home/hilal/ros2_ws/install/robot_slam/share/robot_slam/package.ps1'
[0.654s] INFO:colcon.colcon_core.shell:Creating package descriptor '/home/hilal/ros2_ws/install/robot_slam/share/robot_slam/package.dsv'
[0.654s] INFO:colcon.colcon_core.shell:Creating package script '/home/hilal/ros2_ws/install/robot_slam/share/robot_slam/package.sh'
[0.655s] INFO:colcon.colcon_core.shell:Creating package script '/home/hilal/ros2_ws/install/robot_slam/share/robot_slam/package.bash'
[0.655s] INFO:colcon.colcon_core.shell:Creating package script '/home/hilal/ros2_ws/install/robot_slam/share/robot_slam/package.zsh'
[0.656s] Level 1:colcon.colcon_core.environment:create_file_with_runtime_dependencies(/home/hilal/ros2_ws/install/robot_slam/share/colcon-core/packages/robot_slam)
[0.656s] Level 1:colcon.colcon_core.environment:create_environment_scripts_only(robot_slam)
[0.656s] Level 1:colcon.colcon_core.environment:checking '/home/hilal/ros2_ws/install/robot_slam' for CMake module files
[0.656s] Level 1:colcon.colcon_core.environment:checking '/home/hilal/ros2_ws/install/robot_slam' for CMake config files
[0.657s] Level 1:colcon.colcon_core.shell:create_environment_hook('robot_slam', 'cmake_prefix_path')
[0.657s] INFO:colcon.colcon_core.shell:Creating environment hook '/home/hilal/ros2_ws/install/robot_slam/share/robot_slam/hook/cmake_prefix_path.ps1'
[0.657s] INFO:colcon.colcon_core.shell:Creating environment descriptor '/home/hilal/ros2_ws/install/robot_slam/share/robot_slam/hook/cmake_prefix_path.dsv'
[0.657s] INFO:colcon.colcon_core.shell:Creating environment hook '/home/hilal/ros2_ws/install/robot_slam/share/robot_slam/hook/cmake_prefix_path.sh'
[0.657s] Level 1:colcon.colcon_core.environment:checking '/home/hilal/ros2_ws/install/robot_slam/bin'
[0.657s] Level 1:colcon.colcon_core.environment:checking '/home/hilal/ros2_ws/install/robot_slam/lib/pkgconfig/robot_slam.pc'
[0.658s] Level 1:colcon.colcon_core.environment:checking '/home/hilal/ros2_ws/install/robot_slam/lib/python3.10/site-packages'
[0.658s] Level 1:colcon.colcon_core.environment:checking '/home/hilal/ros2_ws/install/robot_slam/bin'
[0.658s] INFO:colcon.colcon_core.shell:Creating package script '/home/hilal/ros2_ws/install/robot_slam/share/robot_slam/package.ps1'
[0.658s] INFO:colcon.colcon_core.shell:Creating package descriptor '/home/hilal/ros2_ws/install/robot_slam/share/robot_slam/package.dsv'
[0.658s] INFO:colcon.colcon_core.shell:Creating package script '/home/hilal/ros2_ws/install/robot_slam/share/robot_slam/package.sh'
[0.659s] INFO:colcon.colcon_core.shell:Creating package script '/home/hilal/ros2_ws/install/robot_slam/share/robot_slam/package.bash'
[0.659s] INFO:colcon.colcon_core.shell:Creating package script '/home/hilal/ros2_ws/install/robot_slam/share/robot_slam/package.zsh'
[0.659s] Level 1:colcon.colcon_core.environment:create_file_with_runtime_dependencies(/home/hilal/ros2_ws/install/robot_slam/share/colcon-core/packages/robot_slam)
[0.661s] DEBUG:colcon.colcon_core.event_handler.log_command:Invoked command in '/home/hilal/ros2_ws/build/rplidar_slam' returned '0': CMAKE_PREFIX_PATH=${CMAKE_PREFIX_PATH}:/home/hilal/ros2_ws/install/robotaksi_description:/home/hilal/ros2_ws/install/last_smooth_controller:/home/hilal/ros2_ws/install/last_description:/opt/ros/humble /usr/bin/cmake --build /home/hilal/ros2_ws/build/rplidar_slam -- -j16 -l16
[0.662s] DEBUG:colcon.colcon_core.event_handler.log_command:Invoking command in '/home/hilal/ros2_ws/build/rplidar_slam': CMAKE_PREFIX_PATH=${CMAKE_PREFIX_PATH}:/home/hilal/ros2_ws/install/robotaksi_description:/home/hilal/ros2_ws/install/last_smooth_controller:/home/hilal/ros2_ws/install/last_description:/opt/ros/humble /usr/bin/cmake --install /home/hilal/ros2_ws/build/rplidar_slam
[0.670s] Level 1:colcon.colcon_core.environment:create_environment_scripts_only(rplidar_slam)
[0.670s] Level 1:colcon.colcon_core.environment:checking '/home/hilal/ros2_ws/install/rplidar_slam' for CMake module files
[0.670s] DEBUG:colcon.colcon_core.event_handler.log_command:Invoked command in '/home/hilal/ros2_ws/build/rplidar_slam' returned '0': CMAKE_PREFIX_PATH=${CMAKE_PREFIX_PATH}:/home/hilal/ros2_ws/install/robotaksi_description:/home/hilal/ros2_ws/install/last_smooth_controller:/home/hilal/ros2_ws/install/last_description:/opt/ros/humble /usr/bin/cmake --install /home/hilal/ros2_ws/build/rplidar_slam
[0.671s] Level 1:colcon.colcon_core.environment:checking '/home/hilal/ros2_ws/install/rplidar_slam' for CMake config files
[0.671s] Level 1:colcon.colcon_core.shell:create_environment_hook('rplidar_slam', 'cmake_prefix_path')
[0.671s] INFO:colcon.colcon_core.shell:Creating environment hook '/home/hilal/ros2_ws/install/rplidar_slam/share/rplidar_slam/hook/cmake_prefix_path.ps1'
[0.671s] INFO:colcon.colcon_core.shell:Creating environment descriptor '/home/hilal/ros2_ws/install/rplidar_slam/share/rplidar_slam/hook/cmake_prefix_path.dsv'
[0.671s] INFO:colcon.colcon_core.shell:Creating environment hook '/home/hilal/ros2_ws/install/rplidar_slam/share/rplidar_slam/hook/cmake_prefix_path.sh'
[0.672s] Level 1:colcon.colcon_core.environment:checking '/home/hilal/ros2_ws/install/rplidar_slam/lib'
[0.672s] Level 1:colcon.colcon_core.environment:checking '/home/hilal/ros2_ws/install/rplidar_slam/bin'
[0.672s] Level 1:colcon.colcon_core.environment:checking '/home/hilal/ros2_ws/install/rplidar_slam/lib/pkgconfig/rplidar_slam.pc'
[0.672s] Level 1:colcon.colcon_core.environment:checking '/home/hilal/ros2_ws/install/rplidar_slam/lib/python3.10/site-packages'
[0.672s] Level 1:colcon.colcon_core.environment:checking '/home/hilal/ros2_ws/install/rplidar_slam/bin'
[0.673s] INFO:colcon.colcon_core.shell:Creating package script '/home/hilal/ros2_ws/install/rplidar_slam/share/rplidar_slam/package.ps1'
[0.673s] INFO:colcon.colcon_core.shell:Creating package descriptor '/home/hilal/ros2_ws/install/rplidar_slam/share/rplidar_slam/package.dsv'
[0.673s] INFO:colcon.colcon_core.shell:Creating package script '/home/hilal/ros2_ws/install/rplidar_slam/share/rplidar_slam/package.sh'
[0.673s] INFO:colcon.colcon_core.shell:Creating package script '/home/hilal/ros2_ws/install/rplidar_slam/share/rplidar_slam/package.bash'
[0.674s] INFO:colcon.colcon_core.shell:Creating package script '/home/hilal/ros2_ws/install/rplidar_slam/share/rplidar_slam/package.zsh'
[0.674s] Level 1:colcon.colcon_core.environment:create_file_with_runtime_dependencies(/home/hilal/ros2_ws/install/rplidar_slam/share/colcon-core/packages/rplidar_slam)
[0.674s] Level 1:colcon.colcon_core.environment:create_environment_scripts_only(rplidar_slam)
[0.674s] Level 1:colcon.colcon_core.environment:checking '/home/hilal/ros2_ws/install/rplidar_slam' for CMake module files
[0.674s] Level 1:colcon.colcon_core.environment:checking '/home/hilal/ros2_ws/install/rplidar_slam' for CMake config files
[0.675s] Level 1:colcon.colcon_core.shell:create_environment_hook('rplidar_slam', 'cmake_prefix_path')
[0.675s] INFO:colcon.colcon_core.shell:Creating environment hook '/home/hilal/ros2_ws/install/rplidar_slam/share/rplidar_slam/hook/cmake_prefix_path.ps1'
[0.675s] INFO:colcon.colcon_core.shell:Creating environment descriptor '/home/hilal/ros2_ws/install/rplidar_slam/share/rplidar_slam/hook/cmake_prefix_path.dsv'
[0.675s] INFO:colcon.colcon_core.shell:Creating environment hook '/home/hilal/ros2_ws/install/rplidar_slam/share/rplidar_slam/hook/cmake_prefix_path.sh'
[0.675s] Level 1:colcon.colcon_core.environment:checking '/home/hilal/ros2_ws/install/rplidar_slam/lib'
[0.676s] Level 1:colcon.colcon_core.environment:checking '/home/hilal/ros2_ws/install/rplidar_slam/bin'
[0.676s] Level 1:colcon.colcon_core.environment:checking '/home/hilal/ros2_ws/install/rplidar_slam/lib/pkgconfig/rplidar_slam.pc'
[0.676s] Level 1:colcon.colcon_core.environment:checking '/home/hilal/ros2_ws/install/rplidar_slam/lib/python3.10/site-packages'
[0.676s] Level 1:colcon.colcon_core.environment:checking '/home/hilal/ros2_ws/install/rplidar_slam/bin'
[0.676s] INFO:colcon.colcon_core.shell:Creating package script '/home/hilal/ros2_ws/install/rplidar_slam/share/rplidar_slam/package.ps1'
[0.676s] INFO:colcon.colcon_core.shell:Creating package descriptor '/home/hilal/ros2_ws/install/rplidar_slam/share/rplidar_slam/package.dsv'
[0.677s] INFO:colcon.colcon_core.shell:Creating package script '/home/hilal/ros2_ws/install/rplidar_slam/share/rplidar_slam/package.sh'
[0.677s] INFO:colcon.colcon_core.shell:Creating package script '/home/hilal/ros2_ws/install/rplidar_slam/share/rplidar_slam/package.bash'
[0.677s] INFO:colcon.colcon_core.shell:Creating package script '/home/hilal/ros2_ws/install/rplidar_slam/share/rplidar_slam/package.zsh'
[0.677s] Level 1:colcon.colcon_core.environment:create_file_with_runtime_dependencies(/home/hilal/ros2_ws/install/rplidar_slam/share/colcon-core/packages/rplidar_slam)
[0.868s] DEBUG:colcon.colcon_core.event_handler.log_command:Invoking command in '/home/hilal/ros2_ws/src/last_description': PYTHONPATH=/home/hilal/ros2_ws/build/last_description/prefix_override:/usr/lib/python3/dist-packages/colcon_core/task/python/colcon_distutils_commands:/home/hilal/ros2_ws/install/last_description/lib/python3.10/site-packages:${PYTHONPATH} /usr/bin/python3 -W ignore:setup.py install is deprecated -W ignore:easy_install command is deprecated setup.py egg_info --egg-base ../../build/last_description build --build-base /home/hilal/ros2_ws/build/last_description/build install --record /home/hilal/ros2_ws/build/last_description/install.log --single-version-externally-managed install_data
[0.874s] DEBUG:colcon.colcon_core.event_handler.log_command:Invoking command in '/home/hilal/ros2_ws/src/robotaksi_description': PYTHONPATH=/home/hilal/ros2_ws/build/robotaksi_description/prefix_override:/usr/lib/python3/dist-packages/colcon_core/task/python/colcon_distutils_commands:/home/hilal/ros2_ws/install/robotaksi_description/lib/python3.10/site-packages:${PYTHONPATH} /usr/bin/python3 -W ignore:setup.py install is deprecated -W ignore:easy_install command is deprecated setup.py egg_info --egg-base ../../build/robotaksi_description build --build-base /home/hilal/ros2_ws/build/robotaksi_description/build install --record /home/hilal/ros2_ws/build/robotaksi_description/install.log --install-scripts $base/lib/robotaksi_description --single-version-externally-managed install_data
[1.061s] Level 1:colcon.colcon_core.environment:checking '/home/hilal/ros2_ws/install/last_description' for CMake module files
[1.062s] DEBUG:colcon.colcon_core.event_handler.log_command:Invoked command in '/home/hilal/ros2_ws/src/last_description' returned '0': PYTHONPATH=/home/hilal/ros2_ws/build/last_description/prefix_override:/usr/lib/python3/dist-packages/colcon_core/task/python/colcon_distutils_commands:/home/hilal/ros2_ws/install/last_description/lib/python3.10/site-packages:${PYTHONPATH} /usr/bin/python3 -W ignore:setup.py install is deprecated -W ignore:easy_install command is deprecated setup.py egg_info --egg-base ../../build/last_description build --build-base /home/hilal/ros2_ws/build/last_description/build install --record /home/hilal/ros2_ws/build/last_description/install.log --single-version-externally-managed install_data
[1.062s] Level 1:colcon.colcon_core.environment:checking '/home/hilal/ros2_ws/install/last_description' for CMake config files
[1.062s] Level 1:colcon.colcon_core.environment:checking '/home/hilal/ros2_ws/install/last_description/lib'
[1.062s] Level 1:colcon.colcon_core.environment:checking '/home/hilal/ros2_ws/install/last_description/bin'
[1.062s] Level 1:colcon.colcon_core.shell:create_environment_hook('last_description', 'path')
[1.063s] INFO:colcon.colcon_core.shell:Creating environment hook '/home/hilal/ros2_ws/install/last_description/share/last_description/hook/path.ps1'
[1.063s] INFO:colcon.colcon_core.shell:Creating environment descriptor '/home/hilal/ros2_ws/install/last_description/share/last_description/hook/path.dsv'
[1.063s] INFO:colcon.colcon_core.shell:Creating environment hook '/home/hilal/ros2_ws/install/last_description/share/last_description/hook/path.sh'
[1.063s] Level 1:colcon.colcon_core.environment:checking '/home/hilal/ros2_ws/install/last_description/lib/pkgconfig/last_description.pc'
[1.064s] Level 1:colcon.colcon_core.environment:checking '/home/hilal/ros2_ws/install/last_description/lib/python3.10/site-packages'
[1.064s] Level 1:colcon.colcon_core.shell:create_environment_hook('last_description', 'pythonpath')
[1.064s] INFO:colcon.colcon_core.shell:Creating environment hook '/home/hilal/ros2_ws/install/last_description/share/last_description/hook/pythonpath.ps1'
[1.064s] INFO:colcon.colcon_core.shell:Creating environment descriptor '/home/hilal/ros2_ws/install/last_description/share/last_description/hook/pythonpath.dsv'
[1.064s] INFO:colcon.colcon_core.shell:Creating environment hook '/home/hilal/ros2_ws/install/last_description/share/last_description/hook/pythonpath.sh'
[1.064s] Level 1:colcon.colcon_core.environment:checking '/home/hilal/ros2_ws/install/last_description/bin'
[1.065s] Level 1:colcon.colcon_core.shell:create_environment_hook('last_description', 'pythonscriptspath')
[1.065s] INFO:colcon.colcon_core.shell:Creating environment hook '/home/hilal/ros2_ws/install/last_description/share/last_description/hook/pythonscriptspath.ps1'
[1.065s] INFO:colcon.colcon_core.shell:Creating environment descriptor '/home/hilal/ros2_ws/install/last_description/share/last_description/hook/pythonscriptspath.dsv'
[1.065s] INFO:colcon.colcon_core.shell:Creating environment hook '/home/hilal/ros2_ws/install/last_description/share/last_description/hook/pythonscriptspath.sh'
[1.065s] Level 1:colcon.colcon_core.environment:create_environment_scripts_only(last_description)
[1.065s] INFO:colcon.colcon_core.shell:Creating package script '/home/hilal/ros2_ws/install/last_description/share/last_description/package.ps1'
[1.066s] INFO:colcon.colcon_core.shell:Creating package descriptor '/home/hilal/ros2_ws/install/last_description/share/last_description/package.dsv'
[1.066s] INFO:colcon.colcon_core.shell:Creating package script '/home/hilal/ros2_ws/install/last_description/share/last_description/package.sh'
[1.066s] INFO:colcon.colcon_core.shell:Creating package script '/home/hilal/ros2_ws/install/last_description/share/last_description/package.bash'
[1.067s] INFO:colcon.colcon_core.shell:Creating package script '/home/hilal/ros2_ws/install/last_description/share/last_description/package.zsh'
[1.067s] Level 1:colcon.colcon_core.environment:create_file_with_runtime_dependencies(/home/hilal/ros2_ws/install/last_description/share/colcon-core/packages/last_description)
[1.067s] INFO:colcon.colcon_ros.task.ament_python.build:Building ROS package in '/home/hilal/ros2_ws/src/last_smooth_controller' with build type 'ament_python'
[1.067s] Level 1:colcon.colcon_core.shell:create_environment_hook('last_smooth_controller', 'ament_prefix_path')
[1.067s] INFO:colcon.colcon_core.shell:Creating environment hook '/home/hilal/ros2_ws/install/last_smooth_controller/share/last_smooth_controller/hook/ament_prefix_path.ps1'
[1.068s] INFO:colcon.colcon_core.shell:Creating environment descriptor '/home/hilal/ros2_ws/install/last_smooth_controller/share/last_smooth_controller/hook/ament_prefix_path.dsv'
[1.068s] INFO:colcon.colcon_core.shell:Creating environment hook '/home/hilal/ros2_ws/install/last_smooth_controller/share/last_smooth_controller/hook/ament_prefix_path.sh'
[1.068s] INFO:colcon.colcon_core.shell:Skip shell extension 'powershell' for command environment: Not usable outside of PowerShell
[1.068s] DEBUG:colcon.colcon_core.shell:Skip shell extension 'dsv' for command environment
[1.071s] Level 1:colcon.colcon_core.environment:checking '/home/hilal/ros2_ws/install/robotaksi_description' for CMake module files
[1.071s] DEBUG:colcon.colcon_core.event_handler.log_command:Invoked command in '/home/hilal/ros2_ws/src/robotaksi_description' returned '0': PYTHONPATH=/home/hilal/ros2_ws/build/robotaksi_description/prefix_override:/usr/lib/python3/dist-packages/colcon_core/task/python/colcon_distutils_commands:/home/hilal/ros2_ws/install/robotaksi_description/lib/python3.10/site-packages:${PYTHONPATH} /usr/bin/python3 -W ignore:setup.py install is deprecated -W ignore:easy_install command is deprecated setup.py egg_info --egg-base ../../build/robotaksi_description build --build-base /home/hilal/ros2_ws/build/robotaksi_description/build install --record /home/hilal/ros2_ws/build/robotaksi_description/install.log --install-scripts $base/lib/robotaksi_description --single-version-externally-managed install_data
[1.071s] Level 1:colcon.colcon_core.environment:checking '/home/hilal/ros2_ws/install/robotaksi_description' for CMake config files
[1.072s] Level 1:colcon.colcon_core.environment:checking '/home/hilal/ros2_ws/install/robotaksi_description/lib'
[1.072s] Level 1:colcon.colcon_core.environment:checking '/home/hilal/ros2_ws/install/robotaksi_description/bin'
[1.072s] Level 1:colcon.colcon_core.environment:checking '/home/hilal/ros2_ws/install/robotaksi_description/lib/pkgconfig/robotaksi_description.pc'
[1.072s] Level 1:colcon.colcon_core.environment:checking '/home/hilal/ros2_ws/install/robotaksi_description/lib/python3.10/site-packages'
[1.072s] Level 1:colcon.colcon_core.shell:create_environment_hook('robotaksi_description', 'pythonpath')
[1.072s] INFO:colcon.colcon_core.shell:Creating environment hook '/home/hilal/ros2_ws/install/robotaksi_description/share/robotaksi_description/hook/pythonpath.ps1'
[1.072s] INFO:colcon.colcon_core.shell:Creating environment descriptor '/home/hilal/ros2_ws/install/robotaksi_description/share/robotaksi_description/hook/pythonpath.dsv'
[1.073s] INFO:colcon.colcon_core.shell:Creating environment hook '/home/hilal/ros2_ws/install/robotaksi_description/share/robotaksi_description/hook/pythonpath.sh'
[1.073s] Level 1:colcon.colcon_core.environment:checking '/home/hilal/ros2_ws/install/robotaksi_description/bin'
[1.073s] Level 1:colcon.colcon_core.environment:create_environment_scripts_only(robotaksi_description)
[1.073s] INFO:colcon.colcon_core.shell:Creating package script '/home/hilal/ros2_ws/install/robotaksi_description/share/robotaksi_description/package.ps1'
[1.073s] INFO:colcon.colcon_core.shell:Creating package descriptor '/home/hilal/ros2_ws/install/robotaksi_description/share/robotaksi_description/package.dsv'
[1.074s] INFO:colcon.colcon_core.shell:Creating package script '/home/hilal/ros2_ws/install/robotaksi_description/share/robotaksi_description/package.sh'
[1.074s] INFO:colcon.colcon_core.shell:Creating package script '/home/hilal/ros2_ws/install/robotaksi_description/share/robotaksi_description/package.bash'
[1.074s] INFO:colcon.colcon_core.shell:Creating package script '/home/hilal/ros2_ws/install/robotaksi_description/share/robotaksi_description/package.zsh'
[1.074s] Level 1:colcon.colcon_core.environment:create_file_with_runtime_dependencies(/home/hilal/ros2_ws/install/robotaksi_description/share/colcon-core/packages/robotaksi_description)
[1.242s] INFO:colcon.colcon_core.task.python.build:Building Python package in '/home/hilal/ros2_ws/src/last_smooth_controller'
[1.242s] INFO:colcon.colcon_core.shell:Skip shell extension 'powershell' for command environment: Not usable outside of PowerShell
[1.242s] DEBUG:colcon.colcon_core.shell:Skip shell extension 'dsv' for command environment
[1.478s] DEBUG:colcon.colcon_core.event_handler.log_command:Invoking command in '/home/hilal/ros2_ws/src/last_smooth_controller': AMENT_PREFIX_PATH=/home/hilal/ros2_ws/install/last_description:/home/hilal/ros2_ws/install/rplidar_slam:/home/hilal/ros2_ws/install/robotaksi_description:/home/hilal/ros2_ws/install/robot_slam:/home/hilal/ros2_ws/install/last_smooth_controller:/opt/ros/humble PYTHONPATH=/home/hilal/ros2_ws/build/last_smooth_controller/prefix_override:/usr/lib/python3/dist-packages/colcon_core/task/python/colcon_distutils_commands:/home/hilal/ros2_ws/install/last_smooth_controller/lib/python3.10/site-packages:/home/hilal/ros2_ws/install/last_description/lib/python3.10/site-packages:/home/hilal/ros2_ws/install/robotaksi_description/lib/python3.10/site-packages:/home/hilal/ros2_ws/install/last_smooth_controller/lib/python3.10/site-packages:/opt/ros/humble/lib/python3.10/site-packages:/opt/ros/humble/local/lib/python3.10/dist-packages /usr/bin/python3 -W ignore:setup.py install is deprecated -W ignore:easy_install command is deprecated setup.py egg_info --egg-base ../../build/last_smooth_controller build --build-base /home/hilal/ros2_ws/build/last_smooth_controller/build install --record /home/hilal/ros2_ws/build/last_smooth_controller/install.log --single-version-externally-managed install_data
[1.668s] Level 1:colcon.colcon_core.environment:checking '/home/hilal/ros2_ws/install/last_smooth_controller' for CMake module files
[1.668s] Level 1:colcon.colcon_core.environment:checking '/home/hilal/ros2_ws/install/last_smooth_controller' for CMake config files
[1.668s] DEBUG:colcon.colcon_core.event_handler.log_command:Invoked command in '/home/hilal/ros2_ws/src/last_smooth_controller' returned '0': AMENT_PREFIX_PATH=/home/hilal/ros2_ws/install/last_description:/home/hilal/ros2_ws/install/rplidar_slam:/home/hilal/ros2_ws/install/robotaksi_description:/home/hilal/ros2_ws/install/robot_slam:/home/hilal/ros2_ws/install/last_smooth_controller:/opt/ros/humble PYTHONPATH=/home/hilal/ros2_ws/build/last_smooth_controller/prefix_override:/usr/lib/python3/dist-packages/colcon_core/task/python/colcon_distutils_commands:/home/hilal/ros2_ws/install/last_smooth_controller/lib/python3.10/site-packages:/home/hilal/ros2_ws/install/last_description/lib/python3.10/site-packages:/home/hilal/ros2_ws/install/robotaksi_description/lib/python3.10/site-packages:/home/hilal/ros2_ws/install/last_smooth_controller/lib/python3.10/site-packages:/opt/ros/humble/lib/python3.10/site-packages:/opt/ros/humble/local/lib/python3.10/dist-packages /usr/bin/python3 -W ignore:setup.py install is deprecated -W ignore:easy_install command is deprecated setup.py egg_info --egg-base ../../build/last_smooth_controller build --build-base /home/hilal/ros2_ws/build/last_smooth_controller/build install --record /home/hilal/ros2_ws/build/last_smooth_controller/install.log --single-version-externally-managed install_data
[1.669s] Level 1:colcon.colcon_core.environment:checking '/home/hilal/ros2_ws/install/last_smooth_controller/lib'
[1.669s] Level 1:colcon.colcon_core.environment:checking '/home/hilal/ros2_ws/install/last_smooth_controller/bin'
[1.669s] Level 1:colcon.colcon_core.environment:checking '/home/hilal/ros2_ws/install/last_smooth_controller/lib/pkgconfig/last_smooth_controller.pc'
[1.669s] Level 1:colcon.colcon_core.environment:checking '/home/hilal/ros2_ws/install/last_smooth_controller/lib/python3.10/site-packages'
[1.669s] Level 1:colcon.colcon_core.shell:create_environment_hook('last_smooth_controller', 'pythonpath')
[1.669s] INFO:colcon.colcon_core.shell:Creating environment hook '/home/hilal/ros2_ws/install/last_smooth_controller/share/last_smooth_controller/hook/pythonpath.ps1'
[1.670s] INFO:colcon.colcon_core.shell:Creating environment descriptor '/home/hilal/ros2_ws/install/last_smooth_controller/share/last_smooth_controller/hook/pythonpath.dsv'
[1.670s] INFO:colcon.colcon_core.shell:Creating environment hook '/home/hilal/ros2_ws/install/last_smooth_controller/share/last_smooth_controller/hook/pythonpath.sh'
[1.670s] Level 1:colcon.colcon_core.environment:checking '/home/hilal/ros2_ws/install/last_smooth_controller/bin'
[1.670s] Level 1:colcon.colcon_core.environment:create_environment_scripts_only(last_smooth_controller)
[1.670s] INFO:colcon.colcon_core.shell:Creating package script '/home/hilal/ros2_ws/install/last_smooth_controller/share/last_smooth_controller/package.ps1'
[1.671s] INFO:colcon.colcon_core.shell:Creating package descriptor '/home/hilal/ros2_ws/install/last_smooth_controller/share/last_smooth_controller/package.dsv'
[1.671s] INFO:colcon.colcon_core.shell:Creating package script '/home/hilal/ros2_ws/install/last_smooth_controller/share/last_smooth_controller/package.sh'
[1.671s] INFO:colcon.colcon_core.shell:Creating package script '/home/hilal/ros2_ws/install/last_smooth_controller/share/last_smooth_controller/package.bash'
[1.671s] INFO:colcon.colcon_core.shell:Creating package script '/home/hilal/ros2_ws/install/last_smooth_controller/share/last_smooth_controller/package.zsh'
[1.671s] Level 1:colcon.colcon_core.environment:create_file_with_runtime_dependencies(/home/hilal/ros2_ws/install/last_smooth_controller/share/colcon-core/packages/last_smooth_controller)
[1.672s] DEBUG:colcon.colcon_parallel_executor.executor.parallel:closing loop
[1.672s] DEBUG:colcon.colcon_parallel_executor.executor.parallel:loop closed
[1.672s] DEBUG:colcon.colcon_parallel_executor.executor.parallel:run_until_complete finished with '0'
[1.672s] DEBUG:colcon.colcon_core.event_reactor:joining thread
[1.675s] INFO:colcon.colcon_core.plugin_system:Skipping extension 'colcon_notification.desktop_notification.terminal_notifier': Not used on non-Darwin systems
[1.675s] INFO:colcon.colcon_core.plugin_system:Skipping extension 'colcon_notification.desktop_notification.win32': Not used on non-Windows systems
[1.675s] INFO:colcon.colcon_notification.desktop_notification:Sending desktop notification using 'notify2'
[1.685s] DEBUG:colcon.colcon_core.event_reactor:joined thread
[1.686s] INFO:colcon.colcon_core.shell:Creating prefix script '/home/hilal/ros2_ws/install/local_setup.ps1'
[1.686s] INFO:colcon.colcon_core.shell:Creating prefix util module '/home/hilal/ros2_ws/install/_local_setup_util_ps1.py'
[1.687s] INFO:colcon.colcon_core.shell:Creating prefix chain script '/home/hilal/ros2_ws/install/setup.ps1'
[1.688s] INFO:colcon.colcon_core.shell:Creating prefix script '/home/hilal/ros2_ws/install/local_setup.sh'
[1.688s] INFO:colcon.colcon_core.shell:Creating prefix util module '/home/hilal/ros2_ws/install/_local_setup_util_sh.py'
[1.689s] INFO:colcon.colcon_core.shell:Creating prefix chain script '/home/hilal/ros2_ws/install/setup.sh'
[1.689s] INFO:colcon.colcon_core.shell:Creating prefix script '/home/hilal/ros2_ws/install/local_setup.bash'
[1.690s] INFO:colcon.colcon_core.shell:Creating prefix chain script '/home/hilal/ros2_ws/install/setup.bash'
[1.690s] INFO:colcon.colcon_core.shell:Creating prefix script '/home/hilal/ros2_ws/install/local_setup.zsh'
[1.691s] INFO:colcon.colcon_core.shell:Creating prefix chain script '/home/hilal/ros2_ws/install/setup.zsh'
