running egg_info
creating ../../build/robotaksi_description/robotaksi_description.egg-info
writing ../../build/robotaksi_description/robotaksi_description.egg-info/PKG-INFO
writing dependency_links to ../../build/robotaksi_description/robotaksi_description.egg-info/dependency_links.txt
writing entry points to ../../build/robotaksi_description/robotaksi_description.egg-info/entry_points.txt
writing requirements to ../../build/robotaksi_description/robotaksi_description.egg-info/requires.txt
writing top-level names to ../../build/robotaksi_description/robotaksi_description.egg-info/top_level.txt
writing manifest file '../../build/robotaksi_description/robotaksi_description.egg-info/SOURCES.txt'
reading manifest file '../../build/robotaksi_description/robotaksi_description.egg-info/SOURCES.txt'
writing manifest file '../../build/robotaksi_description/robotaksi_description.egg-info/SOURCES.txt'
running build
running build_py
creating /home/hilal/ros2_ws/build/robotaksi_description/build
creating /home/hilal/ros2_ws/build/robotaksi_description/build/lib
creating /home/hilal/ros2_ws/build/robotaksi_description/build/lib/robotaksi_description
copying robotaksi_description/__init__.py -> /home/hilal/ros2_ws/build/robotaksi_description/build/lib/robotaksi_description
running install
running install_lib
creating /home/hilal/ros2_ws/install/robotaksi_description/lib/python3.10/site-packages/robotaksi_description
copying /home/hilal/ros2_ws/build/robotaksi_description/build/lib/robotaksi_description/__init__.py -> /home/hilal/ros2_ws/install/robotaksi_description/lib/python3.10/site-packages/robotaksi_description
byte-compiling /home/hilal/ros2_ws/install/robotaksi_description/lib/python3.10/site-packages/robotaksi_description/__init__.py to __init__.cpython-310.pyc
running install_data
creating /home/hilal/ros2_ws/install/robotaksi_description/share/ament_index
creating /home/hilal/ros2_ws/install/robotaksi_description/share/ament_index/resource_index
creating /home/hilal/ros2_ws/install/robotaksi_description/share/ament_index/resource_index/packages
copying resource/robotaksi_description -> /home/hilal/ros2_ws/install/robotaksi_description/share/ament_index/resource_index/packages
copying package.xml -> /home/hilal/ros2_ws/install/robotaksi_description/share/robotaksi_description
creating /home/hilal/ros2_ws/install/robotaksi_description/share/robotaksi_description/launch
copying launch/display.launch.py -> /home/hilal/ros2_ws/install/robotaksi_description/share/robotaksi_description/launch
copying launch/gazebo_only.launch.py -> /home/hilal/ros2_ws/install/robotaksi_description/share/robotaksi_description/launch
copying launch/sensors_test.launch.py -> /home/hilal/ros2_ws/install/robotaksi_description/share/robotaksi_description/launch
copying launch/teleop.launch.py -> /home/hilal/ros2_ws/install/robotaksi_description/share/robotaksi_description/launch
copying launch/gazebo_with_controllers.launch.py -> /home/hilal/ros2_ws/install/robotaksi_description/share/robotaksi_description/launch
copying launch/gazebo_no_gui.launch.py -> /home/hilal/ros2_ws/install/robotaksi_description/share/robotaksi_description/launch
copying launch/gazebo.launch.py -> /home/hilal/ros2_ws/install/robotaksi_description/share/robotaksi_description/launch
creating /home/hilal/ros2_ws/install/robotaksi_description/share/robotaksi_description/urdf
copying urdf/d435_camera.xacro -> /home/hilal/ros2_ws/install/robotaksi_description/share/robotaksi_description/urdf
copying urdf/robotaksi.gazebo -> /home/hilal/ros2_ws/install/robotaksi_description/share/robotaksi_description/urdf
copying urdf/imu.xacro -> /home/hilal/ros2_ws/install/robotaksi_description/share/robotaksi_description/urdf
copying urdf/rplidar_s2.xacro -> /home/hilal/ros2_ws/install/robotaksi_description/share/robotaksi_description/urdf
copying urdf/materials.xacro -> /home/hilal/ros2_ws/install/robotaksi_description/share/robotaksi_description/urdf
copying urdf/robotaksi.trans -> /home/hilal/ros2_ws/install/robotaksi_description/share/robotaksi_description/urdf
copying urdf/robotaksi.xacro -> /home/hilal/ros2_ws/install/robotaksi_description/share/robotaksi_description/urdf
creating /home/hilal/ros2_ws/install/robotaksi_description/share/robotaksi_description/meshes
copying meshes/left_front_wheel_1.stl -> /home/hilal/ros2_ws/install/robotaksi_description/share/robotaksi_description/meshes
copying meshes/base_link.stl -> /home/hilal/ros2_ws/install/robotaksi_description/share/robotaksi_description/meshes
copying meshes/left_back_wheel_1.stl -> /home/hilal/ros2_ws/install/robotaksi_description/share/robotaksi_description/meshes
copying meshes/right_front_wheel_1.stl -> /home/hilal/ros2_ws/install/robotaksi_description/share/robotaksi_description/meshes
copying meshes/right_back_wheel_1.stl -> /home/hilal/ros2_ws/install/robotaksi_description/share/robotaksi_description/meshes
creating /home/hilal/ros2_ws/install/robotaksi_description/share/robotaksi_description/config
copying config/diff_drive_controller.yaml -> /home/hilal/ros2_ws/install/robotaksi_description/share/robotaksi_description/config
copying config/gazebo_params.yaml -> /home/hilal/ros2_ws/install/robotaksi_description/share/robotaksi_description/config
copying config/display.rviz -> /home/hilal/ros2_ws/install/robotaksi_description/share/robotaksi_description/config
copying config/robotaksi_sim.rviz -> /home/hilal/ros2_ws/install/robotaksi_description/share/robotaksi_description/config
running install_egg_info
Copying ../../build/robotaksi_description/robotaksi_description.egg-info to /home/hilal/ros2_ws/install/robotaksi_description/lib/python3.10/site-packages/robotaksi_description-0.0.0-py3.10.egg-info
running install_scripts
writing list of installed files to '/home/hilal/ros2_ws/build/robotaksi_description/install.log'
