[0.069s] DEBUG:colcon:Command line arguments: ['/usr/bin/colcon', 'build']
[0.069s] DEBUG:colcon:Parsed command line arguments: Namespace(log_base=None, log_level=None, verb_name='build', build_base='build', install_base='install', merge_install=False, symlink_install=False, test_result_base=None, continue_on_error=False, executor='parallel', parallel_workers=16, event_handlers=None, ignore_user_meta=False, metas=['./colcon.meta'], base_paths=['.'], packages_ignore=None, packages_ignore_regex=None, paths=None, packages_up_to=None, packages_up_to_regex=None, packages_above=None, packages_above_and_dependencies=None, packages_above_depth=None, packages_select_by_dep=None, packages_skip_by_dep=None, packages_skip_up_to=None, packages_select_build_failed=False, packages_skip_build_finished=False, packages_select_test_failures=False, packages_skip_test_passed=False, packages_select=None, packages_skip=None, packages_select_regex=None, packages_skip_regex=None, packages_start=None, packages_end=None, allow_overriding=[], cmake_args=None, cmake_target=None, cmake_target_skip_unavailable=False, cmake_clean_cache=False, cmake_clean_first=False, cmake_force_configure=False, ament_cmake_args=None, catkin_cmake_args=None, catkin_skip_building_tests=False, mixin_files=None, mixin=None, verb_parser=<colcon_mixin.mixin.mixin_argument.MixinArgumentDecorator object at 0x78576215ecb0>, verb_extension=<colcon_core.verb.build.BuildVerb object at 0x78576215e800>, main=<bound method BuildVerb.main of <colcon_core.verb.build.BuildVerb object at 0x78576215e800>>, mixin_verb=('build',))
[0.183s] Level 1:colcon.colcon_core.package_discovery:discover_packages(colcon_meta) check parameters
[0.183s] Level 1:colcon.colcon_core.package_discovery:discover_packages(recursive) check parameters
[0.183s] Level 1:colcon.colcon_core.package_discovery:discover_packages(ignore) check parameters
[0.183s] Level 1:colcon.colcon_core.package_discovery:discover_packages(path) check parameters
[0.183s] Level 1:colcon.colcon_core.package_discovery:discover_packages(colcon_meta) discover
[0.183s] Level 1:colcon.colcon_core.package_discovery:discover_packages(recursive) discover
[0.183s] INFO:colcon.colcon_core.package_discovery:Crawling recursively for packages in '/home/hilal/ros2_ws'
[0.183s] Level 1:colcon.colcon_core.package_identification:_identify(.) by extensions ['ignore', 'ignore_ament_install']
[0.183s] Level 1:colcon.colcon_core.package_identification:_identify(.) by extension 'ignore'
[0.183s] Level 1:colcon.colcon_core.package_identification:_identify(.) by extension 'ignore_ament_install'
[0.183s] Level 1:colcon.colcon_core.package_identification:_identify(.) by extensions ['colcon_pkg']
[0.183s] Level 1:colcon.colcon_core.package_identification:_identify(.) by extension 'colcon_pkg'
[0.183s] Level 1:colcon.colcon_core.package_identification:_identify(.) by extensions ['colcon_meta']
[0.183s] Level 1:colcon.colcon_core.package_identification:_identify(.) by extension 'colcon_meta'
[0.183s] Level 1:colcon.colcon_core.package_identification:_identify(.) by extensions ['ros']
[0.183s] Level 1:colcon.colcon_core.package_identification:_identify(.) by extension 'ros'
[0.195s] Level 1:colcon.colcon_core.package_identification:_identify(.) by extensions ['cmake', 'python']
[0.195s] Level 1:colcon.colcon_core.package_identification:_identify(.) by extension 'cmake'
[0.195s] Level 1:colcon.colcon_core.package_identification:_identify(.) by extension 'python'
[0.195s] Level 1:colcon.colcon_core.package_identification:_identify(.) by extensions ['python_setup_py']
[0.195s] Level 1:colcon.colcon_core.package_identification:_identify(.) by extension 'python_setup_py'
[0.195s] Level 1:colcon.colcon_core.package_identification:_identify(build) by extensions ['ignore', 'ignore_ament_install']
[0.195s] Level 1:colcon.colcon_core.package_identification:_identify(build) by extension 'ignore'
[0.195s] Level 1:colcon.colcon_core.package_identification:_identify(build) ignored
[0.195s] Level 1:colcon.colcon_core.package_identification:_identify(install) by extensions ['ignore', 'ignore_ament_install']
[0.195s] Level 1:colcon.colcon_core.package_identification:_identify(install) by extension 'ignore'
[0.195s] Level 1:colcon.colcon_core.package_identification:_identify(install) ignored
[0.195s] Level 1:colcon.colcon_core.package_identification:_identify(log) by extensions ['ignore', 'ignore_ament_install']
[0.195s] Level 1:colcon.colcon_core.package_identification:_identify(log) by extension 'ignore'
[0.195s] Level 1:colcon.colcon_core.package_identification:_identify(log) ignored
[0.195s] Level 1:colcon.colcon_core.package_identification:_identify(src) by extensions ['ignore', 'ignore_ament_install']
[0.196s] Level 1:colcon.colcon_core.package_identification:_identify(src) by extension 'ignore'
[0.196s] Level 1:colcon.colcon_core.package_identification:_identify(src) by extension 'ignore_ament_install'
[0.196s] Level 1:colcon.colcon_core.package_identification:_identify(src) by extensions ['colcon_pkg']
[0.196s] Level 1:colcon.colcon_core.package_identification:_identify(src) by extension 'colcon_pkg'
[0.196s] Level 1:colcon.colcon_core.package_identification:_identify(src) by extensions ['colcon_meta']
[0.196s] Level 1:colcon.colcon_core.package_identification:_identify(src) by extension 'colcon_meta'
[0.196s] Level 1:colcon.colcon_core.package_identification:_identify(src) by extensions ['ros']
[0.196s] Level 1:colcon.colcon_core.package_identification:_identify(src) by extension 'ros'
[0.196s] Level 1:colcon.colcon_core.package_identification:_identify(src) by extensions ['cmake', 'python']
[0.196s] Level 1:colcon.colcon_core.package_identification:_identify(src) by extension 'cmake'
[0.196s] Level 1:colcon.colcon_core.package_identification:_identify(src) by extension 'python'
[0.196s] Level 1:colcon.colcon_core.package_identification:_identify(src) by extensions ['python_setup_py']
[0.196s] Level 1:colcon.colcon_core.package_identification:_identify(src) by extension 'python_setup_py'
[0.196s] Level 1:colcon.colcon_core.package_identification:_identify(src/last_description) by extensions ['ignore', 'ignore_ament_install']
[0.196s] Level 1:colcon.colcon_core.package_identification:_identify(src/last_description) by extension 'ignore'
[0.196s] Level 1:colcon.colcon_core.package_identification:_identify(src/last_description) by extension 'ignore_ament_install'
[0.196s] Level 1:colcon.colcon_core.package_identification:_identify(src/last_description) by extensions ['colcon_pkg']
[0.196s] Level 1:colcon.colcon_core.package_identification:_identify(src/last_description) by extension 'colcon_pkg'
[0.196s] Level 1:colcon.colcon_core.package_identification:_identify(src/last_description) by extensions ['colcon_meta']
[0.196s] Level 1:colcon.colcon_core.package_identification:_identify(src/last_description) by extension 'colcon_meta'
[0.196s] Level 1:colcon.colcon_core.package_identification:_identify(src/last_description) by extensions ['ros']
[0.196s] Level 1:colcon.colcon_core.package_identification:_identify(src/last_description) by extension 'ros'
[0.198s] DEBUG:colcon.colcon_core.package_identification:Package 'src/last_description' with type 'ros.ament_python' and name 'last_description'
[0.198s] Level 1:colcon.colcon_core.package_identification:_identify(src/last_smooth_controller) by extensions ['ignore', 'ignore_ament_install']
[0.198s] Level 1:colcon.colcon_core.package_identification:_identify(src/last_smooth_controller) by extension 'ignore'
[0.198s] Level 1:colcon.colcon_core.package_identification:_identify(src/last_smooth_controller) by extension 'ignore_ament_install'
[0.198s] Level 1:colcon.colcon_core.package_identification:_identify(src/last_smooth_controller) by extensions ['colcon_pkg']
[0.198s] Level 1:colcon.colcon_core.package_identification:_identify(src/last_smooth_controller) by extension 'colcon_pkg'
[0.198s] Level 1:colcon.colcon_core.package_identification:_identify(src/last_smooth_controller) by extensions ['colcon_meta']
[0.198s] Level 1:colcon.colcon_core.package_identification:_identify(src/last_smooth_controller) by extension 'colcon_meta'
[0.198s] Level 1:colcon.colcon_core.package_identification:_identify(src/last_smooth_controller) by extensions ['ros']
[0.198s] Level 1:colcon.colcon_core.package_identification:_identify(src/last_smooth_controller) by extension 'ros'
[0.199s] DEBUG:colcon.colcon_core.package_identification:Package 'src/last_smooth_controller' with type 'ros.ament_python' and name 'last_smooth_controller'
[0.199s] Level 1:colcon.colcon_core.package_identification:_identify(src/robot_slam) by extensions ['ignore', 'ignore_ament_install']
[0.200s] Level 1:colcon.colcon_core.package_identification:_identify(src/robot_slam) by extension 'ignore'
[0.200s] Level 1:colcon.colcon_core.package_identification:_identify(src/robot_slam) by extension 'ignore_ament_install'
[0.200s] Level 1:colcon.colcon_core.package_identification:_identify(src/robot_slam) by extensions ['colcon_pkg']
[0.200s] Level 1:colcon.colcon_core.package_identification:_identify(src/robot_slam) by extension 'colcon_pkg'
[0.200s] Level 1:colcon.colcon_core.package_identification:_identify(src/robot_slam) by extensions ['colcon_meta']
[0.200s] Level 1:colcon.colcon_core.package_identification:_identify(src/robot_slam) by extension 'colcon_meta'
[0.200s] Level 1:colcon.colcon_core.package_identification:_identify(src/robot_slam) by extensions ['ros']
[0.200s] Level 1:colcon.colcon_core.package_identification:_identify(src/robot_slam) by extension 'ros'
[0.200s] DEBUG:colcon.colcon_core.package_identification:Package 'src/robot_slam' with type 'ros.ament_cmake' and name 'robot_slam'
[0.200s] Level 1:colcon.colcon_core.package_identification:_identify(src/robotaksi_description) by extensions ['ignore', 'ignore_ament_install']
[0.200s] Level 1:colcon.colcon_core.package_identification:_identify(src/robotaksi_description) by extension 'ignore'
[0.200s] Level 1:colcon.colcon_core.package_identification:_identify(src/robotaksi_description) by extension 'ignore_ament_install'
[0.200s] Level 1:colcon.colcon_core.package_identification:_identify(src/robotaksi_description) by extensions ['colcon_pkg']
[0.200s] Level 1:colcon.colcon_core.package_identification:_identify(src/robotaksi_description) by extension 'colcon_pkg'
[0.200s] Level 1:colcon.colcon_core.package_identification:_identify(src/robotaksi_description) by extensions ['colcon_meta']
[0.200s] Level 1:colcon.colcon_core.package_identification:_identify(src/robotaksi_description) by extension 'colcon_meta'
[0.200s] Level 1:colcon.colcon_core.package_identification:_identify(src/robotaksi_description) by extensions ['ros']
[0.200s] Level 1:colcon.colcon_core.package_identification:_identify(src/robotaksi_description) by extension 'ros'
[0.201s] DEBUG:colcon.colcon_core.package_identification:Package 'src/robotaksi_description' with type 'ros.ament_python' and name 'robotaksi_description'
[0.201s] Level 1:colcon.colcon_core.package_identification:_identify(src/rplidar_slam) by extensions ['ignore', 'ignore_ament_install']
[0.202s] Level 1:colcon.colcon_core.package_identification:_identify(src/rplidar_slam) by extension 'ignore'
[0.202s] Level 1:colcon.colcon_core.package_identification:_identify(src/rplidar_slam) by extension 'ignore_ament_install'
[0.202s] Level 1:colcon.colcon_core.package_identification:_identify(src/rplidar_slam) by extensions ['colcon_pkg']
[0.202s] Level 1:colcon.colcon_core.package_identification:_identify(src/rplidar_slam) by extension 'colcon_pkg'
[0.202s] Level 1:colcon.colcon_core.package_identification:_identify(src/rplidar_slam) by extensions ['colcon_meta']
[0.202s] Level 1:colcon.colcon_core.package_identification:_identify(src/rplidar_slam) by extension 'colcon_meta'
[0.202s] Level 1:colcon.colcon_core.package_identification:_identify(src/rplidar_slam) by extensions ['ros']
[0.202s] Level 1:colcon.colcon_core.package_identification:_identify(src/rplidar_slam) by extension 'ros'
[0.202s] DEBUG:colcon.colcon_core.package_identification:Package 'src/rplidar_slam' with type 'ros.ament_cmake' and name 'rplidar_slam'
[0.202s] Level 1:colcon.colcon_core.package_discovery:discover_packages(recursive) using defaults
[0.202s] Level 1:colcon.colcon_core.package_discovery:discover_packages(ignore) discover
[0.202s] Level 1:colcon.colcon_core.package_discovery:discover_packages(ignore) using defaults
[0.202s] Level 1:colcon.colcon_core.package_discovery:discover_packages(path) discover
[0.202s] Level 1:colcon.colcon_core.package_discovery:discover_packages(path) using defaults
[0.215s] Level 1:colcon.colcon_core.package_discovery:discover_packages(prefix_path) check parameters
[0.215s] Level 1:colcon.colcon_core.package_discovery:discover_packages(prefix_path) discover
[0.217s] DEBUG:colcon.colcon_installed_package_information.package_discovery:Found 386 installed packages in /opt/ros/humble
[0.219s] Level 1:colcon.colcon_core.package_discovery:discover_packages(prefix_path) using defaults
[0.245s] Level 5:colcon.colcon_core.verb:set package 'last_description' build argument 'cmake_args' from command line to 'None'
[0.245s] Level 5:colcon.colcon_core.verb:set package 'last_description' build argument 'cmake_target' from command line to 'None'
[0.245s] Level 5:colcon.colcon_core.verb:set package 'last_description' build argument 'cmake_target_skip_unavailable' from command line to 'False'
[0.245s] Level 5:colcon.colcon_core.verb:set package 'last_description' build argument 'cmake_clean_cache' from command line to 'False'
[0.245s] Level 5:colcon.colcon_core.verb:set package 'last_description' build argument 'cmake_clean_first' from command line to 'False'
[0.245s] Level 5:colcon.colcon_core.verb:set package 'last_description' build argument 'cmake_force_configure' from command line to 'False'
[0.245s] Level 5:colcon.colcon_core.verb:set package 'last_description' build argument 'ament_cmake_args' from command line to 'None'
[0.245s] Level 5:colcon.colcon_core.verb:set package 'last_description' build argument 'catkin_cmake_args' from command line to 'None'
[0.245s] Level 5:colcon.colcon_core.verb:set package 'last_description' build argument 'catkin_skip_building_tests' from command line to 'False'
[0.245s] DEBUG:colcon.colcon_core.verb:Building package 'last_description' with the following arguments: {'ament_cmake_args': None, 'build_base': '/home/hilal/ros2_ws/build/last_description', 'catkin_cmake_args': None, 'catkin_skip_building_tests': False, 'cmake_args': None, 'cmake_clean_cache': False, 'cmake_clean_first': False, 'cmake_force_configure': False, 'cmake_target': None, 'cmake_target_skip_unavailable': False, 'install_base': '/home/hilal/ros2_ws/install/last_description', 'merge_install': False, 'path': '/home/hilal/ros2_ws/src/last_description', 'symlink_install': False, 'test_result_base': None}
[0.245s] Level 5:colcon.colcon_core.verb:set package 'robot_slam' build argument 'cmake_args' from command line to 'None'
[0.245s] Level 5:colcon.colcon_core.verb:set package 'robot_slam' build argument 'cmake_target' from command line to 'None'
[0.245s] Level 5:colcon.colcon_core.verb:set package 'robot_slam' build argument 'cmake_target_skip_unavailable' from command line to 'False'
[0.245s] Level 5:colcon.colcon_core.verb:set package 'robot_slam' build argument 'cmake_clean_cache' from command line to 'False'
[0.245s] Level 5:colcon.colcon_core.verb:set package 'robot_slam' build argument 'cmake_clean_first' from command line to 'False'
[0.245s] Level 5:colcon.colcon_core.verb:set package 'robot_slam' build argument 'cmake_force_configure' from command line to 'False'
[0.245s] Level 5:colcon.colcon_core.verb:set package 'robot_slam' build argument 'ament_cmake_args' from command line to 'None'
[0.245s] Level 5:colcon.colcon_core.verb:set package 'robot_slam' build argument 'catkin_cmake_args' from command line to 'None'
[0.245s] Level 5:colcon.colcon_core.verb:set package 'robot_slam' build argument 'catkin_skip_building_tests' from command line to 'False'
[0.245s] DEBUG:colcon.colcon_core.verb:Building package 'robot_slam' with the following arguments: {'ament_cmake_args': None, 'build_base': '/home/hilal/ros2_ws/build/robot_slam', 'catkin_cmake_args': None, 'catkin_skip_building_tests': False, 'cmake_args': None, 'cmake_clean_cache': False, 'cmake_clean_first': False, 'cmake_force_configure': False, 'cmake_target': None, 'cmake_target_skip_unavailable': False, 'install_base': '/home/hilal/ros2_ws/install/robot_slam', 'merge_install': False, 'path': '/home/hilal/ros2_ws/src/robot_slam', 'symlink_install': False, 'test_result_base': None}
[0.246s] Level 5:colcon.colcon_core.verb:set package 'robotaksi_description' build argument 'cmake_args' from command line to 'None'
[0.246s] Level 5:colcon.colcon_core.verb:set package 'robotaksi_description' build argument 'cmake_target' from command line to 'None'
[0.246s] Level 5:colcon.colcon_core.verb:set package 'robotaksi_description' build argument 'cmake_target_skip_unavailable' from command line to 'False'
[0.246s] Level 5:colcon.colcon_core.verb:set package 'robotaksi_description' build argument 'cmake_clean_cache' from command line to 'False'
[0.246s] Level 5:colcon.colcon_core.verb:set package 'robotaksi_description' build argument 'cmake_clean_first' from command line to 'False'
[0.246s] Level 5:colcon.colcon_core.verb:set package 'robotaksi_description' build argument 'cmake_force_configure' from command line to 'False'
[0.246s] Level 5:colcon.colcon_core.verb:set package 'robotaksi_description' build argument 'ament_cmake_args' from command line to 'None'
[0.246s] Level 5:colcon.colcon_core.verb:set package 'robotaksi_description' build argument 'catkin_cmake_args' from command line to 'None'
[0.246s] Level 5:colcon.colcon_core.verb:set package 'robotaksi_description' build argument 'catkin_skip_building_tests' from command line to 'False'
[0.246s] DEBUG:colcon.colcon_core.verb:Building package 'robotaksi_description' with the following arguments: {'ament_cmake_args': None, 'build_base': '/home/hilal/ros2_ws/build/robotaksi_description', 'catkin_cmake_args': None, 'catkin_skip_building_tests': False, 'cmake_args': None, 'cmake_clean_cache': False, 'cmake_clean_first': False, 'cmake_force_configure': False, 'cmake_target': None, 'cmake_target_skip_unavailable': False, 'install_base': '/home/hilal/ros2_ws/install/robotaksi_description', 'merge_install': False, 'path': '/home/hilal/ros2_ws/src/robotaksi_description', 'symlink_install': False, 'test_result_base': None}
[0.246s] Level 5:colcon.colcon_core.verb:set package 'rplidar_slam' build argument 'cmake_args' from command line to 'None'
[0.246s] Level 5:colcon.colcon_core.verb:set package 'rplidar_slam' build argument 'cmake_target' from command line to 'None'
[0.246s] Level 5:colcon.colcon_core.verb:set package 'rplidar_slam' build argument 'cmake_target_skip_unavailable' from command line to 'False'
[0.246s] Level 5:colcon.colcon_core.verb:set package 'rplidar_slam' build argument 'cmake_clean_cache' from command line to 'False'
[0.246s] Level 5:colcon.colcon_core.verb:set package 'rplidar_slam' build argument 'cmake_clean_first' from command line to 'False'
[0.246s] Level 5:colcon.colcon_core.verb:set package 'rplidar_slam' build argument 'cmake_force_configure' from command line to 'False'
[0.246s] Level 5:colcon.colcon_core.verb:set package 'rplidar_slam' build argument 'ament_cmake_args' from command line to 'None'
[0.246s] Level 5:colcon.colcon_core.verb:set package 'rplidar_slam' build argument 'catkin_cmake_args' from command line to 'None'
[0.246s] Level 5:colcon.colcon_core.verb:set package 'rplidar_slam' build argument 'catkin_skip_building_tests' from command line to 'False'
[0.246s] DEBUG:colcon.colcon_core.verb:Building package 'rplidar_slam' with the following arguments: {'ament_cmake_args': None, 'build_base': '/home/hilal/ros2_ws/build/rplidar_slam', 'catkin_cmake_args': None, 'catkin_skip_building_tests': False, 'cmake_args': None, 'cmake_clean_cache': False, 'cmake_clean_first': False, 'cmake_force_configure': False, 'cmake_target': None, 'cmake_target_skip_unavailable': False, 'install_base': '/home/hilal/ros2_ws/install/rplidar_slam', 'merge_install': False, 'path': '/home/hilal/ros2_ws/src/rplidar_slam', 'symlink_install': False, 'test_result_base': None}
[0.246s] Level 5:colcon.colcon_core.verb:set package 'last_smooth_controller' build argument 'cmake_args' from command line to 'None'
[0.246s] Level 5:colcon.colcon_core.verb:set package 'last_smooth_controller' build argument 'cmake_target' from command line to 'None'
[0.246s] Level 5:colcon.colcon_core.verb:set package 'last_smooth_controller' build argument 'cmake_target_skip_unavailable' from command line to 'False'
[0.246s] Level 5:colcon.colcon_core.verb:set package 'last_smooth_controller' build argument 'cmake_clean_cache' from command line to 'False'
[0.246s] Level 5:colcon.colcon_core.verb:set package 'last_smooth_controller' build argument 'cmake_clean_first' from command line to 'False'
[0.246s] Level 5:colcon.colcon_core.verb:set package 'last_smooth_controller' build argument 'cmake_force_configure' from command line to 'False'
[0.246s] Level 5:colcon.colcon_core.verb:set package 'last_smooth_controller' build argument 'ament_cmake_args' from command line to 'None'
[0.246s] Level 5:colcon.colcon_core.verb:set package 'last_smooth_controller' build argument 'catkin_cmake_args' from command line to 'None'
[0.246s] Level 5:colcon.colcon_core.verb:set package 'last_smooth_controller' build argument 'catkin_skip_building_tests' from command line to 'False'
[0.246s] DEBUG:colcon.colcon_core.verb:Building package 'last_smooth_controller' with the following arguments: {'ament_cmake_args': None, 'build_base': '/home/hilal/ros2_ws/build/last_smooth_controller', 'catkin_cmake_args': None, 'catkin_skip_building_tests': False, 'cmake_args': None, 'cmake_clean_cache': False, 'cmake_clean_first': False, 'cmake_force_configure': False, 'cmake_target': None, 'cmake_target_skip_unavailable': False, 'install_base': '/home/hilal/ros2_ws/install/last_smooth_controller', 'merge_install': False, 'path': '/home/hilal/ros2_ws/src/last_smooth_controller', 'symlink_install': False, 'test_result_base': None}
[0.246s] INFO:colcon.colcon_core.executor:Executing jobs using 'parallel' executor
[0.247s] DEBUG:colcon.colcon_parallel_executor.executor.parallel:run_until_complete
[0.247s] INFO:colcon.colcon_ros.task.ament_python.build:Building ROS package in '/home/hilal/ros2_ws/src/last_description' with build type 'ament_python'
[0.247s] Level 1:colcon.colcon_core.shell:create_environment_hook('last_description', 'ament_prefix_path')
[0.249s] INFO:colcon.colcon_core.plugin_system:Skipping extension 'colcon_core.shell.bat': Not used on non-Windows systems
[0.249s] INFO:colcon.colcon_core.shell:Creating environment hook '/home/hilal/ros2_ws/install/last_description/share/last_description/hook/ament_prefix_path.ps1'
[0.249s] INFO:colcon.colcon_core.shell:Creating environment descriptor '/home/hilal/ros2_ws/install/last_description/share/last_description/hook/ament_prefix_path.dsv'
[0.249s] INFO:colcon.colcon_core.shell:Creating environment hook '/home/hilal/ros2_ws/install/last_description/share/last_description/hook/ament_prefix_path.sh'
[0.250s] INFO:colcon.colcon_core.shell:Skip shell extension 'powershell' for command environment: Not usable outside of PowerShell
[0.250s] DEBUG:colcon.colcon_core.shell:Skip shell extension 'dsv' for command environment
[0.252s] INFO:colcon.colcon_ros.task.ament_cmake.build:Building ROS package in '/home/hilal/ros2_ws/src/robot_slam' with build type 'ament_cmake'
[0.252s] INFO:colcon.colcon_cmake.task.cmake.build:Building CMake package in '/home/hilal/ros2_ws/src/robot_slam'
[0.252s] INFO:colcon.colcon_core.shell:Skip shell extension 'powershell' for command environment: Not usable outside of PowerShell
[0.252s] DEBUG:colcon.colcon_core.shell:Skip shell extension 'dsv' for command environment
[0.254s] INFO:colcon.colcon_ros.task.ament_python.build:Building ROS package in '/home/hilal/ros2_ws/src/robotaksi_description' with build type 'ament_python'
[0.254s] Level 1:colcon.colcon_core.shell:create_environment_hook('robotaksi_description', 'ament_prefix_path')
[0.254s] INFO:colcon.colcon_core.shell:Creating environment hook '/home/hilal/ros2_ws/install/robotaksi_description/share/robotaksi_description/hook/ament_prefix_path.ps1'
[0.255s] INFO:colcon.colcon_core.shell:Creating environment descriptor '/home/hilal/ros2_ws/install/robotaksi_description/share/robotaksi_description/hook/ament_prefix_path.dsv'
[0.255s] INFO:colcon.colcon_core.shell:Creating environment hook '/home/hilal/ros2_ws/install/robotaksi_description/share/robotaksi_description/hook/ament_prefix_path.sh'
[0.255s] INFO:colcon.colcon_core.shell:Skip shell extension 'powershell' for command environment: Not usable outside of PowerShell
[0.255s] DEBUG:colcon.colcon_core.shell:Skip shell extension 'dsv' for command environment
[0.257s] INFO:colcon.colcon_ros.task.ament_cmake.build:Building ROS package in '/home/hilal/ros2_ws/src/rplidar_slam' with build type 'ament_cmake'
[0.257s] INFO:colcon.colcon_cmake.task.cmake.build:Building CMake package in '/home/hilal/ros2_ws/src/rplidar_slam'
[0.257s] INFO:colcon.colcon_core.shell:Skip shell extension 'powershell' for command environment: Not usable outside of PowerShell
[0.257s] DEBUG:colcon.colcon_core.shell:Skip shell extension 'dsv' for command environment
[0.421s] INFO:colcon.colcon_core.task.python.build:Building Python package in '/home/hilal/ros2_ws/src/last_description'
[0.422s] INFO:colcon.colcon_core.shell:Skip shell extension 'powershell' for command environment: Not usable outside of PowerShell
[0.422s] DEBUG:colcon.colcon_core.shell:Skip shell extension 'dsv' for command environment
[0.426s] DEBUG:colcon.colcon_core.event_handler.log_command:Invoking command in '/home/hilal/ros2_ws/build/robot_slam': CMAKE_PREFIX_PATH=/opt/ros/humble /usr/bin/cmake /home/hilal/ros2_ws/src/robot_slam -DCMAKE_INSTALL_PREFIX=/home/hilal/ros2_ws/install/robot_slam
[0.594s] INFO:colcon.colcon_core.task.python.build:Building Python package in '/home/hilal/ros2_ws/src/robotaksi_description'
[0.594s] INFO:colcon.colcon_core.shell:Skip shell extension 'powershell' for command environment: Not usable outside of PowerShell
[0.594s] DEBUG:colcon.colcon_core.shell:Skip shell extension 'dsv' for command environment
[0.599s] DEBUG:colcon.colcon_core.event_handler.log_command:Invoking command in '/home/hilal/ros2_ws/build/rplidar_slam': CMAKE_PREFIX_PATH=/opt/ros/humble /usr/bin/cmake /home/hilal/ros2_ws/src/rplidar_slam -DCMAKE_INSTALL_PREFIX=/home/hilal/ros2_ws/install/rplidar_slam
[0.830s] DEBUG:colcon.colcon_core.event_handler.log_command:Invoking command in '/home/hilal/ros2_ws/src/robotaksi_description': PYTHONPATH=/home/hilal/ros2_ws/build/robotaksi_description/prefix_override:/usr/lib/python3/dist-packages/colcon_core/task/python/colcon_distutils_commands:/home/hilal/ros2_ws/install/robotaksi_description/lib/python3.10/site-packages:${PYTHONPATH} /usr/bin/python3 -W ignore:setup.py install is deprecated -W ignore:easy_install command is deprecated setup.py egg_info --egg-base ../../build/robotaksi_description build --build-base /home/hilal/ros2_ws/build/robotaksi_description/build install --record /home/hilal/ros2_ws/build/robotaksi_description/install.log --install-scripts $base/lib/robotaksi_description --single-version-externally-managed install_data
[0.838s] DEBUG:colcon.colcon_core.event_handler.log_command:Invoking command in '/home/hilal/ros2_ws/src/last_description': PYTHONPATH=/home/hilal/ros2_ws/build/last_description/prefix_override:/usr/lib/python3/dist-packages/colcon_core/task/python/colcon_distutils_commands:/home/hilal/ros2_ws/install/last_description/lib/python3.10/site-packages:${PYTHONPATH} /usr/bin/python3 -W ignore:setup.py install is deprecated -W ignore:easy_install command is deprecated setup.py egg_info --egg-base ../../build/last_description build --build-base /home/hilal/ros2_ws/build/last_description/build install --record /home/hilal/ros2_ws/build/last_description/install.log --single-version-externally-managed install_data
[0.867s] DEBUG:colcon.colcon_core.event_handler.log_command:Invoked command in '/home/hilal/ros2_ws/build/robot_slam' returned '0': CMAKE_PREFIX_PATH=/opt/ros/humble /usr/bin/cmake /home/hilal/ros2_ws/src/robot_slam -DCMAKE_INSTALL_PREFIX=/home/hilal/ros2_ws/install/robot_slam
[0.869s] DEBUG:colcon.colcon_core.event_handler.log_command:Invoking command in '/home/hilal/ros2_ws/build/robot_slam': CMAKE_PREFIX_PATH=/opt/ros/humble /usr/bin/cmake --build /home/hilal/ros2_ws/build/robot_slam -- -j16 -l16
[0.902s] DEBUG:colcon.colcon_core.event_handler.log_command:Invoked command in '/home/hilal/ros2_ws/build/robot_slam' returned '0': CMAKE_PREFIX_PATH=/opt/ros/humble /usr/bin/cmake --build /home/hilal/ros2_ws/build/robot_slam -- -j16 -l16
[0.909s] DEBUG:colcon.colcon_core.event_handler.log_command:Invoking command in '/home/hilal/ros2_ws/build/robot_slam': CMAKE_PREFIX_PATH=/opt/ros/humble /usr/bin/cmake --install /home/hilal/ros2_ws/build/robot_slam
[0.937s] Level 1:colcon.colcon_core.environment:create_environment_scripts_only(robot_slam)
[0.938s] DEBUG:colcon.colcon_core.event_handler.log_command:Invoked command in '/home/hilal/ros2_ws/build/robot_slam' returned '0': CMAKE_PREFIX_PATH=/opt/ros/humble /usr/bin/cmake --install /home/hilal/ros2_ws/build/robot_slam
[0.939s] Level 1:colcon.colcon_core.environment:checking '/home/hilal/ros2_ws/install/robot_slam' for CMake module files
[0.939s] Level 1:colcon.colcon_core.environment:checking '/home/hilal/ros2_ws/install/robot_slam' for CMake config files
[0.939s] Level 1:colcon.colcon_core.shell:create_environment_hook('robot_slam', 'cmake_prefix_path')
[0.940s] INFO:colcon.colcon_core.shell:Creating environment hook '/home/hilal/ros2_ws/install/robot_slam/share/robot_slam/hook/cmake_prefix_path.ps1'
[0.940s] INFO:colcon.colcon_core.shell:Creating environment descriptor '/home/hilal/ros2_ws/install/robot_slam/share/robot_slam/hook/cmake_prefix_path.dsv'
[0.940s] INFO:colcon.colcon_core.shell:Creating environment hook '/home/hilal/ros2_ws/install/robot_slam/share/robot_slam/hook/cmake_prefix_path.sh'
[0.940s] Level 1:colcon.colcon_core.environment:checking '/home/hilal/ros2_ws/install/robot_slam/bin'
[0.940s] Level 1:colcon.colcon_core.environment:checking '/home/hilal/ros2_ws/install/robot_slam/lib/pkgconfig/robot_slam.pc'
[0.941s] Level 1:colcon.colcon_core.environment:checking '/home/hilal/ros2_ws/install/robot_slam/lib/python3.10/site-packages'
[0.941s] Level 1:colcon.colcon_core.environment:checking '/home/hilal/ros2_ws/install/robot_slam/bin'
[0.941s] INFO:colcon.colcon_core.shell:Creating package script '/home/hilal/ros2_ws/install/robot_slam/share/robot_slam/package.ps1'
[0.941s] INFO:colcon.colcon_core.shell:Creating package descriptor '/home/hilal/ros2_ws/install/robot_slam/share/robot_slam/package.dsv'
[0.942s] INFO:colcon.colcon_core.shell:Creating package script '/home/hilal/ros2_ws/install/robot_slam/share/robot_slam/package.sh'
[0.942s] INFO:colcon.colcon_core.shell:Creating package script '/home/hilal/ros2_ws/install/robot_slam/share/robot_slam/package.bash'
[0.942s] INFO:colcon.colcon_core.shell:Creating package script '/home/hilal/ros2_ws/install/robot_slam/share/robot_slam/package.zsh'
[0.943s] Level 1:colcon.colcon_core.environment:create_file_with_runtime_dependencies(/home/hilal/ros2_ws/install/robot_slam/share/colcon-core/packages/robot_slam)
[0.943s] Level 1:colcon.colcon_core.environment:create_environment_scripts_only(robot_slam)
[0.943s] Level 1:colcon.colcon_core.environment:checking '/home/hilal/ros2_ws/install/robot_slam' for CMake module files
[0.943s] Level 1:colcon.colcon_core.environment:checking '/home/hilal/ros2_ws/install/robot_slam' for CMake config files
[0.943s] Level 1:colcon.colcon_core.shell:create_environment_hook('robot_slam', 'cmake_prefix_path')
[0.944s] INFO:colcon.colcon_core.shell:Creating environment hook '/home/hilal/ros2_ws/install/robot_slam/share/robot_slam/hook/cmake_prefix_path.ps1'
[0.944s] INFO:colcon.colcon_core.shell:Creating environment descriptor '/home/hilal/ros2_ws/install/robot_slam/share/robot_slam/hook/cmake_prefix_path.dsv'
[0.944s] INFO:colcon.colcon_core.shell:Creating environment hook '/home/hilal/ros2_ws/install/robot_slam/share/robot_slam/hook/cmake_prefix_path.sh'
[0.944s] Level 1:colcon.colcon_core.environment:checking '/home/hilal/ros2_ws/install/robot_slam/bin'
[0.944s] Level 1:colcon.colcon_core.environment:checking '/home/hilal/ros2_ws/install/robot_slam/lib/pkgconfig/robot_slam.pc'
[0.944s] Level 1:colcon.colcon_core.environment:checking '/home/hilal/ros2_ws/install/robot_slam/lib/python3.10/site-packages'
[0.945s] Level 1:colcon.colcon_core.environment:checking '/home/hilal/ros2_ws/install/robot_slam/bin'
[0.945s] INFO:colcon.colcon_core.shell:Creating package script '/home/hilal/ros2_ws/install/robot_slam/share/robot_slam/package.ps1'
[0.945s] INFO:colcon.colcon_core.shell:Creating package descriptor '/home/hilal/ros2_ws/install/robot_slam/share/robot_slam/package.dsv'
[0.945s] INFO:colcon.colcon_core.shell:Creating package script '/home/hilal/ros2_ws/install/robot_slam/share/robot_slam/package.sh'
[0.946s] INFO:colcon.colcon_core.shell:Creating package script '/home/hilal/ros2_ws/install/robot_slam/share/robot_slam/package.bash'
[0.946s] INFO:colcon.colcon_core.shell:Creating package script '/home/hilal/ros2_ws/install/robot_slam/share/robot_slam/package.zsh'
[0.946s] Level 1:colcon.colcon_core.environment:create_file_with_runtime_dependencies(/home/hilal/ros2_ws/install/robot_slam/share/colcon-core/packages/robot_slam)
[1.030s] Level 1:colcon.colcon_core.environment:checking '/home/hilal/ros2_ws/install/robotaksi_description' for CMake module files
[1.030s] DEBUG:colcon.colcon_core.event_handler.log_command:Invoked command in '/home/hilal/ros2_ws/src/robotaksi_description' returned '0': PYTHONPATH=/home/hilal/ros2_ws/build/robotaksi_description/prefix_override:/usr/lib/python3/dist-packages/colcon_core/task/python/colcon_distutils_commands:/home/hilal/ros2_ws/install/robotaksi_description/lib/python3.10/site-packages:${PYTHONPATH} /usr/bin/python3 -W ignore:setup.py install is deprecated -W ignore:easy_install command is deprecated setup.py egg_info --egg-base ../../build/robotaksi_description build --build-base /home/hilal/ros2_ws/build/robotaksi_description/build install --record /home/hilal/ros2_ws/build/robotaksi_description/install.log --install-scripts $base/lib/robotaksi_description --single-version-externally-managed install_data
[1.031s] Level 1:colcon.colcon_core.environment:checking '/home/hilal/ros2_ws/install/robotaksi_description' for CMake config files
[1.031s] Level 1:colcon.colcon_core.environment:checking '/home/hilal/ros2_ws/install/robotaksi_description/lib'
[1.031s] Level 1:colcon.colcon_core.environment:checking '/home/hilal/ros2_ws/install/robotaksi_description/bin'
[1.031s] Level 1:colcon.colcon_core.environment:checking '/home/hilal/ros2_ws/install/robotaksi_description/lib/pkgconfig/robotaksi_description.pc'
[1.031s] Level 1:colcon.colcon_core.environment:checking '/home/hilal/ros2_ws/install/robotaksi_description/lib/python3.10/site-packages'
[1.031s] Level 1:colcon.colcon_core.shell:create_environment_hook('robotaksi_description', 'pythonpath')
[1.031s] INFO:colcon.colcon_core.shell:Creating environment hook '/home/hilal/ros2_ws/install/robotaksi_description/share/robotaksi_description/hook/pythonpath.ps1'
[1.032s] INFO:colcon.colcon_core.shell:Creating environment descriptor '/home/hilal/ros2_ws/install/robotaksi_description/share/robotaksi_description/hook/pythonpath.dsv'
[1.032s] INFO:colcon.colcon_core.shell:Creating environment hook '/home/hilal/ros2_ws/install/robotaksi_description/share/robotaksi_description/hook/pythonpath.sh'
[1.032s] Level 1:colcon.colcon_core.environment:checking '/home/hilal/ros2_ws/install/robotaksi_description/bin'
[1.032s] Level 1:colcon.colcon_core.environment:create_environment_scripts_only(robotaksi_description)
[1.033s] INFO:colcon.colcon_core.shell:Creating package script '/home/hilal/ros2_ws/install/robotaksi_description/share/robotaksi_description/package.ps1'
[1.033s] INFO:colcon.colcon_core.shell:Creating package descriptor '/home/hilal/ros2_ws/install/robotaksi_description/share/robotaksi_description/package.dsv'
[1.033s] INFO:colcon.colcon_core.shell:Creating package script '/home/hilal/ros2_ws/install/robotaksi_description/share/robotaksi_description/package.sh'
[1.033s] INFO:colcon.colcon_core.shell:Creating package script '/home/hilal/ros2_ws/install/robotaksi_description/share/robotaksi_description/package.bash'
[1.033s] INFO:colcon.colcon_core.shell:Creating package script '/home/hilal/ros2_ws/install/robotaksi_description/share/robotaksi_description/package.zsh'
[1.034s] Level 1:colcon.colcon_core.environment:create_file_with_runtime_dependencies(/home/hilal/ros2_ws/install/robotaksi_description/share/colcon-core/packages/robotaksi_description)
[1.035s] Level 1:colcon.colcon_core.environment:checking '/home/hilal/ros2_ws/install/last_description' for CMake module files
[1.035s] DEBUG:colcon.colcon_core.event_handler.log_command:Invoked command in '/home/hilal/ros2_ws/src/last_description' returned '0': PYTHONPATH=/home/hilal/ros2_ws/build/last_description/prefix_override:/usr/lib/python3/dist-packages/colcon_core/task/python/colcon_distutils_commands:/home/hilal/ros2_ws/install/last_description/lib/python3.10/site-packages:${PYTHONPATH} /usr/bin/python3 -W ignore:setup.py install is deprecated -W ignore:easy_install command is deprecated setup.py egg_info --egg-base ../../build/last_description build --build-base /home/hilal/ros2_ws/build/last_description/build install --record /home/hilal/ros2_ws/build/last_description/install.log --single-version-externally-managed install_data
[1.035s] Level 1:colcon.colcon_core.environment:checking '/home/hilal/ros2_ws/install/last_description' for CMake config files
[1.036s] Level 1:colcon.colcon_core.environment:checking '/home/hilal/ros2_ws/install/last_description/lib'
[1.036s] Level 1:colcon.colcon_core.environment:checking '/home/hilal/ros2_ws/install/last_description/bin'
[1.036s] Level 1:colcon.colcon_core.shell:create_environment_hook('last_description', 'path')
[1.036s] INFO:colcon.colcon_core.shell:Creating environment hook '/home/hilal/ros2_ws/install/last_description/share/last_description/hook/path.ps1'
[1.036s] INFO:colcon.colcon_core.shell:Creating environment descriptor '/home/hilal/ros2_ws/install/last_description/share/last_description/hook/path.dsv'
[1.036s] INFO:colcon.colcon_core.shell:Creating environment hook '/home/hilal/ros2_ws/install/last_description/share/last_description/hook/path.sh'
[1.037s] Level 1:colcon.colcon_core.environment:checking '/home/hilal/ros2_ws/install/last_description/lib/pkgconfig/last_description.pc'
[1.037s] Level 1:colcon.colcon_core.environment:checking '/home/hilal/ros2_ws/install/last_description/lib/python3.10/site-packages'
[1.037s] Level 1:colcon.colcon_core.shell:create_environment_hook('last_description', 'pythonpath')
[1.037s] INFO:colcon.colcon_core.shell:Creating environment hook '/home/hilal/ros2_ws/install/last_description/share/last_description/hook/pythonpath.ps1'
[1.037s] INFO:colcon.colcon_core.shell:Creating environment descriptor '/home/hilal/ros2_ws/install/last_description/share/last_description/hook/pythonpath.dsv'
[1.037s] INFO:colcon.colcon_core.shell:Creating environment hook '/home/hilal/ros2_ws/install/last_description/share/last_description/hook/pythonpath.sh'
[1.037s] Level 1:colcon.colcon_core.environment:checking '/home/hilal/ros2_ws/install/last_description/bin'
[1.037s] Level 1:colcon.colcon_core.shell:create_environment_hook('last_description', 'pythonscriptspath')
[1.038s] INFO:colcon.colcon_core.shell:Creating environment hook '/home/hilal/ros2_ws/install/last_description/share/last_description/hook/pythonscriptspath.ps1'
[1.038s] INFO:colcon.colcon_core.shell:Creating environment descriptor '/home/hilal/ros2_ws/install/last_description/share/last_description/hook/pythonscriptspath.dsv'
[1.038s] INFO:colcon.colcon_core.shell:Creating environment hook '/home/hilal/ros2_ws/install/last_description/share/last_description/hook/pythonscriptspath.sh'
[1.038s] Level 1:colcon.colcon_core.environment:create_environment_scripts_only(last_description)
[1.038s] INFO:colcon.colcon_core.shell:Creating package script '/home/hilal/ros2_ws/install/last_description/share/last_description/package.ps1'
[1.039s] INFO:colcon.colcon_core.shell:Creating package descriptor '/home/hilal/ros2_ws/install/last_description/share/last_description/package.dsv'
[1.039s] INFO:colcon.colcon_core.shell:Creating package script '/home/hilal/ros2_ws/install/last_description/share/last_description/package.sh'
[1.039s] INFO:colcon.colcon_core.shell:Creating package script '/home/hilal/ros2_ws/install/last_description/share/last_description/package.bash'
[1.039s] INFO:colcon.colcon_core.shell:Creating package script '/home/hilal/ros2_ws/install/last_description/share/last_description/package.zsh'
[1.039s] Level 1:colcon.colcon_core.environment:create_file_with_runtime_dependencies(/home/hilal/ros2_ws/install/last_description/share/colcon-core/packages/last_description)
[1.040s] INFO:colcon.colcon_ros.task.ament_python.build:Building ROS package in '/home/hilal/ros2_ws/src/last_smooth_controller' with build type 'ament_python'
[1.040s] Level 1:colcon.colcon_core.shell:create_environment_hook('last_smooth_controller', 'ament_prefix_path')
[1.040s] INFO:colcon.colcon_core.shell:Creating environment hook '/home/hilal/ros2_ws/install/last_smooth_controller/share/last_smooth_controller/hook/ament_prefix_path.ps1'
[1.040s] INFO:colcon.colcon_core.shell:Creating environment descriptor '/home/hilal/ros2_ws/install/last_smooth_controller/share/last_smooth_controller/hook/ament_prefix_path.dsv'
[1.041s] INFO:colcon.colcon_core.shell:Creating environment hook '/home/hilal/ros2_ws/install/last_smooth_controller/share/last_smooth_controller/hook/ament_prefix_path.sh'
[1.041s] INFO:colcon.colcon_core.shell:Skip shell extension 'powershell' for command environment: Not usable outside of PowerShell
[1.041s] DEBUG:colcon.colcon_core.shell:Skip shell extension 'dsv' for command environment
[1.213s] INFO:colcon.colcon_core.task.python.build:Building Python package in '/home/hilal/ros2_ws/src/last_smooth_controller'
[1.213s] INFO:colcon.colcon_core.shell:Skip shell extension 'powershell' for command environment: Not usable outside of PowerShell
[1.213s] DEBUG:colcon.colcon_core.shell:Skip shell extension 'dsv' for command environment
[1.443s] DEBUG:colcon.colcon_core.event_handler.log_command:Invoking command in '/home/hilal/ros2_ws/src/last_smooth_controller': AMENT_PREFIX_PATH=/home/hilal/ros2_ws/install/last_description:${AMENT_PREFIX_PATH} PATH=/home/hilal/ros2_ws/install/last_description/bin:${PATH} PYTHONPATH=/home/hilal/ros2_ws/build/last_smooth_controller/prefix_override:/usr/lib/python3/dist-packages/colcon_core/task/python/colcon_distutils_commands:/home/hilal/ros2_ws/install/last_smooth_controller/lib/python3.10/site-packages:/home/hilal/ros2_ws/install/last_description/lib/python3.10/site-packages:${PYTHONPATH} /usr/bin/python3 -W ignore:setup.py install is deprecated -W ignore:easy_install command is deprecated setup.py egg_info --egg-base ../../build/last_smooth_controller build --build-base /home/hilal/ros2_ws/build/last_smooth_controller/build install --record /home/hilal/ros2_ws/build/last_smooth_controller/install.log --single-version-externally-managed install_data
[1.638s] Level 1:colcon.colcon_core.environment:checking '/home/hilal/ros2_ws/install/last_smooth_controller' for CMake module files
[1.638s] DEBUG:colcon.colcon_core.event_handler.log_command:Invoked command in '/home/hilal/ros2_ws/src/last_smooth_controller' returned '0': AMENT_PREFIX_PATH=/home/hilal/ros2_ws/install/last_description:${AMENT_PREFIX_PATH} PATH=/home/hilal/ros2_ws/install/last_description/bin:${PATH} PYTHONPATH=/home/hilal/ros2_ws/build/last_smooth_controller/prefix_override:/usr/lib/python3/dist-packages/colcon_core/task/python/colcon_distutils_commands:/home/hilal/ros2_ws/install/last_smooth_controller/lib/python3.10/site-packages:/home/hilal/ros2_ws/install/last_description/lib/python3.10/site-packages:${PYTHONPATH} /usr/bin/python3 -W ignore:setup.py install is deprecated -W ignore:easy_install command is deprecated setup.py egg_info --egg-base ../../build/last_smooth_controller build --build-base /home/hilal/ros2_ws/build/last_smooth_controller/build install --record /home/hilal/ros2_ws/build/last_smooth_controller/install.log --single-version-externally-managed install_data
[1.639s] Level 1:colcon.colcon_core.environment:checking '/home/hilal/ros2_ws/install/last_smooth_controller' for CMake config files
[1.639s] Level 1:colcon.colcon_core.environment:checking '/home/hilal/ros2_ws/install/last_smooth_controller/lib'
[1.639s] Level 1:colcon.colcon_core.environment:checking '/home/hilal/ros2_ws/install/last_smooth_controller/bin'
[1.639s] Level 1:colcon.colcon_core.environment:checking '/home/hilal/ros2_ws/install/last_smooth_controller/lib/pkgconfig/last_smooth_controller.pc'
[1.639s] Level 1:colcon.colcon_core.environment:checking '/home/hilal/ros2_ws/install/last_smooth_controller/lib/python3.10/site-packages'
[1.639s] Level 1:colcon.colcon_core.shell:create_environment_hook('last_smooth_controller', 'pythonpath')
[1.639s] INFO:colcon.colcon_core.shell:Creating environment hook '/home/hilal/ros2_ws/install/last_smooth_controller/share/last_smooth_controller/hook/pythonpath.ps1'
[1.640s] INFO:colcon.colcon_core.shell:Creating environment descriptor '/home/hilal/ros2_ws/install/last_smooth_controller/share/last_smooth_controller/hook/pythonpath.dsv'
[1.640s] INFO:colcon.colcon_core.shell:Creating environment hook '/home/hilal/ros2_ws/install/last_smooth_controller/share/last_smooth_controller/hook/pythonpath.sh'
[1.640s] Level 1:colcon.colcon_core.environment:checking '/home/hilal/ros2_ws/install/last_smooth_controller/bin'
[1.640s] Level 1:colcon.colcon_core.environment:create_environment_scripts_only(last_smooth_controller)
[1.640s] INFO:colcon.colcon_core.shell:Creating package script '/home/hilal/ros2_ws/install/last_smooth_controller/share/last_smooth_controller/package.ps1'
[1.641s] INFO:colcon.colcon_core.shell:Creating package descriptor '/home/hilal/ros2_ws/install/last_smooth_controller/share/last_smooth_controller/package.dsv'
[1.641s] INFO:colcon.colcon_core.shell:Creating package script '/home/hilal/ros2_ws/install/last_smooth_controller/share/last_smooth_controller/package.sh'
[1.641s] INFO:colcon.colcon_core.shell:Creating package script '/home/hilal/ros2_ws/install/last_smooth_controller/share/last_smooth_controller/package.bash'
[1.641s] INFO:colcon.colcon_core.shell:Creating package script '/home/hilal/ros2_ws/install/last_smooth_controller/share/last_smooth_controller/package.zsh'
[1.641s] Level 1:colcon.colcon_core.environment:create_file_with_runtime_dependencies(/home/hilal/ros2_ws/install/last_smooth_controller/share/colcon-core/packages/last_smooth_controller)
[3.256s] DEBUG:colcon.colcon_core.event_handler.log_command:Invoked command in '/home/hilal/ros2_ws/build/rplidar_slam' returned '0': CMAKE_PREFIX_PATH=/opt/ros/humble /usr/bin/cmake /home/hilal/ros2_ws/src/rplidar_slam -DCMAKE_INSTALL_PREFIX=/home/hilal/ros2_ws/install/rplidar_slam
[3.258s] DEBUG:colcon.colcon_core.event_handler.log_command:Invoking command in '/home/hilal/ros2_ws/build/rplidar_slam': CMAKE_PREFIX_PATH=/opt/ros/humble /usr/bin/cmake --build /home/hilal/ros2_ws/build/rplidar_slam -- -j16 -l16
[3.300s] DEBUG:colcon.colcon_core.event_handler.log_command:Invoked command in '/home/hilal/ros2_ws/build/rplidar_slam' returned '0': CMAKE_PREFIX_PATH=/opt/ros/humble /usr/bin/cmake --build /home/hilal/ros2_ws/build/rplidar_slam -- -j16 -l16
[3.302s] DEBUG:colcon.colcon_core.event_handler.log_command:Invoking command in '/home/hilal/ros2_ws/build/rplidar_slam': CMAKE_PREFIX_PATH=/opt/ros/humble /usr/bin/cmake --install /home/hilal/ros2_ws/build/rplidar_slam
[3.314s] Level 1:colcon.colcon_core.environment:create_environment_scripts_only(rplidar_slam)
[3.314s] Level 1:colcon.colcon_core.environment:checking '/home/hilal/ros2_ws/install/rplidar_slam' for CMake module files
[3.314s] DEBUG:colcon.colcon_core.event_handler.log_command:Invoked command in '/home/hilal/ros2_ws/build/rplidar_slam' returned '0': CMAKE_PREFIX_PATH=/opt/ros/humble /usr/bin/cmake --install /home/hilal/ros2_ws/build/rplidar_slam
[3.314s] Level 1:colcon.colcon_core.environment:checking '/home/hilal/ros2_ws/install/rplidar_slam' for CMake config files
[3.314s] Level 1:colcon.colcon_core.shell:create_environment_hook('rplidar_slam', 'cmake_prefix_path')
[3.314s] INFO:colcon.colcon_core.shell:Creating environment hook '/home/hilal/ros2_ws/install/rplidar_slam/share/rplidar_slam/hook/cmake_prefix_path.ps1'
[3.315s] INFO:colcon.colcon_core.shell:Creating environment descriptor '/home/hilal/ros2_ws/install/rplidar_slam/share/rplidar_slam/hook/cmake_prefix_path.dsv'
[3.315s] INFO:colcon.colcon_core.shell:Creating environment hook '/home/hilal/ros2_ws/install/rplidar_slam/share/rplidar_slam/hook/cmake_prefix_path.sh'
[3.316s] Level 1:colcon.colcon_core.environment:checking '/home/hilal/ros2_ws/install/rplidar_slam/lib'
[3.316s] Level 1:colcon.colcon_core.environment:checking '/home/hilal/ros2_ws/install/rplidar_slam/bin'
[3.316s] Level 1:colcon.colcon_core.environment:checking '/home/hilal/ros2_ws/install/rplidar_slam/lib/pkgconfig/rplidar_slam.pc'
[3.316s] Level 1:colcon.colcon_core.environment:checking '/home/hilal/ros2_ws/install/rplidar_slam/lib/python3.10/site-packages'
[3.316s] Level 1:colcon.colcon_core.environment:checking '/home/hilal/ros2_ws/install/rplidar_slam/bin'
[3.317s] INFO:colcon.colcon_core.shell:Creating package script '/home/hilal/ros2_ws/install/rplidar_slam/share/rplidar_slam/package.ps1'
[3.317s] INFO:colcon.colcon_core.shell:Creating package descriptor '/home/hilal/ros2_ws/install/rplidar_slam/share/rplidar_slam/package.dsv'
[3.318s] INFO:colcon.colcon_core.shell:Creating package script '/home/hilal/ros2_ws/install/rplidar_slam/share/rplidar_slam/package.sh'
[3.318s] INFO:colcon.colcon_core.shell:Creating package script '/home/hilal/ros2_ws/install/rplidar_slam/share/rplidar_slam/package.bash'
[3.318s] INFO:colcon.colcon_core.shell:Creating package script '/home/hilal/ros2_ws/install/rplidar_slam/share/rplidar_slam/package.zsh'
[3.319s] Level 1:colcon.colcon_core.environment:create_file_with_runtime_dependencies(/home/hilal/ros2_ws/install/rplidar_slam/share/colcon-core/packages/rplidar_slam)
[3.319s] Level 1:colcon.colcon_core.environment:create_environment_scripts_only(rplidar_slam)
[3.320s] Level 1:colcon.colcon_core.environment:checking '/home/hilal/ros2_ws/install/rplidar_slam' for CMake module files
[3.320s] Level 1:colcon.colcon_core.environment:checking '/home/hilal/ros2_ws/install/rplidar_slam' for CMake config files
[3.320s] Level 1:colcon.colcon_core.shell:create_environment_hook('rplidar_slam', 'cmake_prefix_path')
[3.320s] INFO:colcon.colcon_core.shell:Creating environment hook '/home/hilal/ros2_ws/install/rplidar_slam/share/rplidar_slam/hook/cmake_prefix_path.ps1'
[3.321s] INFO:colcon.colcon_core.shell:Creating environment descriptor '/home/hilal/ros2_ws/install/rplidar_slam/share/rplidar_slam/hook/cmake_prefix_path.dsv'
[3.321s] INFO:colcon.colcon_core.shell:Creating environment hook '/home/hilal/ros2_ws/install/rplidar_slam/share/rplidar_slam/hook/cmake_prefix_path.sh'
[3.322s] Level 1:colcon.colcon_core.environment:checking '/home/hilal/ros2_ws/install/rplidar_slam/lib'
[3.322s] Level 1:colcon.colcon_core.environment:checking '/home/hilal/ros2_ws/install/rplidar_slam/bin'
[3.322s] Level 1:colcon.colcon_core.environment:checking '/home/hilal/ros2_ws/install/rplidar_slam/lib/pkgconfig/rplidar_slam.pc'
[3.322s] Level 1:colcon.colcon_core.environment:checking '/home/hilal/ros2_ws/install/rplidar_slam/lib/python3.10/site-packages'
[3.322s] Level 1:colcon.colcon_core.environment:checking '/home/hilal/ros2_ws/install/rplidar_slam/bin'
[3.323s] INFO:colcon.colcon_core.shell:Creating package script '/home/hilal/ros2_ws/install/rplidar_slam/share/rplidar_slam/package.ps1'
[3.323s] INFO:colcon.colcon_core.shell:Creating package descriptor '/home/hilal/ros2_ws/install/rplidar_slam/share/rplidar_slam/package.dsv'
[3.323s] INFO:colcon.colcon_core.shell:Creating package script '/home/hilal/ros2_ws/install/rplidar_slam/share/rplidar_slam/package.sh'
[3.324s] INFO:colcon.colcon_core.shell:Creating package script '/home/hilal/ros2_ws/install/rplidar_slam/share/rplidar_slam/package.bash'
[3.324s] INFO:colcon.colcon_core.shell:Creating package script '/home/hilal/ros2_ws/install/rplidar_slam/share/rplidar_slam/package.zsh'
[3.325s] Level 1:colcon.colcon_core.environment:create_file_with_runtime_dependencies(/home/hilal/ros2_ws/install/rplidar_slam/share/colcon-core/packages/rplidar_slam)
[3.325s] DEBUG:colcon.colcon_parallel_executor.executor.parallel:closing loop
[3.325s] DEBUG:colcon.colcon_parallel_executor.executor.parallel:loop closed
[3.325s] DEBUG:colcon.colcon_parallel_executor.executor.parallel:run_until_complete finished with '0'
[3.325s] DEBUG:colcon.colcon_core.event_reactor:joining thread
[3.331s] INFO:colcon.colcon_core.plugin_system:Skipping extension 'colcon_notification.desktop_notification.terminal_notifier': Not used on non-Darwin systems
[3.332s] INFO:colcon.colcon_core.plugin_system:Skipping extension 'colcon_notification.desktop_notification.win32': Not used on non-Windows systems
[3.332s] INFO:colcon.colcon_notification.desktop_notification:Sending desktop notification using 'notify2'
[3.344s] DEBUG:colcon.colcon_core.event_reactor:joined thread
[3.345s] INFO:colcon.colcon_core.shell:Creating prefix script '/home/hilal/ros2_ws/install/local_setup.ps1'
[3.346s] INFO:colcon.colcon_core.shell:Creating prefix util module '/home/hilal/ros2_ws/install/_local_setup_util_ps1.py'
[3.347s] INFO:colcon.colcon_core.shell:Creating prefix chain script '/home/hilal/ros2_ws/install/setup.ps1'
[3.348s] INFO:colcon.colcon_core.shell:Creating prefix script '/home/hilal/ros2_ws/install/local_setup.sh'
[3.349s] INFO:colcon.colcon_core.shell:Creating prefix util module '/home/hilal/ros2_ws/install/_local_setup_util_sh.py'
[3.350s] INFO:colcon.colcon_core.shell:Creating prefix chain script '/home/hilal/ros2_ws/install/setup.sh'
[3.351s] INFO:colcon.colcon_core.shell:Creating prefix script '/home/hilal/ros2_ws/install/local_setup.bash'
[3.351s] INFO:colcon.colcon_core.shell:Creating prefix chain script '/home/hilal/ros2_ws/install/setup.bash'
[3.352s] INFO:colcon.colcon_core.shell:Creating prefix script '/home/hilal/ros2_ws/install/local_setup.zsh'
[3.353s] INFO:colcon.colcon_core.shell:Creating prefix chain script '/home/hilal/ros2_ws/install/setup.zsh'
