/home/hilal/ros2_ws/install/last_description/lib/python3.10/site-packages/last_description/__init__.py
/home/hilal/ros2_ws/install/last_description/lib/python3.10/site-packages/last_description/controller.py
/home/hilal/ros2_ws/install/last_description/lib/python3.10/site-packages/last_description/__pycache__/__init__.cpython-310.pyc
/home/hilal/ros2_ws/install/last_description/lib/python3.10/site-packages/last_description/__pycache__/controller.cpython-310.pyc
/home/hilal/ros2_ws/install/last_description/share/ament_index/resource_index/packages/last_description
/home/hilal/ros2_ws/install/last_description/share/last_description/package.xml
/home/hilal/ros2_ws/install/last_description/share/last_description/launch/display.launch.py
/home/hilal/ros2_ws/install/last_description/share/last_description/launch/gazebo.launch.py
/home/hilal/ros2_ws/install/last_description/share/last_description/urdf/d435_camera.xacro
/home/hilal/ros2_ws/install/last_description/share/last_description/urdf/last.trans
/home/hilal/ros2_ws/install/last_description/share/last_description/urdf/last.xacro
/home/hilal/ros2_ws/install/last_description/share/last_description/urdf/last.gazebo
/home/hilal/ros2_ws/install/last_description/share/last_description/urdf/imu.xacro
/home/hilal/ros2_ws/install/last_description/share/last_description/urdf/rplidar_s2.xacro
/home/hilal/ros2_ws/install/last_description/share/last_description/urdf/materials.xacro
/home/hilal/ros2_ws/install/last_description/share/last_description/meshes/left_back_leg_v1_1.stl
/home/hilal/ros2_ws/install/last_description/share/last_description/meshes/right_fornt_wheel_v1_1.stl
/home/hilal/ros2_ws/install/last_description/share/last_description/meshes/base_link.stl
/home/hilal/ros2_ws/install/last_description/share/last_description/meshes/right_wheel_back_v1_1.stl
/home/hilal/ros2_ws/install/last_description/share/last_description/meshes/right_mid_wheel_v1_1.stl
/home/hilal/ros2_ws/install/last_description/share/last_description/meshes/right_back_leg_v1_1.stl
/home/hilal/ros2_ws/install/last_description/share/last_description/meshes/left_front_wheel_v1_1.stl
/home/hilal/ros2_ws/install/last_description/share/last_description/meshes/left_back_wheel_v1_1.stl
/home/hilal/ros2_ws/install/last_description/share/last_description/meshes/right_front_leg_v1_1.stl
/home/hilal/ros2_ws/install/last_description/share/last_description/meshes/left_front_leg_v1_1.stl
/home/hilal/ros2_ws/install/last_description/share/last_description/meshes/left_mid_wheel_v1_1.stl
/home/hilal/ros2_ws/install/last_description/share/last_description/config/robot_control.yaml
/home/hilal/ros2_ws/install/last_description/share/last_description/config/display.rviz
/home/hilal/ros2_ws/install/last_description/lib/python3.10/site-packages/last_description-0.0.0-py3.10.egg-info/PKG-INFO
/home/hilal/ros2_ws/install/last_description/lib/python3.10/site-packages/last_description-0.0.0-py3.10.egg-info/SOURCES.txt
/home/hilal/ros2_ws/install/last_description/lib/python3.10/site-packages/last_description-0.0.0-py3.10.egg-info/entry_points.txt
/home/hilal/ros2_ws/install/last_description/lib/python3.10/site-packages/last_description-0.0.0-py3.10.egg-info/zip-safe
/home/hilal/ros2_ws/install/last_description/lib/python3.10/site-packages/last_description-0.0.0-py3.10.egg-info/top_level.txt
/home/hilal/ros2_ws/install/last_description/lib/python3.10/site-packages/last_description-0.0.0-py3.10.egg-info/dependency_links.txt
/home/hilal/ros2_ws/install/last_description/bin/cmd_vel_publisher
/home/hilal/ros2_ws/install/last_description/bin/cmd_vel_subscriber
/home/hilal/ros2_ws/install/last_description/bin/controller
/home/hilal/ros2_ws/install/last_description/bin/joint_state_publisher
/home/hilal/ros2_ws/install/last_description/bin/robot_state_publisher
/home/hilal/ros2_ws/install/last_description/bin/rviz2
