/home/hilal/.local/lib/python3.10/site-packages/setuptools/dist.py:717: UserWarning: Usage of dash-separated 'script-dir' will not be supported in future versions. Please use the underscore name 'script_dir' instead
  warnings.warn(
running egg_info
writing ../../build/robotaksi_description/robotaksi_description.egg-info/PKG-INFO
writing dependency_links to ../../build/robotaksi_description/robotaksi_description.egg-info/dependency_links.txt
writing entry points to ../../build/robotaksi_description/robotaksi_description.egg-info/entry_points.txt
writing requirements to ../../build/robotaksi_description/robotaksi_description.egg-info/requires.txt
writing top-level names to ../../build/robotaksi_description/robotaksi_description.egg-info/top_level.txt
reading manifest file '../../build/robotaksi_description/robotaksi_description.egg-info/SOURCES.txt'
writing manifest file '../../build/robotaksi_description/robotaksi_description.egg-info/SOURCES.txt'
running build
running build_py
running install
running install_lib
running install_data
running install_egg_info
removing '/home/hilal/ros2_ws/install/robotaksi_description/lib/python3.10/site-packages/robotaksi_description-0.0.0-py3.10.egg-info' (and everything under it)
Copying ../../build/robotaksi_description/robotaksi_description.egg-info to /home/hilal/ros2_ws/install/robotaksi_description/lib/python3.10/site-packages/robotaksi_description-0.0.0-py3.10.egg-info
running install_scripts
writing list of installed files to '/home/hilal/ros2_ws/build/robotaksi_description/install.log'
