running egg_info
creating ../../build/last_description/last_description.egg-info
writing ../../build/last_description/last_description.egg-info/PKG-INFO
writing dependency_links to ../../build/last_description/last_description.egg-info/dependency_links.txt
writing entry points to ../../build/last_description/last_description.egg-info/entry_points.txt
writing top-level names to ../../build/last_description/last_description.egg-info/top_level.txt
writing manifest file '../../build/last_description/last_description.egg-info/SOURCES.txt'
reading manifest file '../../build/last_description/last_description.egg-info/SOURCES.txt'
writing manifest file '../../build/last_description/last_description.egg-info/SOURCES.txt'
running build
running build_py
creating /home/hilal/ros2_ws/build/last_description/build
creating /home/hilal/ros2_ws/build/last_description/build/lib
creating /home/hilal/ros2_ws/build/last_description/build/lib/last_description
copying last_description/__init__.py -> /home/hilal/ros2_ws/build/last_description/build/lib/last_description
copying last_description/controller.py -> /home/hilal/ros2_ws/build/last_description/build/lib/last_description
running install
running install_lib
creating /home/hilal/ros2_ws/install/last_description/lib/python3.10/site-packages/last_description
copying /home/hilal/ros2_ws/build/last_description/build/lib/last_description/__init__.py -> /home/hilal/ros2_ws/install/last_description/lib/python3.10/site-packages/last_description
copying /home/hilal/ros2_ws/build/last_description/build/lib/last_description/controller.py -> /home/hilal/ros2_ws/install/last_description/lib/python3.10/site-packages/last_description
byte-compiling /home/hilal/ros2_ws/install/last_description/lib/python3.10/site-packages/last_description/__init__.py to __init__.cpython-310.pyc
byte-compiling /home/hilal/ros2_ws/install/last_description/lib/python3.10/site-packages/last_description/controller.py to controller.cpython-310.pyc
running install_data
creating /home/hilal/ros2_ws/install/last_description/share/ament_index
creating /home/hilal/ros2_ws/install/last_description/share/ament_index/resource_index
creating /home/hilal/ros2_ws/install/last_description/share/ament_index/resource_index/packages
copying resource/last_description -> /home/hilal/ros2_ws/install/last_description/share/ament_index/resource_index/packages
copying package.xml -> /home/hilal/ros2_ws/install/last_description/share/last_description
creating /home/hilal/ros2_ws/install/last_description/share/last_description/launch
copying launch/display.launch.py -> /home/hilal/ros2_ws/install/last_description/share/last_description/launch
copying launch/gazebo.launch.py -> /home/hilal/ros2_ws/install/last_description/share/last_description/launch
creating /home/hilal/ros2_ws/install/last_description/share/last_description/urdf
copying urdf/d435_camera.xacro -> /home/hilal/ros2_ws/install/last_description/share/last_description/urdf
copying urdf/last.trans -> /home/hilal/ros2_ws/install/last_description/share/last_description/urdf
copying urdf/last.xacro -> /home/hilal/ros2_ws/install/last_description/share/last_description/urdf
copying urdf/last.gazebo -> /home/hilal/ros2_ws/install/last_description/share/last_description/urdf
copying urdf/imu.xacro -> /home/hilal/ros2_ws/install/last_description/share/last_description/urdf
copying urdf/rplidar_s2.xacro -> /home/hilal/ros2_ws/install/last_description/share/last_description/urdf
copying urdf/materials.xacro -> /home/hilal/ros2_ws/install/last_description/share/last_description/urdf
creating /home/hilal/ros2_ws/install/last_description/share/last_description/meshes
copying meshes/left_back_leg_v1_1.stl -> /home/hilal/ros2_ws/install/last_description/share/last_description/meshes
copying meshes/right_fornt_wheel_v1_1.stl -> /home/hilal/ros2_ws/install/last_description/share/last_description/meshes
copying meshes/base_link.stl -> /home/hilal/ros2_ws/install/last_description/share/last_description/meshes
copying meshes/right_wheel_back_v1_1.stl -> /home/hilal/ros2_ws/install/last_description/share/last_description/meshes
copying meshes/right_mid_wheel_v1_1.stl -> /home/hilal/ros2_ws/install/last_description/share/last_description/meshes
copying meshes/right_back_leg_v1_1.stl -> /home/hilal/ros2_ws/install/last_description/share/last_description/meshes
copying meshes/left_front_wheel_v1_1.stl -> /home/hilal/ros2_ws/install/last_description/share/last_description/meshes
copying meshes/left_back_wheel_v1_1.stl -> /home/hilal/ros2_ws/install/last_description/share/last_description/meshes
copying meshes/right_front_leg_v1_1.stl -> /home/hilal/ros2_ws/install/last_description/share/last_description/meshes
copying meshes/left_front_leg_v1_1.stl -> /home/hilal/ros2_ws/install/last_description/share/last_description/meshes
copying meshes/left_mid_wheel_v1_1.stl -> /home/hilal/ros2_ws/install/last_description/share/last_description/meshes
creating /home/hilal/ros2_ws/install/last_description/share/last_description/config
copying config/robot_control.yaml -> /home/hilal/ros2_ws/install/last_description/share/last_description/config
copying config/display.rviz -> /home/hilal/ros2_ws/install/last_description/share/last_description/config
running install_egg_info
Copying ../../build/last_description/last_description.egg-info to /home/hilal/ros2_ws/install/last_description/lib/python3.10/site-packages/last_description-0.0.0-py3.10.egg-info
running install_scripts
Installing cmd_vel_publisher script to /home/hilal/ros2_ws/install/last_description/bin
Installing cmd_vel_subscriber script to /home/hilal/ros2_ws/install/last_description/bin
Installing controller script to /home/hilal/ros2_ws/install/last_description/bin
Installing joint_state_publisher script to /home/hilal/ros2_ws/install/last_description/bin
Installing robot_state_publisher script to /home/hilal/ros2_ws/install/last_description/bin
Installing rviz2 script to /home/hilal/ros2_ws/install/last_description/bin
writing list of installed files to '/home/hilal/ros2_ws/build/last_description/install.log'
