[0.590s] Invoking command in '/home/hilal/ros2_ws/src/last_description': PYTHONPATH=/home/hilal/ros2_ws/build/last_description/prefix_override:/usr/lib/python3/dist-packages/colcon_core/task/python/colcon_distutils_commands:/home/hilal/ros2_ws/install/last_description/lib/python3.10/site-packages:${PYTHONPATH} /usr/bin/python3 -W ignore:setup.py install is deprecated -W ignore:easy_install command is deprecated setup.py egg_info --egg-base ../../build/last_description build --build-base /home/hilal/ros2_ws/build/last_description/build install --record /home/hilal/ros2_ws/build/last_description/install.log --single-version-externally-managed install_data
[0.746s] running egg_info
[0.746s] creating ../../build/last_description/last_description.egg-info
[0.746s] writing ../../build/last_description/last_description.egg-info/PKG-INFO
[0.747s] writing dependency_links to ../../build/last_description/last_description.egg-info/dependency_links.txt
[0.747s] writing entry points to ../../build/last_description/last_description.egg-info/entry_points.txt
[0.747s] writing top-level names to ../../build/last_description/last_description.egg-info/top_level.txt
[0.747s] writing manifest file '../../build/last_description/last_description.egg-info/SOURCES.txt'
[0.748s] reading manifest file '../../build/last_description/last_description.egg-info/SOURCES.txt'
[0.748s] writing manifest file '../../build/last_description/last_description.egg-info/SOURCES.txt'
[0.748s] running build
[0.748s] running build_py
[0.748s] creating /home/hilal/ros2_ws/build/last_description/build
[0.749s] creating /home/hilal/ros2_ws/build/last_description/build/lib
[0.749s] creating /home/hilal/ros2_ws/build/last_description/build/lib/last_description
[0.749s] copying last_description/__init__.py -> /home/hilal/ros2_ws/build/last_description/build/lib/last_description
[0.749s] copying last_description/controller.py -> /home/hilal/ros2_ws/build/last_description/build/lib/last_description
[0.749s] running install
[0.749s] running install_lib
[0.749s] creating /home/hilal/ros2_ws/install/last_description/lib/python3.10/site-packages/last_description
[0.749s] copying /home/hilal/ros2_ws/build/last_description/build/lib/last_description/__init__.py -> /home/hilal/ros2_ws/install/last_description/lib/python3.10/site-packages/last_description
[0.749s] copying /home/hilal/ros2_ws/build/last_description/build/lib/last_description/controller.py -> /home/hilal/ros2_ws/install/last_description/lib/python3.10/site-packages/last_description
[0.749s] byte-compiling /home/hilal/ros2_ws/install/last_description/lib/python3.10/site-packages/last_description/__init__.py to __init__.cpython-310.pyc
[0.749s] byte-compiling /home/hilal/ros2_ws/install/last_description/lib/python3.10/site-packages/last_description/controller.py to controller.cpython-310.pyc
[0.750s] running install_data
[0.750s] creating /home/hilal/ros2_ws/install/last_description/share/ament_index
[0.750s] creating /home/hilal/ros2_ws/install/last_description/share/ament_index/resource_index
[0.750s] creating /home/hilal/ros2_ws/install/last_description/share/ament_index/resource_index/packages
[0.750s] copying resource/last_description -> /home/hilal/ros2_ws/install/last_description/share/ament_index/resource_index/packages
[0.750s] copying package.xml -> /home/hilal/ros2_ws/install/last_description/share/last_description
[0.750s] creating /home/hilal/ros2_ws/install/last_description/share/last_description/launch
[0.750s] copying launch/display.launch.py -> /home/hilal/ros2_ws/install/last_description/share/last_description/launch
[0.751s] copying launch/gazebo.launch.py -> /home/hilal/ros2_ws/install/last_description/share/last_description/launch
[0.751s] creating /home/hilal/ros2_ws/install/last_description/share/last_description/urdf
[0.751s] copying urdf/d435_camera.xacro -> /home/hilal/ros2_ws/install/last_description/share/last_description/urdf
[0.751s] copying urdf/last.trans -> /home/hilal/ros2_ws/install/last_description/share/last_description/urdf
[0.751s] copying urdf/last.xacro -> /home/hilal/ros2_ws/install/last_description/share/last_description/urdf
[0.751s] copying urdf/last.gazebo -> /home/hilal/ros2_ws/install/last_description/share/last_description/urdf
[0.751s] copying urdf/imu.xacro -> /home/hilal/ros2_ws/install/last_description/share/last_description/urdf
[0.751s] copying urdf/rplidar_s2.xacro -> /home/hilal/ros2_ws/install/last_description/share/last_description/urdf
[0.751s] copying urdf/materials.xacro -> /home/hilal/ros2_ws/install/last_description/share/last_description/urdf
[0.751s] creating /home/hilal/ros2_ws/install/last_description/share/last_description/meshes
[0.751s] copying meshes/left_back_leg_v1_1.stl -> /home/hilal/ros2_ws/install/last_description/share/last_description/meshes
[0.751s] copying meshes/right_fornt_wheel_v1_1.stl -> /home/hilal/ros2_ws/install/last_description/share/last_description/meshes
[0.751s] copying meshes/base_link.stl -> /home/hilal/ros2_ws/install/last_description/share/last_description/meshes
[0.752s] copying meshes/right_wheel_back_v1_1.stl -> /home/hilal/ros2_ws/install/last_description/share/last_description/meshes
[0.752s] copying meshes/right_mid_wheel_v1_1.stl -> /home/hilal/ros2_ws/install/last_description/share/last_description/meshes
[0.752s] copying meshes/right_back_leg_v1_1.stl -> /home/hilal/ros2_ws/install/last_description/share/last_description/meshes
[0.753s] copying meshes/left_front_wheel_v1_1.stl -> /home/hilal/ros2_ws/install/last_description/share/last_description/meshes
[0.753s] copying meshes/left_back_wheel_v1_1.stl -> /home/hilal/ros2_ws/install/last_description/share/last_description/meshes
[0.754s] copying meshes/right_front_leg_v1_1.stl -> /home/hilal/ros2_ws/install/last_description/share/last_description/meshes
[0.754s] copying meshes/left_front_leg_v1_1.stl -> /home/hilal/ros2_ws/install/last_description/share/last_description/meshes
[0.755s] copying meshes/left_mid_wheel_v1_1.stl -> /home/hilal/ros2_ws/install/last_description/share/last_description/meshes
[0.756s] creating /home/hilal/ros2_ws/install/last_description/share/last_description/config
[0.756s] copying config/robot_control.yaml -> /home/hilal/ros2_ws/install/last_description/share/last_description/config
[0.756s] copying config/display.rviz -> /home/hilal/ros2_ws/install/last_description/share/last_description/config
[0.756s] running install_egg_info
[0.757s] Copying ../../build/last_description/last_description.egg-info to /home/hilal/ros2_ws/install/last_description/lib/python3.10/site-packages/last_description-0.0.0-py3.10.egg-info
[0.757s] running install_scripts
[0.770s] Installing cmd_vel_publisher script to /home/hilal/ros2_ws/install/last_description/bin
[0.770s] Installing cmd_vel_subscriber script to /home/hilal/ros2_ws/install/last_description/bin
[0.770s] Installing controller script to /home/hilal/ros2_ws/install/last_description/bin
[0.770s] Installing joint_state_publisher script to /home/hilal/ros2_ws/install/last_description/bin
[0.770s] Installing robot_state_publisher script to /home/hilal/ros2_ws/install/last_description/bin
[0.770s] Installing rviz2 script to /home/hilal/ros2_ws/install/last_description/bin
[0.770s] writing list of installed files to '/home/hilal/ros2_ws/build/last_description/install.log'
[0.787s] Invoked command in '/home/hilal/ros2_ws/src/last_description' returned '0': PYTHONPATH=/home/hilal/ros2_ws/build/last_description/prefix_override:/usr/lib/python3/dist-packages/colcon_core/task/python/colcon_distutils_commands:/home/hilal/ros2_ws/install/last_description/lib/python3.10/site-packages:${PYTHONPATH} /usr/bin/python3 -W ignore:setup.py install is deprecated -W ignore:easy_install command is deprecated setup.py egg_info --egg-base ../../build/last_description build --build-base /home/hilal/ros2_ws/build/last_description/build install --record /home/hilal/ros2_ws/build/last_description/install.log --single-version-externally-managed install_data
