-- Install configuration: ""
-- Up-to-date: /home/hilal/ros2_ws/install/robot_slam/share/robot_slam/config
-- Up-to-date: /home/hilal/ros2_ws/install/robot_slam/share/robot_slam/config/slam_toolbox_params.yaml
-- Up-to-date: /home/hilal/ros2_ws/install/robot_slam/share/robot_slam/config/amcl.config.yaml
-- Up-to-date: /home/hilal/ros2_ws/install/robot_slam/share/robot_slam/launch
-- Up-to-date: /home/hilal/ros2_ws/install/robot_slam/share/robot_slam/launch/amcl.launch.py
-- Up-to-date: /home/hilal/ros2_ws/install/robot_slam/share/robot_slam/launch/mapping.launch.py
-- Up-to-date: /home/hilal/ros2_ws/install/robot_slam/share/robot_slam/maps
-- Up-to-date: /home/hilal/ros2_ws/install/robot_slam/share/robot_slam/maps/new_boxes_map.yaml
-- Up-to-date: /home/hilal/ros2_ws/install/robot_slam/share/robot_slam/maps/new_boxes_map_serialize.data
-- Up-to-date: /home/hilal/ros2_ws/install/robot_slam/share/robot_slam/maps/boxes_map_serial.posegraph
-- Up-to-date: /home/hilal/ros2_ws/install/robot_slam/share/robot_slam/maps/new_boxes_map.pgm
-- Up-to-date: /home/hilal/ros2_ws/install/robot_slam/share/robot_slam/maps/new_boxes_map_serialize.posegraph
-- Up-to-date: /home/hilal/ros2_ws/install/robot_slam/share/robot_slam/maps/boxes_map.pgm
-- Up-to-date: /home/hilal/ros2_ws/install/robot_slam/share/robot_slam/maps/boxes_map_serial.data
-- Up-to-date: /home/hilal/ros2_ws/install/robot_slam/share/robot_slam/maps/boxes_map.yaml
-- Up-to-date: /home/hilal/ros2_ws/install/robot_slam/share/ament_index/resource_index/package_run_dependencies/robot_slam
-- Up-to-date: /home/hilal/ros2_ws/install/robot_slam/share/ament_index/resource_index/parent_prefix_path/robot_slam
-- Up-to-date: /home/hilal/ros2_ws/install/robot_slam/share/robot_slam/environment/ament_prefix_path.sh
-- Up-to-date: /home/hilal/ros2_ws/install/robot_slam/share/robot_slam/environment/ament_prefix_path.dsv
-- Up-to-date: /home/hilal/ros2_ws/install/robot_slam/share/robot_slam/environment/path.sh
-- Up-to-date: /home/hilal/ros2_ws/install/robot_slam/share/robot_slam/environment/path.dsv
-- Up-to-date: /home/hilal/ros2_ws/install/robot_slam/share/robot_slam/local_setup.bash
-- Up-to-date: /home/hilal/ros2_ws/install/robot_slam/share/robot_slam/local_setup.sh
-- Up-to-date: /home/hilal/ros2_ws/install/robot_slam/share/robot_slam/local_setup.zsh
-- Up-to-date: /home/hilal/ros2_ws/install/robot_slam/share/robot_slam/local_setup.dsv
-- Up-to-date: /home/hilal/ros2_ws/install/robot_slam/share/robot_slam/package.dsv
-- Up-to-date: /home/hilal/ros2_ws/install/robot_slam/share/ament_index/resource_index/packages/robot_slam
-- Up-to-date: /home/hilal/ros2_ws/install/robot_slam/share/robot_slam/cmake/robot_slamConfig.cmake
-- Up-to-date: /home/hilal/ros2_ws/install/robot_slam/share/robot_slam/cmake/robot_slamConfig-version.cmake
-- Up-to-date: /home/hilal/ros2_ws/install/robot_slam/share/robot_slam/package.xml
