[0.184s] Invoking command in '/home/hilal/ros2_ws/build/robot_slam': CMAKE_PREFIX_PATH=${CMAKE_PREFIX_PATH}:/home/hilal/ros2_ws/install/robotaksi_description:/home/hilal/ros2_ws/install/last_smooth_controller:/home/hilal/ros2_ws/install/last_description:/opt/ros/humble /usr/bin/cmake --build /home/hilal/ros2_ws/build/robot_slam -- -j16 -l16
[0.364s] Invoked command in '/home/hilal/ros2_ws/build/robot_slam' returned '0': CMAKE_PREFIX_PATH=${CMAKE_PREFIX_PATH}:/home/hilal/ros2_ws/install/robotaksi_description:/home/hilal/ros2_ws/install/last_smooth_controller:/home/hilal/ros2_ws/install/last_description:/opt/ros/humble /usr/bin/cmake --build /home/hilal/ros2_ws/build/robot_slam -- -j16 -l16
[0.372s] Invoking command in '/home/hilal/ros2_ws/build/robot_slam': CMAKE_PREFIX_PATH=${CMAKE_PREFIX_PATH}:/home/hilal/ros2_ws/install/robotaksi_description:/home/hilal/ros2_ws/install/last_smooth_controller:/home/hilal/ros2_ws/install/last_description:/opt/ros/humble /usr/bin/cmake --install /home/hilal/ros2_ws/build/robot_slam
[0.382s] -- Install configuration: ""
[0.382s] -- Up-to-date: /home/hilal/ros2_ws/install/robot_slam/share/robot_slam/config
[0.382s] -- Up-to-date: /home/hilal/ros2_ws/install/robot_slam/share/robot_slam/config/slam_toolbox_params.yaml
[0.383s] -- Up-to-date: /home/hilal/ros2_ws/install/robot_slam/share/robot_slam/config/amcl.config.yaml
[0.383s] -- Up-to-date: /home/hilal/ros2_ws/install/robot_slam/share/robot_slam/launch
[0.383s] -- Up-to-date: /home/hilal/ros2_ws/install/robot_slam/share/robot_slam/launch/amcl.launch.py
[0.383s] -- Up-to-date: /home/hilal/ros2_ws/install/robot_slam/share/robot_slam/launch/mapping.launch.py
[0.383s] -- Up-to-date: /home/hilal/ros2_ws/install/robot_slam/share/robot_slam/maps
[0.383s] -- Up-to-date: /home/hilal/ros2_ws/install/robot_slam/share/robot_slam/maps/new_boxes_map.yaml
[0.383s] -- Up-to-date: /home/hilal/ros2_ws/install/robot_slam/share/robot_slam/maps/new_boxes_map_serialize.data
[0.383s] -- Up-to-date: /home/hilal/ros2_ws/install/robot_slam/share/robot_slam/maps/boxes_map_serial.posegraph
[0.383s] -- Up-to-date: /home/hilal/ros2_ws/install/robot_slam/share/robot_slam/maps/new_boxes_map.pgm
[0.383s] -- Up-to-date: /home/hilal/ros2_ws/install/robot_slam/share/robot_slam/maps/new_boxes_map_serialize.posegraph
[0.383s] -- Up-to-date: /home/hilal/ros2_ws/install/robot_slam/share/robot_slam/maps/boxes_map.pgm
[0.384s] -- Up-to-date: /home/hilal/ros2_ws/install/robot_slam/share/robot_slam/maps/boxes_map_serial.data
[0.384s] -- Up-to-date: /home/hilal/ros2_ws/install/robot_slam/share/robot_slam/maps/boxes_map.yaml
[0.384s] -- Up-to-date: /home/hilal/ros2_ws/install/robot_slam/share/ament_index/resource_index/package_run_dependencies/robot_slam
[0.384s] -- Up-to-date: /home/hilal/ros2_ws/install/robot_slam/share/ament_index/resource_index/parent_prefix_path/robot_slam
[0.384s] -- Up-to-date: /home/hilal/ros2_ws/install/robot_slam/share/robot_slam/environment/ament_prefix_path.sh
[0.384s] -- Up-to-date: /home/hilal/ros2_ws/install/robot_slam/share/robot_slam/environment/ament_prefix_path.dsv
[0.384s] -- Up-to-date: /home/hilal/ros2_ws/install/robot_slam/share/robot_slam/environment/path.sh
[0.384s] -- Up-to-date: /home/hilal/ros2_ws/install/robot_slam/share/robot_slam/environment/path.dsv
[0.384s] -- Up-to-date: /home/hilal/ros2_ws/install/robot_slam/share/robot_slam/local_setup.bash
[0.384s] -- Up-to-date: /home/hilal/ros2_ws/install/robot_slam/share/robot_slam/local_setup.sh
[0.384s] -- Up-to-date: /home/hilal/ros2_ws/install/robot_slam/share/robot_slam/local_setup.zsh
[0.384s] -- Up-to-date: /home/hilal/ros2_ws/install/robot_slam/share/robot_slam/local_setup.dsv
[0.384s] -- Up-to-date: /home/hilal/ros2_ws/install/robot_slam/share/robot_slam/package.dsv
[0.385s] -- Up-to-date: /home/hilal/ros2_ws/install/robot_slam/share/ament_index/resource_index/packages/robot_slam
[0.385s] -- Up-to-date: /home/hilal/ros2_ws/install/robot_slam/share/robot_slam/cmake/robot_slamConfig.cmake
[0.385s] -- Up-to-date: /home/hilal/ros2_ws/install/robot_slam/share/robot_slam/cmake/robot_slamConfig-version.cmake
[0.385s] -- Up-to-date: /home/hilal/ros2_ws/install/robot_slam/share/robot_slam/package.xml
[0.386s] Invoked command in '/home/hilal/ros2_ws/build/robot_slam' returned '0': CMAKE_PREFIX_PATH=${CMAKE_PREFIX_PATH}:/home/hilal/ros2_ws/install/robotaksi_description:/home/hilal/ros2_ws/install/last_smooth_controller:/home/hilal/ros2_ws/install/last_description:/opt/ros/humble /usr/bin/cmake --install /home/hilal/ros2_ws/build/robot_slam
